This is LuaHBTeX, Version 1.16.0 (TeX Live 2023)  (format=lualatex 2023.10.26)  28 NOV 2023 22:51
 system commands enabled.
 file:line:error style messages enabled.
**B4.tex
(./B4.tex
LaTeX2e <2022-11-01> patch level 1
Lua module: luaotfload 2022-10-03 3.23 Lua based OpenType font support
Lua module: lualibs 2022-10-04 2.75 ConTeXt Lua standard libraries.
Lua module: lualibs-extended 2022-10-04 2.75 ConTeXt Lua libraries -- extended collection.
luaotfload | conf : Root cache directory is "/Users/hiraiyuuware/Library/texlive/2023/texmf-var/luatex-cache/generic/names".
luaotfload | init : Loading fontloader "fontloader-2022-10-03.lua" from kpse-resolved path "/usr/local/texlive/2023/texmf-dist/tex/luatex/luaotfload/fontloader-2022-10-03.lua".
Lua-only attribute luaotfload@noligature = 1
luaotfload | init : Context OpenType loader version 3.120
Inserting `luaotfload.node_processor' in `pre_linebreak_filter'.
Inserting `luaotfload.node_processor' in `hpack_filter'.
Inserting `luaotfload.glyph_stream' in `glyph_stream_provider'.
Inserting `luaotfload.define_font' in `define_font'.
Lua-only attribute luaotfload_color_attribute = 2
luaotfload | conf : Root cache directory is "/Users/hiraiyuuware/Library/texlive/2023/texmf-var/luatex-cache/generic/names".
Inserting `luaotfload.harf.strip_prefix' in `find_opentype_file'.
Inserting `luaotfload.harf.strip_prefix' in `find_truetype_file'.
Removing  `luaotfload.glyph_stream' from `glyph_stream_provider'.
Inserting `luaotfload.harf.glyphstream' in `glyph_stream_provider'.
Inserting `luaotfload.harf.finalize_vlist' in `post_linebreak_filter'.
Inserting `luaotfload.harf.finalize_hlist' in `hpack_filter'.
Inserting `luaotfload.cleanup_files' in `wrapup_run'.
Inserting `luaotfload.harf.finalize_unicode' in `finish_pdffile'.
Inserting `luaotfload.glyphinfo' in `glyph_info'.
Lua-only attribute luaotfload.letterspace_done = 3
Inserting `luaotfload.aux.set_sscale_dimens' in `luaotfload.patch_font'.
Inserting `luaotfload.aux.set_font_index' in `luaotfload.patch_font'.
Inserting `luaotfload.aux.patch_cambria_domh' in `luaotfload.patch_font'.
Inserting `luaotfload.aux.fixup_fontdata' in `luaotfload.patch_font_unsafe'.
Inserting `luaotfload.aux.set_capheight' in `luaotfload.patch_font'.
Inserting `luaotfload.aux.set_xheight' in `luaotfload.patch_font'.
Inserting `luaotfload.rewrite_fontname' in `luaotfload.patch_font'. L3 programming layer <2023-02-22>
Inserting `tracingstacklevels' in `input_level_string'. (/usr/local/texlive/2023/texmf-dist/tex/luatex/luatexja/ltjsarticle.cls
Document Class: ltjsarticle 2022/09/12 ltjsclasses 
(/usr/local/texlive/2023/texmf-dist/tex/luatex/luatexja/luatexja.sty
Package: luatexja 2023-02-11 Japanese Typesetting with Lua(La)TeX
 (/usr/local/texlive/2023/texmf-dist/tex/luatex/luatexja/luatexja-core.sty
Package: luatexja-core 2023-02-11 Core of LuaTeX-ja
 (/usr/local/texlive/2023/texmf-dist/tex/luatex/luatexbase/luatexbase.sty
Package: luatexbase 2015/10/04 v1.3 luatexbase interface to LuaTeX 
 (/usr/local/texlive/2023/texmf-dist/tex/luatex/ctablestack/ctablestack.sty
Package: ctablestack 2015/10/01 v1.0 Catcode table stable support
\@catcodetablestackcnt=\count183
)
\CatcodeTableOther=\catcodetable12
\CatcodeTableExpl=\catcodetable13
) (/usr/local/texlive/2023/texmf-dist/tex/generic/ltxcmds/ltxcmds.sty
Package: ltxcmds 2020-05-10 v1.25 LaTeX kernel commands for general use (HO)
) (/usr/local/texlive/2023/texmf-dist/tex/generic/pdftexcmds/pdftexcmds.sty
Package: pdftexcmds 2020-06-27 v0.33 Utility functions of pdfTeX for LuaTeX (HO)
 (/usr/local/texlive/2023/texmf-dist/tex/generic/infwarerr/infwarerr.sty
Package: infwarerr 2019/12/03 v1.5 Providing info/warning/error messages (HO)
) (/usr/local/texlive/2023/texmf-dist/tex/generic/iftex/iftex.sty
Package: iftex 2022/02/03 v1.0f TeX engine tests
)
Package pdftexcmds Info: \pdf@primitive is available.
Package pdftexcmds Info: \pdf@ifprimitive is available.
Package pdftexcmds Info: \pdfdraftmode found.
\pdftexcmds@toks=\toks16
) (/usr/local/texlive/2023/texmf-dist/tex/latex/xkeyval/xkeyval.sty
Package: xkeyval 2022/06/16 v2.9 package option processing (HA)
 (/usr/local/texlive/2023/texmf-dist/tex/generic/xkeyval/xkeyval.tex (/usr/local/texlive/2023/texmf-dist/tex/generic/xkeyval/xkvutils.tex
\XKV@toks=\toks17
\XKV@tempa@toks=\toks18
 (/usr/local/texlive/2023/texmf-dist/tex/generic/xkeyval/keyval.tex))
\XKV@depth=\count184
File: xkeyval.tex 2014/12/03 v2.7a key=value parser (HA)
)) (/usr/local/texlive/2023/texmf-dist/tex/latex/etoolbox/etoolbox.sty
Package: etoolbox 2020/10/05 v2.5k e-TeX tools for LaTeX (JAW)
\etb@tempcnta=\count185
) (/usr/local/texlive/2023/texmf-dist/tex/latex/everyhook/everyhook.sty
(/usr/local/texlive/2023/texmf-dist/tex/latex/svn-prov/svn-prov.sty
Package: svn-prov 2010/04/24 v3.1862 Package Date/Version from SVN Keywords
)
Package: everyhook 2014/11/26 v1.2 (SVN Rev: 12)\ Hooks for low level TeX everyX primitives.
\everypar=\toks19
\frozen@everymath=\toks20
\frozen@everydisplay=\toks21
\everyhbox=\toks22
\everyvbox=\toks23
\everycr=\toks24
)
\ltjlineendcomment=\count186
\ltj@dimen@zw=\dimen139
\ltj@dimen@zh=\dimen140
\ltj@dimen@jQ=\dimen141
\ltj@icflag=\attribute4
\ltj@curjfnt=\attribute5
\ltj@curtfnt=\attribute6
\ltj@charclass=\attribute7
\ltj@charcode=\attribute8
\ltj@autospc=\attribute9
\ltj@autoxspc=\attribute10
\ltj@yablshift=\attribute11
\ltj@ykblshift=\attribute12
\ltj@tablshift=\attribute13
\ltj@tkblshift=\attribute14
\jfam=\attribute15
\ltj@vert@ori=\attribute16
\ltj@dir=\attribute17
\ltj@@japanese=\language2
\ltj@tempcnta=\count187
\ltj@tempdima=\dimen142
\ltj@@stack=\count188
\ltj@@group@level=\count189
\ltj@kcat0=\attribute18
\ltj@kcat1=\attribute19
\ltj@kcat2=\attribute20
\ltj@kcat3=\attribute21
\ltj@kcat4=\attribute22
\ltj@kcat5=\attribute23
\ltj@kcat6=\attribute24
Custom whatsit inhibitglue = 1
Custom whatsit stack_marker = 2
Custom whatsit begin_par = 3
Custom whatsit direction = 4
Custom whatsit box_boundary = 5
Custom whatsit ja_al_boundary = 6(load cache: ltj-cid-auto-adobe-japan1.luc)
Lua module: luatexja.charrange 2022-08-19 Handling the range of Japanese characters
Lua module: luatexja.stack 2022-08-20 LuaTeX-ja stack system
Inserting `ltj.create_dir_whatsit' in `hpack_filter'.
Inserting `ltj.create_dir_whatsit' in `post_linebreak_filter'.
Inserting `ltj.direction' in `vpack_filter'.
Inserting `ltj.direction' in `pre_output_filter'.
Inserting `ltj.lineskip' in `post_linebreak_filter'.
Inserting `ltj.lineskip' in `append_to_vlist_filter'.
Lua module: luatexja.jfont 2022-08-20 Loader for Japanese fonts
Removing  `luaotfload.define_font' from `define_font'.
Inserting `luatexja.font_callback' in `define_font'.
Removing  `luaotfload.aux.set_sscale_dimens' from `luaotfload.patch_font'.
Removing  `luaotfload.aux.set_font_index' from `luaotfload.patch_font'.
Removing  `luaotfload.aux.patch_cambria_domh' from `luaotfload.patch_font'.
Removing  `luaotfload.aux.set_capheight' from `luaotfload.patch_font'.
Removing  `luaotfload.aux.set_xheight' from `luaotfload.patch_font'.
Removing  `luaotfload.rewrite_fontname' from `luaotfload.patch_font'.
Inserting `ltj.prepare_extra_data' in `luaotfload.patch_font'.
Inserting `luaotfload.aux.set_sscale_dimens' in `luaotfload.patch_font'.
Inserting `luaotfload.aux.set_font_index' in `luaotfload.patch_font'.
Inserting `luaotfload.aux.patch_cambria_domh' in `luaotfload.patch_font'.
Inserting `luaotfload.aux.set_capheight' in `luaotfload.patch_font'.
Inserting `luaotfload.aux.set_xheight' in `luaotfload.patch_font'.
Inserting `luaotfload.rewrite_fontname' in `luaotfload.patch_font'.
Inserting `ltj.prepare_extra_data' in `luatexja.define_font'.
Inserting `ltj.get_vert_form' in `luatexja.define_jfont'.
Removing  `ltj.prepare_extra_data' from `luaotfload.patch_font'.
Removing  `luaotfload.aux.set_sscale_dimens' from `luaotfload.patch_font'.
Removing  `luaotfload.aux.set_font_index' from `luaotfload.patch_font'.
Removing  `luaotfload.aux.patch_cambria_domh' from `luaotfload.patch_font'.
Removing  `luaotfload.aux.set_capheight' from `luaotfload.patch_font'.
Removing  `luaotfload.aux.set_xheight' from `luaotfload.patch_font'.
Removing  `luaotfload.rewrite_fontname' from `luaotfload.patch_font'.
Inserting `ltj.supply_tounicode' in `luaotfload.patch_font'.
Inserting `ltj.prepare_extra_data' in `luaotfload.patch_font'.
Inserting `luaotfload.aux.set_sscale_dimens' in `luaotfload.patch_font'.
Inserting `luaotfload.aux.set_font_index' in `luaotfload.patch_font'.
Inserting `luaotfload.aux.patch_cambria_domh' in `luaotfload.patch_font'.
Inserting `luaotfload.aux.set_capheight' in `luaotfload.patch_font'.
Inserting `luaotfload.aux.set_xheight' in `luaotfload.patch_font'.
Inserting `luaotfload.rewrite_fontname' in `luaotfload.patch_font'.
Inserting `ltj.process_input_buffer' in `process_input_buffer'.
Inserting `ltj.hyphenate' in `hyphenate'.
Removing  `luaotfload.node_processor' from `hpack_filter'.
Removing  `luaotfload.harf.finalize_hlist' from `hpack_filter'.
Removing  `ltj.create_dir_whatsit' from `hpack_filter'.
Inserting `ltj.set_stack_level' in `hpack_filter'.
Inserting `luaotfload.node_processor' in `hpack_filter'.
Inserting `luaotfload.harf.finalize_hlist' in `hpack_filter'.
Inserting `ltj.create_dir_whatsit' in `hpack_filter'.
Removing  `luaotfload.node_processor' from `pre_linebreak_filter'.
Inserting `ltj.set_stack_level' in `pre_linebreak_filter'.
Inserting `luaotfload.node_processor' in `pre_linebreak_filter'.
Lua module: luatexja.jfmglue 2022-08-29 Insertion process of JFM glues, [x]kanjiskip and others
Inserting `luatexja.beginpar.np_info' in `luatexja.jfmglue.whatsit_getinfo'.
Inserting `luatexja.beginpar.np_info_after' in `luatexja.jfmglue.whatsit_after'.
Inserting `ltj.mlist_to_hlist_pre' in `pre_mlist_to_hlist_filter'.
Inserting `ltj.main' in `pre_linebreak_filter'.
Removing  `luaotfload.harf.finalize_hlist' from `hpack_filter'.
Removing  `ltj.create_dir_whatsit' from `hpack_filter'.
Inserting `ltj.main' in `hpack_filter'.
Inserting `luaotfload.harf.finalize_hlist' in `hpack_filter'.
Inserting `ltj.create_dir_whatsit' in `hpack_filter'.
Removing  `ltj.set_stack_level' from `pre_linebreak_filter'.
Removing  `luaotfload.node_processor' from `pre_linebreak_filter'.
Removing  `ltj.main' from `pre_linebreak_filter'.
Inserting `ltj.adjust_icflag' in `pre_linebreak_filter'.
Inserting `ltj.set_stack_level' in `pre_linebreak_filter'.
Inserting `luaotfload.node_processor' in `pre_linebreak_filter'.
Inserting `ltj.main' in `pre_linebreak_filter'.
Removing  `ltj.set_stack_level' from `hpack_filter'.
Removing  `luaotfload.node_processor' from `hpack_filter'.
Removing  `ltj.main' from `hpack_filter'.
Removing  `luaotfload.harf.finalize_hlist' from `hpack_filter'.
Removing  `ltj.create_dir_whatsit' from `hpack_filter'.
Inserting `ltj.adjust_icflag' in `hpack_filter'.
Inserting `ltj.set_stack_level' in `hpack_filter'.
Inserting `luaotfload.node_processor' in `hpack_filter'.
Inserting `ltj.main' in `hpack_filter'.
Inserting `luaotfload.harf.finalize_hlist' in `hpack_filter'.
Inserting `ltj.create_dir_whatsit' in `hpack_filter'. (/usr/local/texlive/2023/texmf-dist/tex/luatex/luatexja/ltj-base.sty
Package: ltj-base 2021-03-16
\ltj@tempcntb=\count190
\ltj@tempcntc=\count191
\ltj@afbox=\box51
)
\ltj@@italic@inner=\luafunction26
\ltj@@start@time@measure@inner=\luafunction27
\ltj@@stop@time@measure@inner=\luafunction28
\ltj@@jfont@inner=\luafunction29
\ltj@zw@inner=\luafunction30
\ltj@zh@inner=\luafunction31
\ltj@reset@globaldefs@inner=\luafunction32
\ltj@restore@globaldefs@inner=\luafunction33
\ltj@@disihb@inner=\luafunction34
\ltj@@ihb@inner=\luafunction35
\ltj@@fakeparbegin@inner=\luafunction36
\ltj@@fakeboxbdd@inner=\luafunction37
\ltj@@ins@xk@inner=\luafunction38
\ltj@@ins@k@inner=\luafunction39
\ltjsetkanjiskip@inner=\luafunction40
\ltjsetxkanjiskip@inner=\luafunction41
\ltj@@getparam@one@inner=\luafunction42
\ltj@alljachar@inner=\luafunction43
\ltj@@lua@populate@insertwhatsit@inner=\luafunction44
\ltj@@vadjust@begin@inner=\luafunction45
\ltj@@vadjust@dirhook@inner=\luafunction46
\ltj@@vadjust@check@dir@inner=\luafunction47
\ltj@@box@dirhook@inner=\luafunction48
\ltj@@reset@badness@inner=\luafunction49
\ltj@@lua@raisebox@inner=\luafunction50
\ltj@@vsplit@inner=\luafunction51
\ltj@@lua@unboxcheckdir@inner=\luafunction52
\ltj@@lua@uncopycheckdir@inner=\luafunction53
\ltj@@lua@uncopy@restore@whatsit@inner=\luafunction54
(load cache: ltj-kinsoku_default.luc) (/usr/local/texlive/2023/texmf-dist/tex/luatex/luatexja/ltj-latex.sty
Package: ltj-latex 2022-10-15 LaTeX support of LuaTeX-ja
Inserting `ltj.direction' in `pre_shipout_filter'. (/usr/local/texlive/2023/texmf-dist/tex/luatex/luatexja/patches/lltjfont.sty
Package: lltjfont 2021-05-26 Patch to NFSS2 for LuaTeX-ja
\ltj@@latex@plv=\count192
 (/usr/local/texlive/2023/texmf-dist/tex/latex/base/tuenc.def
File: tuenc.def 2021/04/29 v2.0v Standard LaTeX file
\@remove@tlig@@@=\luafunction55
LaTeX Font Info:    Redeclaring font encoding TU on input line 105.
)
\Cht=\dimen143
\cht=\dimen144
\Cdp=\dimen145
\cdp=\dimen146
\Cwd=\dimen147
\cwd=\dimen148
\Cvs=\dimen149
\cvs=\dimen150
\Chs=\dimen151
\chs=\dimen152
\cHT=\dimen153
\dstrutbox=\box52
\tstrutbox=\box53
\zstrutbox=\box54
LaTeX Info: Redefining \strut on input line 91.
\ltj@@add@fenc@@inner=\luafunction56
\ltj@@add@kyenc@@inner=\luafunction57
\ltj@@add@ktenc@@inner=\luafunction58
\ltj@@is@kyenc@@inner=\luafunction59
\ltj@@is@ktenc@@inner=\luafunction60
\ltj@@is@kenc@@inner=\luafunction61
\ltj@@is@ffam@@inner=\luafunction62
\ltj@@add@ffam@@inner=\luafunction63
\ltj@@add@kfam@@inner=\luafunction64
\ltj@@adjust@baseline@inner=\luafunction65
LaTeX Info: Redefining \fontencoding on input line 646.
LaTeX Info: Redefining \fontfamily on input line 689.
LaTeX Info: Redefining \fontseries on input line 923.
LaTeX Info: Redefining \fontseriesforce on input line 924.
LaTeX Info: Redefining \fontshape on input line 944.
LaTeX Info: Redefining \fontshapeforce on input line 955.
\ltj@@jfont@@jfmonly@@inner=\luafunction66
\ltj@@does@alt@set@@inner=\luafunction67
) (/usr/local/texlive/2023/texmf-dist/tex/luatex/luatexja/patches/lltjdefs.sty
Package: lltjdefs 2022-01-23 Default font settings of LuaTeX-ja
luaotfload | db : Font names database loaded from /Users/hiraiyuuware/Library/texlive/2023/texmf-var/luatex-cache/generic/names/luaotfload-names.luc.gz(load cache: extra_lmroman10-regular.luc)
LaTeX Font Info:    Font shape `JT3/mc/m/n' will be
(Font)              scaled to size 9.24713pt on input line 79.

(/usr/local/texlive/2023/texmf-dist/tex/luatex/luatexja/jfm-ujisv.lua)
LaTeX Font Info:    Font shape `JY3/mc/m/n' will be
(Font)              scaled to size 9.24713pt on input line 79.
(load cache: extra_haranoajimincho-regular.luc)
(/usr/local/texlive/2023/texmf-dist/tex/luatex/luatexja/jfm-ujis.lua)
\symmincho=\mathgroup4
LaTeX Font Info:    Overwriting symbol font `mincho' in version `bold'
(Font)                  JY3/mc/m/n --> JY3/gt/m/n on input line 88.
) (/usr/local/texlive/2023/texmf-dist/tex/luatex/luatexja/patches/lltjcore.sty
Package: lltjcore 2022-05-30 Patch to LaTeX2e Kernel for LuaTeX-ja
 (/usr/local/texlive/2023/texmf-dist/tex/latex/l3kernel/expl3.sty
Package: expl3 2023-02-22 L3 programming layer (loader) 
 (/usr/local/texlive/2023/texmf-dist/tex/latex/l3backend/l3backend-luatex.def
File: l3backend-luatex.def 2023-01-16 L3 backend support: PDF output (LuaTeX)
\l__color_backend_stack_int=\count193
\l__pdf_internal_box=\box55
))
\@tombowwidth=\dimen154
\@TL=\box56
\@Tl=\box57
\@TC=\box58
\@TR=\box59
\@Tr=\box60
\@BL=\box61
\@Bl=\box62
\@BC=\box63
\@BR=\box64
\@Br=\box65
\@CL=\box66
\@CR=\box67
(load cache: extra_lmmono9-regular.luc)
\@bannertoken=\toks25
\@@paperheight=\dimen155
\@@paperwidth=\dimen156
\@@topmargin=\dimen157
LaTeX Info: Redefining \underline on input line 266.
) (/usr/local/texlive/2023/texmf-dist/tex/luatex/luatexja/patches/lltjp-atbegshi.sty
Package: lltjp-atbegshi 2022-08-12 Patching \shipout hooks for LuaTeX-ja
\l__platex_shipout_dummy_box=\box68
) (/usr/local/texlive/2023/texmf-dist/tex/luatex/luatexja/patches/lltjp-geometry.sty
Package: lltjp-geometry 2021-10-24 Patch to geometry for LuaTeX-ja with vertical writing mode
 (/usr/local/texlive/2023/texmf-dist/tex/generic/iftex/ifluatex.sty
Package: ifluatex 2019/10/25 v1.5 ifluatex legacy package. Use iftex instead.
)))
\ltj@temp@cctb=\catcodetable14
) (/usr/local/texlive/2023/texmf-dist/tex/luatex/luatexja/luatexja-compat.sty
Package: luatexja-compat 2020-08-08 Compatibility with pTeX
(load cache: ltj-jisx0208.luc)
\hour=\count194
\minute=\count195
))
\jsc@mpt=\dimen158
\jsc@mmm=\dimen159
\jsc@smallskipamount=\skip48
LaTeX Font Info:    Font shape `JY3/mc/m/n' will be
(Font)              scaled to size 9.24713pt on input line 416.
\fullwidth=\dimen160
(load cache: extra_lmroman8-regular.luc)
LaTeX Font Info:    Font shape `JT3/mc/m/n' will be
(Font)              scaled to size 7.3977pt on input line 557.
LaTeX Font Info:    Font shape `JY3/mc/m/n' will be
(Font)              scaled to size 7.3977pt on input line 557.
\c@part=\count196
\c@section=\count197
\c@subsection=\count198
\c@subsubsection=\count199
\c@paragraph=\count266
\c@subparagraph=\count267
\@abstractbox=\box69
\c@figure=\count268
\c@table=\count269
\abovecaptionskip=\skip49
\belowcaptionskip=\skip50
LaTeX Info: Redefining \mc on input line 1210.
LaTeX Info: Redefining \gt on input line 1211.
\jsc@tocl@width=\dimen161
\@lnumwidth=\dimen162
\bibindent=\dimen163
 (/usr/local/texlive/2023/texmf-dist/tex/platex/jsclasses/jslogo.sty
Package: jslogo 2019/07/25 okumura, texjporg
LaTeX Info: Redefining \TeX on input line 82.
LaTeX Info: Redefining \LaTeX on input line 135.
LaTeX Info: Redefining \LaTeXe on input line 188.
)
\heisei=\count270
 (/usr/local/texlive/2023/texmf-dist/tex/latex/sttools/stfloats.sty
Package: stfloats 2017/03/27 v3.3 Improve float mechanism and baselineskip settings
\@dblbotnum=\count271
\c@dblbotnumber=\count272
) (/usr/local/texlive/2023/texmf-dist/tex/luatex/luatexja/patches/lltjp-stfloats.sty)) (/usr/local/texlive/2023/texmf-dist/tex/latex/graphics/graphicx.sty
Package: graphicx 2021/09/16 v1.2d Enhanced LaTeX Graphics (DPC,SPQR)
 (/usr/local/texlive/2023/texmf-dist/tex/latex/graphics/graphics.sty
Package: graphics 2022/03/10 v1.4e Standard LaTeX Graphics (DPC,SPQR)

(/usr/local/texlive/2023/texmf-dist/tex/latex/graphics/trig.sty
Package: trig 2021/08/11 v1.11 sin cos tan (DPC)
) (/usr/local/texlive/2023/texmf-dist/tex/latex/graphics-cfg/graphics.cfg
File: graphics.cfg 2016/06/04 v1.11 sample graphics configuration
)
Package graphics Info: Driver file: luatex.def on input line 107.
 (/usr/local/texlive/2023/texmf-dist/tex/latex/graphics-def/luatex.def
File: luatex.def 2022/09/22 v1.2d Graphics/color driver for luatex
))
\Gin@req@height=\dimen164
\Gin@req@width=\dimen165
) (/usr/local/texlive/2023/texmf-dist/tex/luatex/luatexja/addons/luatexja-fontspec.sty
Package: luatexja-fontspec 2020-09-14 fontspec support of LuaTeX-ja
 (/usr/local/texlive/2023/texmf-dist/tex/latex/l3packages/l3keys2e/l3keys2e.sty
Package: l3keys2e 2023-02-02 LaTeX2e option processing using LaTeX3 keys
) (/usr/local/texlive/2023/texmf-dist/tex/latex/fontspec/fontspec.sty (/usr/local/texlive/2023/texmf-dist/tex/latex/l3packages/xparse/xparse.sty
Package: xparse 2023-02-02 L3 Experimental document command parser
)
Package: fontspec 2022/01/15 v2.8a Font selection for XeLaTeX and LuaLaTeX
Lua module: fontspec 2022/01/15 2.8a Font selection for XeLaTeX and LuaLaTeX (/usr/local/texlive/2023/texmf-dist/tex/latex/fontspec/fontspec-luatex.sty
Package: fontspec-luatex 2022/01/15 v2.8a Font selection for XeLaTeX and LuaLaTeX
\l__fontspec_script_int=\count273
\l__fontspec_language_int=\count274
\l__fontspec_strnum_int=\count275
\l__fontspec_tmp_int=\count276
\l__fontspec_tmpa_int=\count277
\l__fontspec_tmpb_int=\count278
\l__fontspec_tmpc_int=\count279
\l__fontspec_em_int=\count280
\l__fontspec_emdef_int=\count281
\l__fontspec_strong_int=\count282
\l__fontspec_strongdef_int=\count283
\l__fontspec_tmpa_dim=\dimen166
\l__fontspec_tmpb_dim=\dimen167
\l__fontspec_tmpc_dim=\dimen168
 (/usr/local/texlive/2023/texmf-dist/tex/latex/base/fontenc.sty
Package: fontenc 2021/04/29 v2.0v Standard LaTeX package
) (/usr/local/texlive/2023/texmf-dist/tex/latex/fontspec/fontspec.cfg)(load cache: extra_lmroman10-bold.luc)
LaTeX Font Info:    Font shape `JT3/mc/b/n' in size <10> not available
(Font)              Font shape `JT3/gt/m/n' tried instead on input line 3901.
LaTeX Font Info:    Font shape `JT3/gt/m/n' will be
(Font)              scaled to size 9.24713pt on input line 3901.
LaTeX Font Info:    Font shape `JY3/mc/b/n' in size <10> not available
(Font)              Font shape `JY3/gt/m/n' tried instead on input line 3901.
LaTeX Font Info:    Font shape `JY3/gt/m/n' will be
(Font)              scaled to size 9.24713pt on input line 3901.
(load cache: extra_haranoajigothic-medium.luc))) (/usr/local/texlive/2023/texmf-dist/tex/luatex/luatexja/patches/lltjp-fontspec.sty) (/usr/local/texlive/2023/texmf-dist/tex/luatex/luatexja/addons/luatexja-fontspec-27c.sty
Package: luatexja-fontspec-27c 2020-04-04 fontspec support of LuaTeX-ja
\g__ltj_fontspec_altnumber_int=\count284
)) (/usr/local/texlive/2023/texmf-dist/tex/latex/caption/caption.sty
Package: caption 2023/03/12 v3.6j Customizing captions (AR)

(/usr/local/texlive/2023/texmf-dist/tex/latex/caption/caption3.sty
Package: caption3 2023/03/12 v2.4 caption3 kernel (AR)
\caption@tempdima=\dimen169
\captionmargin=\dimen170
\caption@leftmargin=\dimen171
\caption@rightmargin=\dimen172
\caption@width=\dimen173
\caption@indent=\dimen174
\caption@parindent=\dimen175
\caption@hangindent=\dimen176
Package caption Info: Unknown document class (or package),
(caption)             standard defaults will be used.
Package caption Info: \@makecaption = \long macro:#1#2->{\small \advance \leftskip .0628\linewidth \advance \rightskip .0628\linewidth \vskip \abovecaptionskip \sbox \@tempboxa {#1{\hskip 1\zw }#2}\ifdim \wd \@tempboxa <\hsize \centering \fi #1{\hskip 1\zw }#2\par \vskip \belowcaptionskip } on input line 1176.
)

Package caption Warning: Unknown document class (or package),
(caption)                standard defaults will be used.
See the caption package documentation for explanation.

\c@caption@flags=\count285
\c@continuedfloat=\count286
) (/usr/local/texlive/2023/texmf-dist/tex/latex/amsmath/amsmath.sty
Package: amsmath 2023/05/13 v2.17o AMS math features
\@mathmargin=\skip51

For additional information on amsmath, use the `?' option.
(/usr/local/texlive/2023/texmf-dist/tex/latex/amsmath/amstext.sty
Package: amstext 2021/08/26 v2.01 AMS text
 (/usr/local/texlive/2023/texmf-dist/tex/latex/amsmath/amsgen.sty
File: amsgen.sty 1999/11/30 v2.0 generic functions
\@emptytoks=\toks26
\ex@=\dimen177
)) (/usr/local/texlive/2023/texmf-dist/tex/latex/amsmath/amsbsy.sty
Package: amsbsy 1999/11/29 v1.2d Bold Symbols
\pmbraise@=\dimen178
) (/usr/local/texlive/2023/texmf-dist/tex/latex/amsmath/amsopn.sty
Package: amsopn 2022/04/08 v2.04 operator names
)
\inf@bad=\count287
LaTeX Info: Redefining \frac on input line 236.
\uproot@=\count288
\leftroot@=\count289
LaTeX Info: Redefining \overline on input line 399.
LaTeX Info: Redefining \colon on input line 410.
\classnum@=\count290
\DOTSCASE@=\count291
LaTeX Info: Redefining \ldots on input line 496.
LaTeX Info: Redefining \dots on input line 499.
LaTeX Info: Redefining \cdots on input line 620.
\Mathstrutbox@=\box70
\strutbox@=\box71
LaTeX Info: Redefining \big on input line 722.
LaTeX Info: Redefining \Big on input line 723.
LaTeX Info: Redefining \bigg on input line 724.
LaTeX Info: Redefining \Bigg on input line 725.
\big@size=\dimen179
LaTeX Font Info:    Redeclaring font encoding OML on input line 743.
LaTeX Font Info:    Redeclaring font encoding OMS on input line 744.
\macc@depth=\count292
LaTeX Info: Redefining \bmod on input line 905.
LaTeX Info: Redefining \pmod on input line 910.
LaTeX Info: Redefining \smash on input line 940.
LaTeX Info: Redefining \relbar on input line 970.
LaTeX Info: Redefining \Relbar on input line 971.
\c@MaxMatrixCols=\count293
\dotsspace@=\muskip16
\c@parentequation=\count294
\dspbrk@lvl=\count295
\tag@help=\toks27
\row@=\count296
\column@=\count297
\maxfields@=\count298
\andhelp@=\toks28
\eqnshift@=\dimen180
\alignsep@=\dimen181
\tagshift@=\dimen182
\tagwidth@=\dimen183
\totwidth@=\dimen184
\lineht@=\dimen185
\@envbody=\toks29
\multlinegap=\skip52
\multlinetaggap=\skip53
\mathdisplay@stack=\toks30
LaTeX Info: Redefining \[ on input line 2953.
LaTeX Info: Redefining \] on input line 2954.
) (/usr/local/texlive/2023/texmf-dist/tex/latex/amsfonts/amssymb.sty
Package: amssymb 2013/01/14 v3.01 AMS font symbols
 (/usr/local/texlive/2023/texmf-dist/tex/latex/amsfonts/amsfonts.sty
Package: amsfonts 2013/01/14 v3.01 Basic AMSFonts support
\symAMSa=\mathgroup5
\symAMSb=\mathgroup6
LaTeX Font Info:    Redeclaring math symbol \hbar on input line 98.
LaTeX Font Info:    Overwriting math alphabet `\mathfrak' in version `bold'
(Font)                  U/euf/m/n --> U/euf/b/n on input line 106.
)) (/usr/local/texlive/2023/texmf-dist/tex/latex/tools/bm.sty
Package: bm 2022/01/05 v1.2f Bold Symbol Support (DPC/FMi)
\symboldoperators=\mathgroup7
\symboldletters=\mathgroup8
\symboldsymbols=\mathgroup9
Package bm Info: No bold for \OMX/cmex/m/n, using \pmb.
\symboldmincho=\mathgroup10
Package bm Info: No bold for \U/msa/m/n, using \pmb.
Package bm Info: No bold for \U/msb/m/n, using \pmb.
LaTeX Font Info:    Redeclaring math alphabet \mathbf on input line 149.
) (/usr/local/texlive/2023/texmf-dist/tex/latex/braket/braket.sty) (./gnuplot-lua-tikz.sty
Package: gnuplot-lua-tikz 2023/04/12 19:21:00 (rev. 118) GNUPLOT Lua terminal style
 (/usr/local/texlive/2023/texmf-dist/tex/latex/pgf/frontendlayer/tikz.sty (/usr/local/texlive/2023/texmf-dist/tex/latex/pgf/basiclayer/pgf.sty (/usr/local/texlive/2023/texmf-dist/tex/latex/pgf/utilities/pgfrcs.sty (/usr/local/texlive/2023/texmf-dist/tex/generic/pgf/utilities/pgfutil-common.tex
\pgfutil@everybye=\toks31
\pgfutil@tempdima=\dimen186
\pgfutil@tempdimb=\dimen187
) (/usr/local/texlive/2023/texmf-dist/tex/generic/pgf/utilities/pgfutil-latex.def
\pgfutil@abb=\box72
)
(/usr/local/texlive/2023/texmf-dist/tex/generic/pgf/utilities/pgfrcs.code.tex (/usr/local/texlive/2023/texmf-dist/tex/generic/pgf/pgf.revision.tex)
Package: pgfrcs 2023-01-15 v3.1.10 (3.1.10)
))
Package: pgf 2023-01-15 v3.1.10 (3.1.10)
 (/usr/local/texlive/2023/texmf-dist/tex/latex/pgf/basiclayer/pgfcore.sty (/usr/local/texlive/2023/texmf-dist/tex/latex/pgf/systemlayer/pgfsys.sty (/usr/local/texlive/2023/texmf-dist/tex/generic/pgf/systemlayer/pgfsys.code.tex
Package: pgfsys 2023-01-15 v3.1.10 (3.1.10)
 (/usr/local/texlive/2023/texmf-dist/tex/generic/pgf/utilities/pgfkeys.code.tex
\pgfkeys@pathtoks=\toks32
\pgfkeys@temptoks=\toks33
 (/usr/local/texlive/2023/texmf-dist/tex/generic/pgf/utilities/pgfkeyslibraryfiltered.code.tex
\pgfkeys@tmptoks=\toks34
))
\pgf@x=\dimen188
\pgf@y=\dimen189
\pgf@xa=\dimen190
\pgf@ya=\dimen191
\pgf@xb=\dimen192
\pgf@yb=\dimen193
\pgf@xc=\dimen194
\pgf@yc=\dimen195
\pgf@xd=\dimen196
\pgf@yd=\dimen197
\w@pgf@writea=\write3
\r@pgf@reada=\read2
\c@pgf@counta=\count299
\c@pgf@countb=\count300
\c@pgf@countc=\count301
\c@pgf@countd=\count302
\t@pgf@toka=\toks35
\t@pgf@tokb=\toks36
\t@pgf@tokc=\toks37
\pgf@sys@id@count=\count303
 (/usr/local/texlive/2023/texmf-dist/tex/generic/pgf/systemlayer/pgf.cfg
File: pgf.cfg 2023-01-15 v3.1.10 (3.1.10)
)
Driver file for pgf: pgfsys-luatex.def
 (/usr/local/texlive/2023/texmf-dist/tex/generic/pgf/systemlayer/pgfsys-luatex.def
File: pgfsys-luatex.def 2023-01-15 v3.1.10 (3.1.10)
 (/usr/local/texlive/2023/texmf-dist/tex/generic/pgf/systemlayer/pgfsys-common-pdf.def
File: pgfsys-common-pdf.def 2023-01-15 v3.1.10 (3.1.10)
))) (/usr/local/texlive/2023/texmf-dist/tex/generic/pgf/systemlayer/pgfsyssoftpath.code.tex
File: pgfsyssoftpath.code.tex 2023-01-15 v3.1.10 (3.1.10)
\pgfsyssoftpath@smallbuffer@items=\count304
\pgfsyssoftpath@bigbuffer@items=\count305
) (/usr/local/texlive/2023/texmf-dist/tex/generic/pgf/systemlayer/pgfsysprotocol.code.tex
File: pgfsysprotocol.code.tex 2023-01-15 v3.1.10 (3.1.10)
))
(/usr/local/texlive/2023/texmf-dist/tex/latex/xcolor/xcolor.sty
Package: xcolor 2022/06/12 v2.14 LaTeX color extensions (UK)
 (/usr/local/texlive/2023/texmf-dist/tex/latex/graphics-cfg/color.cfg
File: color.cfg 2016/01/02 v1.6 sample color configuration
)
Package xcolor Info: Driver file: luatex.def on input line 227.
 (/usr/local/texlive/2023/texmf-dist/tex/latex/graphics/mathcolor.ltx)
Package xcolor Info: Model `cmy' substituted by `cmy0' on input line 1353.
Package xcolor Info: Model `hsb' substituted by `rgb' on input line 1357.
Package xcolor Info: Model `RGB' extended on input line 1369.
Package xcolor Info: Model `HTML' substituted by `rgb' on input line 1371.
Package xcolor Info: Model `Hsb' substituted by `hsb' on input line 1372.
Package xcolor Info: Model `tHsb' substituted by `hsb' on input line 1373.
Package xcolor Info: Model `HSB' substituted by `hsb' on input line 1374.
Package xcolor Info: Model `Gray' substituted by `gray' on input line 1375.
Package xcolor Info: Model `wave' substituted by `hsb' on input line 1376.
) (/usr/local/texlive/2023/texmf-dist/tex/generic/pgf/basiclayer/pgfcore.code.tex
Package: pgfcore 2023-01-15 v3.1.10 (3.1.10)
 (/usr/local/texlive/2023/texmf-dist/tex/generic/pgf/math/pgfmath.code.tex (/usr/local/texlive/2023/texmf-dist/tex/generic/pgf/math/pgfmathutil.code.tex) (/usr/local/texlive/2023/texmf-dist/tex/generic/pgf/math/pgfmathparser.code.tex
\pgfmath@dimen=\dimen198
\pgfmath@count=\count306
\pgfmath@box=\box73
\pgfmath@toks=\toks38
\pgfmath@stack@operand=\toks39
\pgfmath@stack@operation=\toks40
) (/usr/local/texlive/2023/texmf-dist/tex/generic/pgf/math/pgfmathfunctions.code.tex) (/usr/local/texlive/2023/texmf-dist/tex/generic/pgf/math/pgfmathfunctions.basic.code.tex) (/usr/local/texlive/2023/texmf-dist/tex/generic/pgf/math/pgfmathfunctions.trigonometric.code.tex) (/usr/local/texlive/2023/texmf-dist/tex/generic/pgf/math/pgfmathfunctions.random.code.tex) (/usr/local/texlive/2023/texmf-dist/tex/generic/pgf/math/pgfmathfunctions.comparison.code.tex)
(/usr/local/texlive/2023/texmf-dist/tex/generic/pgf/math/pgfmathfunctions.base.code.tex) (/usr/local/texlive/2023/texmf-dist/tex/generic/pgf/math/pgfmathfunctions.round.code.tex) (/usr/local/texlive/2023/texmf-dist/tex/generic/pgf/math/pgfmathfunctions.misc.code.tex) (/usr/local/texlive/2023/texmf-dist/tex/generic/pgf/math/pgfmathfunctions.integerarithmetics.code.tex) (/usr/local/texlive/2023/texmf-dist/tex/generic/pgf/math/pgfmathcalc.code.tex) (/usr/local/texlive/2023/texmf-dist/tex/generic/pgf/math/pgfmathfloat.code.tex
\c@pgfmathroundto@lastzeros=\count307
)) (/usr/local/texlive/2023/texmf-dist/tex/generic/pgf/math/pgfint.code.tex) (/usr/local/texlive/2023/texmf-dist/tex/generic/pgf/basiclayer/pgfcorepoints.code.tex
File: pgfcorepoints.code.tex 2023-01-15 v3.1.10 (3.1.10)
\pgf@picminx=\dimen199
\pgf@picmaxx=\dimen256
\pgf@picminy=\dimen257
\pgf@picmaxy=\dimen258
\pgf@pathminx=\dimen259
\pgf@pathmaxx=\dimen260
\pgf@pathminy=\dimen261
\pgf@pathmaxy=\dimen262
\pgf@xx=\dimen263
\pgf@xy=\dimen264
\pgf@yx=\dimen265
\pgf@yy=\dimen266
\pgf@zx=\dimen267
\pgf@zy=\dimen268
) (/usr/local/texlive/2023/texmf-dist/tex/generic/pgf/basiclayer/pgfcorepathconstruct.code.tex
File: pgfcorepathconstruct.code.tex 2023-01-15 v3.1.10 (3.1.10)
\pgf@path@lastx=\dimen269
\pgf@path@lasty=\dimen270
) (/usr/local/texlive/2023/texmf-dist/tex/generic/pgf/basiclayer/pgfcorepathusage.code.tex
File: pgfcorepathusage.code.tex 2023-01-15 v3.1.10 (3.1.10)
\pgf@shorten@end@additional=\dimen271
\pgf@shorten@start@additional=\dimen272
) (/usr/local/texlive/2023/texmf-dist/tex/generic/pgf/basiclayer/pgfcorescopes.code.tex
File: pgfcorescopes.code.tex 2023-01-15 v3.1.10 (3.1.10)
\pgfpic=\box74
\pgf@hbox=\box75
\pgf@layerbox@main=\box76
\pgf@picture@serial@count=\count308
)
(/usr/local/texlive/2023/texmf-dist/tex/generic/pgf/basiclayer/pgfcoregraphicstate.code.tex
File: pgfcoregraphicstate.code.tex 2023-01-15 v3.1.10 (3.1.10)
\pgflinewidth=\dimen273
) (/usr/local/texlive/2023/texmf-dist/tex/generic/pgf/basiclayer/pgfcoretransformations.code.tex
File: pgfcoretransformations.code.tex 2023-01-15 v3.1.10 (3.1.10)
\pgf@pt@x=\dimen274
\pgf@pt@y=\dimen275
\pgf@pt@temp=\dimen276
) (/usr/local/texlive/2023/texmf-dist/tex/generic/pgf/basiclayer/pgfcorequick.code.tex
File: pgfcorequick.code.tex 2023-01-15 v3.1.10 (3.1.10)
) (/usr/local/texlive/2023/texmf-dist/tex/generic/pgf/basiclayer/pgfcoreobjects.code.tex
File: pgfcoreobjects.code.tex 2023-01-15 v3.1.10 (3.1.10)
) (/usr/local/texlive/2023/texmf-dist/tex/generic/pgf/basiclayer/pgfcorepathprocessing.code.tex
File: pgfcorepathprocessing.code.tex 2023-01-15 v3.1.10 (3.1.10)
) (/usr/local/texlive/2023/texmf-dist/tex/generic/pgf/basiclayer/pgfcorearrows.code.tex
File: pgfcorearrows.code.tex 2023-01-15 v3.1.10 (3.1.10)
\pgfarrowsep=\dimen277
) (/usr/local/texlive/2023/texmf-dist/tex/generic/pgf/basiclayer/pgfcoreshade.code.tex
File: pgfcoreshade.code.tex 2023-01-15 v3.1.10 (3.1.10)
\pgf@max=\dimen278
\pgf@sys@shading@range@num=\count309
\pgf@shadingcount=\count310
) (/usr/local/texlive/2023/texmf-dist/tex/generic/pgf/basiclayer/pgfcoreimage.code.tex
File: pgfcoreimage.code.tex 2023-01-15 v3.1.10 (3.1.10)
) (/usr/local/texlive/2023/texmf-dist/tex/generic/pgf/basiclayer/pgfcoreexternal.code.tex
File: pgfcoreexternal.code.tex 2023-01-15 v3.1.10 (3.1.10)
\pgfexternal@startupbox=\box77
) (/usr/local/texlive/2023/texmf-dist/tex/generic/pgf/basiclayer/pgfcorelayers.code.tex
File: pgfcorelayers.code.tex 2023-01-15 v3.1.10 (3.1.10)
) (/usr/local/texlive/2023/texmf-dist/tex/generic/pgf/basiclayer/pgfcoretransparency.code.tex
File: pgfcoretransparency.code.tex 2023-01-15 v3.1.10 (3.1.10)
)
(/usr/local/texlive/2023/texmf-dist/tex/generic/pgf/basiclayer/pgfcorepatterns.code.tex
File: pgfcorepatterns.code.tex 2023-01-15 v3.1.10 (3.1.10)
) (/usr/local/texlive/2023/texmf-dist/tex/generic/pgf/basiclayer/pgfcorerdf.code.tex
File: pgfcorerdf.code.tex 2023-01-15 v3.1.10 (3.1.10)
))) (/usr/local/texlive/2023/texmf-dist/tex/generic/pgf/modules/pgfmoduleshapes.code.tex
File: pgfmoduleshapes.code.tex 2023-01-15 v3.1.10 (3.1.10)
\pgfnodeparttextbox=\box78
) (/usr/local/texlive/2023/texmf-dist/tex/generic/pgf/modules/pgfmoduleplot.code.tex
File: pgfmoduleplot.code.tex 2023-01-15 v3.1.10 (3.1.10)
) (/usr/local/texlive/2023/texmf-dist/tex/latex/pgf/compatibility/pgfcomp-version-0-65.sty
Package: pgfcomp-version-0-65 2023-01-15 v3.1.10 (3.1.10)
\pgf@nodesepstart=\dimen279
\pgf@nodesepend=\dimen280
) (/usr/local/texlive/2023/texmf-dist/tex/latex/pgf/compatibility/pgfcomp-version-1-18.sty
Package: pgfcomp-version-1-18 2023-01-15 v3.1.10 (3.1.10)
)) (/usr/local/texlive/2023/texmf-dist/tex/latex/pgf/utilities/pgffor.sty (/usr/local/texlive/2023/texmf-dist/tex/latex/pgf/utilities/pgfkeys.sty (/usr/local/texlive/2023/texmf-dist/tex/generic/pgf/utilities/pgfkeys.code.tex)) (/usr/local/texlive/2023/texmf-dist/tex/latex/pgf/math/pgfmath.sty (/usr/local/texlive/2023/texmf-dist/tex/generic/pgf/math/pgfmath.code.tex)) (/usr/local/texlive/2023/texmf-dist/tex/generic/pgf/utilities/pgffor.code.tex
Package: pgffor 2023-01-15 v3.1.10 (3.1.10)
\pgffor@iter=\dimen281
\pgffor@skip=\dimen282
\pgffor@stack=\toks41
\pgffor@toks=\toks42
))
(/usr/local/texlive/2023/texmf-dist/tex/generic/pgf/frontendlayer/tikz/tikz.code.tex
Package: tikz 2023-01-15 v3.1.10 (3.1.10)
 (/usr/local/texlive/2023/texmf-dist/tex/generic/pgf/libraries/pgflibraryplothandlers.code.tex
File: pgflibraryplothandlers.code.tex 2023-01-15 v3.1.10 (3.1.10)
\pgf@plot@mark@count=\count311
\pgfplotmarksize=\dimen283
)
\tikz@lastx=\dimen284
\tikz@lasty=\dimen285
\tikz@lastxsaved=\dimen286
\tikz@lastysaved=\dimen287
\tikz@lastmovetox=\dimen288
\tikz@lastmovetoy=\dimen289
\tikzleveldistance=\dimen290
\tikzsiblingdistance=\dimen291
\tikz@figbox=\box79
\tikz@figbox@bg=\box80
\tikz@tempbox=\box81
\tikz@tempbox@bg=\box82
\tikztreelevel=\count312
\tikznumberofchildren=\count313
\tikznumberofcurrentchild=\count314
\tikz@fig@count=\count315
 (/usr/local/texlive/2023/texmf-dist/tex/generic/pgf/modules/pgfmodulematrix.code.tex
File: pgfmodulematrix.code.tex 2023-01-15 v3.1.10 (3.1.10)
\pgfmatrixcurrentrow=\count316
\pgfmatrixcurrentcolumn=\count317
\pgf@matrix@numberofcolumns=\count318
)
\tikz@expandcount=\count319
 (/usr/local/texlive/2023/texmf-dist/tex/generic/pgf/frontendlayer/tikz/libraries/tikzlibrarytopaths.code.tex
File: tikzlibrarytopaths.code.tex 2023-01-15 v3.1.10 (3.1.10)
))) (/usr/local/texlive/2023/texmf-dist/tex/generic/pgf/frontendlayer/tikz/libraries/tikzlibraryarrows.code.tex
File: tikzlibraryarrows.code.tex 2023-01-15 v3.1.10 (3.1.10)
 (/usr/local/texlive/2023/texmf-dist/tex/generic/pgf/libraries/pgflibraryarrows.code.tex
File: pgflibraryarrows.code.tex 2023-01-15 v3.1.10 (3.1.10)
\arrowsize=\dimen292
)) (/usr/local/texlive/2023/texmf-dist/tex/generic/pgf/frontendlayer/tikz/libraries/tikzlibrarypatterns.code.tex
File: tikzlibrarypatterns.code.tex 2023-01-15 v3.1.10 (3.1.10)
 (/usr/local/texlive/2023/texmf-dist/tex/generic/pgf/libraries/pgflibrarypatterns.code.tex
File: pgflibrarypatterns.code.tex 2023-01-15 v3.1.10 (3.1.10)
)) (/usr/local/texlive/2023/texmf-dist/tex/generic/pgf/frontendlayer/tikz/libraries/tikzlibraryplotmarks.code.tex
File: tikzlibraryplotmarks.code.tex 2023-01-15 v3.1.10 (3.1.10)
 (/usr/local/texlive/2023/texmf-dist/tex/generic/pgf/libraries/pgflibraryplotmarks.code.tex
File: pgflibraryplotmarks.code.tex 2023-01-15 v3.1.10 (3.1.10)
))
(/usr/local/texlive/2023/texmf-dist/tex/generic/pgf/frontendlayer/tikz/libraries/tikzlibrarybackgrounds.code.tex
File: tikzlibrarybackgrounds.code.tex 2023-01-15 v3.1.10 (3.1.10)
\pgf@layerbox@background=\box83
\pgf@layerboxsaved@background=\box84
) (/usr/local/texlive/2023/texmf-dist/tex/generic/pgf/frontendlayer/tikz/libraries/tikzlibraryfit.code.tex
File: tikzlibraryfit.code.tex 2023-01-15 v3.1.10 (3.1.10)
) (./gnuplot-lua-tikz-common.tex
\gpvcharsize=\dimen293
\gphcharsize=\dimen294
\gpbasems=\dimen295
\gpbaselw=\dimen296
)) (/usr/local/texlive/2023/texmf-dist/tex/latex/geometry/geometry.sty
Package: geometry 2020/01/02 v5.9 Page Geometry
 (/usr/local/texlive/2023/texmf-dist/tex/generic/iftex/ifvtex.sty
Package: ifvtex 2019/10/25 v1.7 ifvtex legacy package. Use iftex instead.
)
\Gm@cnth=\count320
\Gm@cntv=\count321
\c@Gm@tempcnt=\count322
\Gm@bindingoffset=\dimen297
\Gm@wd@mp=\dimen298
\Gm@odd@mp=\dimen299
\Gm@even@mp=\dimen300
\Gm@layoutwidth=\dimen301
\Gm@layoutheight=\dimen302
\Gm@layouthoffset=\dimen303
\Gm@layoutvoffset=\dimen304
\Gm@dimlist=\toks43
) (/usr/local/texlive/2023/texmf-dist/tex/latex/tools/array.sty
Package: array 2022/09/04 v2.5g Tabular extension package (FMi)
\col@sep=\dimen305
\ar@mcellbox=\box85
\extrarowheight=\dimen306
\NC@list=\toks44
\extratabsurround=\skip54
\backup@length=\skip55
\ar@cellbox=\box86
) (/usr/local/texlive/2023/texmf-dist/tex/latex/was/upgreek.sty
Package: upgreek 2003/02/12 v2.0 (WaS)
Package upgreek Info: Using Euler Roman for upright Greek on input line 31.
\symugrf@m=\mathgroup11
LaTeX Font Info:    Overwriting symbol font `ugrf@m' in version `bold'
(Font)                  U/eur/m/n --> U/eur/b/n on input line 38.
) (/usr/local/texlive/2023/texmf-dist/tex/latex/fancyhdr/fancyhdr.sty
Package: fancyhdr 2022/11/09 v4.1 Extensive control of page headers and footers
\f@nch@headwidth=\skip56
\f@nch@O@elh=\skip57
\f@nch@O@erh=\skip58
\f@nch@O@olh=\skip59
\f@nch@O@orh=\skip60
\f@nch@O@elf=\skip61
\f@nch@O@erf=\skip62
\f@nch@O@olf=\skip63
\f@nch@O@orf=\skip64
)
luaotfload | cache : Lookup cache loaded from /Users/hiraiyuuware/Library/texlive/2023/texmf-var/luatex-cache/generic/names/luaotfload-lookup-cache.luc.(load cache: extra_hiraminpro-w3.luc)(load cache: extra_hiraminpron-w6.luc)

Package fontspec Info: Could not resolve font "HiraMinProN-W6/I" (it probably
(fontspec)             doesn't exist).


Package fontspec Info: Could not resolve font "HiraMinPro-W3/BI" (it probably
(fontspec)             doesn't exist).


Package fontspec Info: Could not resolve font "HiraMinPro-W3/I" (it probably
(fontspec)             doesn't exist).


Package fontspec Info: Font family 'HiraMinPro-W3(0)' created for font
(fontspec)             'HiraMinPro-W3' with options
(fontspec)             [YokoFeatures={JFM=ujis},TateFeatures={JFM=ujisv},Scale=0.924715,Kerning=Off,Script=CJK,BoldFont=HiraMinProN-W6].
(fontspec)              
(fontspec)              This font family consists of the following NFSS
(fontspec)             series/shapes:
(fontspec)              

LaTeX Font Info:    Redeclaring symbol font `mincho' on input line 18.
LaTeX Font Info:    Overwriting symbol font `mincho' in version `normal'
(Font)                  JY3/mc/m/n --> JY3/HiraMinPro-W3(0)/m/n on input line 18.
LaTeX Font Info:    Overwriting symbol font `mincho' in version `bold'
(Font)                  JY3/gt/m/n --> JY3/HiraMinPro-W3(0)/m/n on input line 18.
LaTeX Font Info:    Overwriting symbol font `mincho' in version `bold'
(Font)                  JY3/HiraMinPro-W3(0)/m/n --> JY3/HiraMinPro-W3(0)/b/n on input line 18.
LaTeX Font Info:    Font shape `JT3/HiraMinPro-W3(0)/m/n' will be
(Font)              scaled to size 9.24713pt on input line 18.
LaTeX Font Info:    Font shape `JY3/HiraMinPro-W3(0)/m/n' will be
(Font)              scaled to size 9.24713pt on input line 18.
 (/usr/local/texlive/2023/texmf-dist/tex/luatex/luatexja/patches/lltjp-array.sty
Package: lltjp-array 2019-07-18 Patch to array for LuaTeX-ja
)

LaTeX Warning: Unused global option(s):
    [10.5pt].

(./B4.aux (./data.aux))
\openout1 = B4.aux

LaTeX Font Info:    Checking defaults for OML/cmm/m/it on input line 18.
LaTeX Font Info:    ... okay on input line 18.
LaTeX Font Info:    Checking defaults for OMS/cmsy/m/n on input line 18.
LaTeX Font Info:    ... okay on input line 18.
LaTeX Font Info:    Checking defaults for OT1/cmr/m/n on input line 18.
LaTeX Font Info:    ... okay on input line 18.
LaTeX Font Info:    Checking defaults for T1/cmr/m/n on input line 18.
LaTeX Font Info:    ... okay on input line 18.
LaTeX Font Info:    Checking defaults for TS1/cmr/m/n on input line 18.
LaTeX Font Info:    Trying loading font information for TS1+cmr on input line 18.
 (/usr/local/texlive/2023/texmf-dist/tex/latex/base/ts1cmr.fd
File: ts1cmr.fd 2022/07/10 v2.5l Standard LaTeX font definitions
)
LaTeX Font Info:    ... okay on input line 18.
LaTeX Font Info:    Checking defaults for TU/lmr/m/n on input line 18.
LaTeX Font Info:    ... okay on input line 18.
LaTeX Font Info:    Checking defaults for OMX/cmex/m/n on input line 18.
LaTeX Font Info:    ... okay on input line 18.
LaTeX Font Info:    Checking defaults for U/cmr/m/n on input line 18.
LaTeX Font Info:    ... okay on input line 18.
LaTeX Font Info:    Checking defaults for JY3/mc/m/n on input line 18.
LaTeX Font Info:    ... okay on input line 18.
LaTeX Font Info:    Checking defaults for JT3/mc/m/n on input line 18.
LaTeX Font Info:    ... okay on input line 18.
 (/usr/local/texlive/2023/texmf-dist/tex/context/base/mkii/supp-pdf.mkii
[Loading MPS to PDF converter (version 2006.09.02).]
\scratchcounter=\count323
\scratchdimen=\dimen307
\scratchbox=\box87
\nofMPsegments=\count324
\nofMParguments=\count325
\everyMPshowfont=\toks45
\MPscratchCnt=\count326
\MPscratchDim=\dimen308
\MPnumerator=\count327
\makeMPintoPDFobject=\count328
\everyMPtoPDFconversion=\toks46
) (/usr/local/texlive/2023/texmf-dist/tex/latex/epstopdf-pkg/epstopdf-base.sty
Package: epstopdf-base 2020-01-24 v2.11 Base part for package epstopdf
Package epstopdf-base Info: Redefining graphics rule for `.eps' on input line 485.
 (/usr/local/texlive/2023/texmf-dist/tex/latex/latexconfig/epstopdf-sys.cfg
File: epstopdf-sys.cfg 2010/07/13 v1.3 Configuration of (r)epstopdf for TeX Live
))

Package fontspec Info: Adjusting the maths setup (use [no-math] to avoid
(fontspec)             this).

\symlegacymaths=\mathgroup12
LaTeX Font Info:    Overwriting symbol font `legacymaths' in version `bold'
(Font)                  OT1/cmr/m/n --> OT1/cmr/bx/n on input line 18.
LaTeX Font Info:    Redeclaring math accent \acute on input line 18.
LaTeX Font Info:    Redeclaring math accent \grave on input line 18.
LaTeX Font Info:    Redeclaring math accent \ddot on input line 18.
LaTeX Font Info:    Redeclaring math accent \tilde on input line 18.
LaTeX Font Info:    Redeclaring math accent \bar on input line 18.
LaTeX Font Info:    Redeclaring math accent \breve on input line 18.
LaTeX Font Info:    Redeclaring math accent \check on input line 18.
LaTeX Font Info:    Redeclaring math accent \hat on input line 18.
LaTeX Font Info:    Redeclaring math accent \dot on input line 18.
LaTeX Font Info:    Redeclaring math accent \mathring on input line 18.
LaTeX Font Info:    Redeclaring math symbol \Gamma on input line 18.
LaTeX Font Info:    Redeclaring math symbol \Delta on input line 18.
LaTeX Font Info:    Redeclaring math symbol \Theta on input line 18.
LaTeX Font Info:    Redeclaring math symbol \Lambda on input line 18.
LaTeX Font Info:    Redeclaring math symbol \Xi on input line 18.
LaTeX Font Info:    Redeclaring math symbol \Pi on input line 18.
LaTeX Font Info:    Redeclaring math symbol \Sigma on input line 18.
LaTeX Font Info:    Redeclaring math symbol \Upsilon on input line 18.
LaTeX Font Info:    Redeclaring math symbol \Phi on input line 18.
LaTeX Font Info:    Redeclaring math symbol \Psi on input line 18.
LaTeX Font Info:    Redeclaring math symbol \Omega on input line 18.
LaTeX Font Info:    Redeclaring math symbol \mathdollar on input line 18.
LaTeX Font Info:    Redeclaring symbol font `operators' on input line 18.
LaTeX Font Info:    Encoding `OT1' has changed to `TU' for symbol font
(Font)              `operators' in the math version `normal' on input line 18.
LaTeX Font Info:    Overwriting symbol font `operators' in version `normal'
(Font)                  OT1/cmr/m/n --> TU/lmr/m/n on input line 18.
LaTeX Font Info:    Encoding `OT1' has changed to `TU' for symbol font
(Font)              `operators' in the math version `bold' on input line 18.
LaTeX Font Info:    Overwriting symbol font `operators' in version `bold'
(Font)                  OT1/cmr/bx/n --> TU/lmr/m/n on input line 18.
LaTeX Font Info:    Overwriting symbol font `operators' in version `normal'
(Font)                  TU/lmr/m/n --> TU/lmr/m/n on input line 18.
LaTeX Font Info:    Overwriting math alphabet `\mathit' in version `normal'
(Font)                  OT1/cmr/m/it --> TU/lmr/m/it on input line 18.
LaTeX Font Info:    Overwriting math alphabet `\mathbf' in version `normal'
(Font)                  OT1/cmr/bx/n --> TU/lmr/b/n on input line 18.
LaTeX Font Info:    Overwriting math alphabet `\mathsf' in version `normal'
(Font)                  OT1/cmss/m/n --> TU/lmss/m/n on input line 18.
LaTeX Font Info:    Overwriting math alphabet `\mathtt' in version `normal'
(Font)                  OT1/cmtt/m/n --> TU/lmtt/m/n on input line 18.
LaTeX Font Info:    Overwriting symbol font `operators' in version `bold'
(Font)                  TU/lmr/m/n --> TU/lmr/b/n on input line 18.
LaTeX Font Info:    Overwriting math alphabet `\mathit' in version `bold'
(Font)                  OT1/cmr/bx/it --> TU/lmr/b/it on input line 18.
LaTeX Font Info:    Overwriting math alphabet `\mathsf' in version `bold'
(Font)                  OT1/cmss/bx/n --> TU/lmss/b/n on input line 18.
LaTeX Font Info:    Overwriting math alphabet `\mathtt' in version `bold'
(Font)                  OT1/cmtt/m/n --> TU/lmtt/b/n on input line 18.
Package caption Info: Begin \AtBeginDocument code.
Package caption Info: End \AtBeginDocument code.

*geometry* driver: auto-detecting
*geometry* detected driver: luatex
*geometry* verbose mode - [ preamble ] result:
* driver: luatex
* paper: a4paper
* layout: <same size as paper>
* layoutoffset:(h,v)=(0.0pt,0.0pt)
* modes: 
* h-part:(L,W,R)=(28.45274pt, 540.60239pt, 28.45274pt)
* v-part:(T,H,B)=(28.45274pt, 773.91498pt, 42.67912pt)
* \paperwidth=597.50787pt
* \paperheight=845.04684pt
* \textwidth=540.60239pt
* \textheight=773.91498pt
* \oddsidemargin=-43.81725pt
* \evensidemargin=-43.81725pt
* \topmargin=-79.51408pt
* \headheight=20.0pt
* \headsep=15.69684pt
* \topskip=12.76108pt
* \footskip=28.45792pt
* \marginparwidth=18.49426pt
* \marginparsep=18.49426pt
* \columnsep=18.49426pt
* \skip\footins=16.0pt plus 5.0pt minus 2.0pt
* \hoffset=0.0pt
* \voffset=0.0pt
* \mag=1000
* \@twocolumnfalse
* \@twosidefalse
* \@mparswitchfalse
* \@reversemarginfalse
* (1in=72.27pt=25.4mm, 1cm=28.453pt)

(load cache: extra_lmroman17-regular.luc)
LaTeX Font Info:    Font shape `JT3/HiraMinPro-W3(0)/m/n' will be
(Font)              scaled to size 19.17854pt on input line 19.
LaTeX Font Info:    Font shape `JY3/HiraMinPro-W3(0)/m/n' will be
(Font)              scaled to size 19.17854pt on input line 19.
(load cache: extra_lmroman12-bold.luc)
LaTeX Font Info:    Font shape `JT3/HiraMinPro-W3(0)/b/n' will be
(Font)              scaled to size 19.17854pt on input line 19.
LaTeX Font Info:    Font shape `JY3/HiraMinPro-W3(0)/b/n' will be
(Font)              scaled to size 19.17854pt on input line 19.
(load cache: extra_lmroman12-regular.luc)
LaTeX Font Info:    Font shape `JT3/HiraMinPro-W3(0)/m/n' will be
(Font)              scaled to size 13.31586pt on input line 21.
LaTeX Font Info:    Font shape `JY3/HiraMinPro-W3(0)/m/n' will be
(Font)              scaled to size 13.31586pt on input line 21.
LaTeX Font Info:    Font shape `JY3/HiraMinPro-W3(0)/m/n' will be
(Font)              scaled to size 11.09656pt on input line 30.
LaTeX Font Info:    Trying loading font information for U+msa on input line 30.
(/usr/local/texlive/2023/texmf-dist/tex/latex/amsfonts/umsa.fd
File: umsa.fd 2013/01/14 v3.01 AMS symbols A
)
LaTeX Font Info:    Trying loading font information for U+msb on input line 30.
 (/usr/local/texlive/2023/texmf-dist/tex/latex/amsfonts/umsb.fd
File: umsb.fd 2013/01/14 v3.01 AMS symbols B
)
LaTeX Font Info:    Font shape `JY3/gt/m/n' will be
(Font)              scaled to size 19.17854pt on input line 30.
LaTeX Font Info:    Font shape `JY3/gt/m/n' will be
(Font)              scaled to size 13.31586pt on input line 30.
LaTeX Font Info:    Font shape `JY3/gt/m/n' will be
(Font)              scaled to size 11.09656pt on input line 30.
 [1

{/usr/local/texlive/2023/texmf-var/fonts/map/pdftex/updmap/pdftex.map}]
LaTeX Font Info:    Font shape `JT3/HiraMinPro-W3(0)/b/n' will be
(Font)              scaled to size 13.31586pt on input line 48.
LaTeX Font Info:    Font shape `JY3/HiraMinPro-W3(0)/b/n' will be
(Font)              scaled to size 13.31586pt on input line 48.
LaTeX Font Info:    Font shape `JT3/HiraMinPro-W3(0)/m/n' will be
(Font)              scaled to size 11.09656pt on input line 54.
LaTeX Font Info:    Font shape `JT3/HiraMinPro-W3(0)/b/n' will be
(Font)              scaled to size 11.09656pt on input line 54.
LaTeX Font Info:    Font shape `JY3/HiraMinPro-W3(0)/b/n' will be
(Font)              scaled to size 11.09656pt on input line 54.
(load cache: extra_lmroman6-regular.luc)
LaTeX Font Info:    Font shape `JY3/HiraMinPro-W3(0)/m/n' will be
(Font)              scaled to size 7.3977pt on input line 54.
LaTeX Font Info:    Font shape `JY3/HiraMinPro-W3(0)/m/n' will be
(Font)              scaled to size 5.54828pt on input line 54.
LaTeX Font Info:    Font shape `JY3/gt/m/n' will be
(Font)              scaled to size 7.3977pt on input line 54.
LaTeX Font Info:    Font shape `JY3/gt/m/n' will be
(Font)              scaled to size 5.54828pt on input line 54.
(load cache: extra_lmroman7-regular.luc)(load cache: extra_lmroman5-regular.luc)
LaTeX Font Info:    Font shape `JY3/HiraMinPro-W3(0)/m/n' will be
(Font)              scaled to size 6.47299pt on input line 55.
LaTeX Font Info:    Font shape `JY3/HiraMinPro-W3(0)/m/n' will be
(Font)              scaled to size 4.62357pt on input line 55.
LaTeX Font Info:    Font shape `JY3/gt/m/n' will be
(Font)              scaled to size 6.47299pt on input line 55.
LaTeX Font Info:    Font shape `JY3/gt/m/n' will be
(Font)              scaled to size 4.62357pt on input line 55.
Package epstopdf Info: Source file: <figure1.eps>
(epstopdf)                    date: 2023-10-30 01:57:12
(epstopdf)                    size: 6272944 bytes
(epstopdf)             Output file: <figure1-eps-converted-to.pdf>
(epstopdf)                    date: 2023-10-30 01:58:07
(epstopdf)                    size: 48503 bytes
(epstopdf)             Command: <epstopdf --outfile=figure1-eps-converted-to.pdf figure1.eps>
(epstopdf)             \includegraphics on input line 62.
Package epstopdf Info: Output file is already uptodate.
<figure1-eps-converted-to.pdf, id=15, 646.415pt x 905.3825pt>
File: figure1-eps-converted-to.pdf Graphic file (type pdf)
<use figure1-eps-converted-to.pdf>
Package luatex.def Info: figure1-eps-converted-to.pdf  used on input line 62.
(luatex.def)             Requested size: 193.926pt x 271.61684pt.
LaTeX Font Info:    Font shape `JT3/HiraMinPro-W3(0)/b/n' will be
(Font)              scaled to size 9.24713pt on input line 63.
LaTeX Font Info:    Font shape `JY3/HiraMinPro-W3(0)/b/n' will be
(Font)              scaled to size 9.24713pt on input line 63.
 [2

<./figure1-eps-converted-to.pdf>]
Package epstopdf Info: Source file: <figure2.eps>
(epstopdf)                    date: 2023-10-30 02:03:58
(epstopdf)                    size: 13118186 bytes
(epstopdf)             Output file: <figure2-eps-converted-to.pdf>
(epstopdf)                    date: 2023-10-30 02:07:36
(epstopdf)                    size: 118246 bytes
(epstopdf)             Command: <epstopdf --outfile=figure2-eps-converted-to.pdf figure2.eps>
(epstopdf)             \includegraphics on input line 114.
Package epstopdf Info: Output file is already uptodate.
<figure2-eps-converted-to.pdf, id=29, 379.4175pt x 330.23375pt>
File: figure2-eps-converted-to.pdf Graphic file (type pdf)
<use figure2-eps-converted-to.pdf>
Package luatex.def Info: figure2-eps-converted-to.pdf  used on input line 114.
(luatex.def)             Requested size: 189.70828pt x 165.11646pt.
Package epstopdf Info: Source file: <figure3.eps>
(epstopdf)                    date: 2023-10-30 02:04:00
(epstopdf)                    size: 13118186 bytes
(epstopdf)             Output file: <figure3-eps-converted-to.pdf>
(epstopdf)                    date: 2023-10-30 02:07:38
(epstopdf)                    size: 119971 bytes
(epstopdf)             Command: <epstopdf --outfile=figure3-eps-converted-to.pdf figure3.eps>
(epstopdf)             \includegraphics on input line 124.
Package epstopdf Info: Output file is already uptodate.
<figure3-eps-converted-to.pdf, id=30, 379.4175pt x 330.23375pt>
File: figure3-eps-converted-to.pdf Graphic file (type pdf)
<use figure3-eps-converted-to.pdf>
Package luatex.def Info: figure3-eps-converted-to.pdf  used on input line 124.
(luatex.def)             Requested size: 151.7643pt x 132.09114pt.
Package epstopdf Info: Source file: <figure4.eps>
(epstopdf)                    date: 2023-10-30 02:04:02
(epstopdf)                    size: 13118186 bytes
(epstopdf)             Output file: <figure4-eps-converted-to.pdf>
(epstopdf)                    date: 2023-10-30 02:07:39
(epstopdf)                    size: 122970 bytes
(epstopdf)             Command: <epstopdf --outfile=figure4-eps-converted-to.pdf figure4.eps>
(epstopdf)             \includegraphics on input line 129.
Package epstopdf Info: Output file is already uptodate.
<figure4-eps-converted-to.pdf, id=31, 379.4175pt x 330.23375pt>
File: figure4-eps-converted-to.pdf Graphic file (type pdf)
<use figure4-eps-converted-to.pdf>
Package luatex.def Info: figure4-eps-converted-to.pdf  used on input line 129.
(luatex.def)             Requested size: 151.7643pt x 132.09114pt.
Package epstopdf Info: Source file: <figure5.eps>
(epstopdf)                    date: 2023-10-30 02:04:04
(epstopdf)                    size: 13118186 bytes
(epstopdf)             Output file: <figure5-eps-converted-to.pdf>
(epstopdf)                    date: 2023-10-30 02:07:40
(epstopdf)                    size: 119513 bytes
(epstopdf)             Command: <epstopdf --outfile=figure5-eps-converted-to.pdf figure5.eps>
(epstopdf)             \includegraphics on input line 134.
Package epstopdf Info: Output file is already uptodate.
<figure5-eps-converted-to.pdf, id=32, 379.4175pt x 330.23375pt>
File: figure5-eps-converted-to.pdf Graphic file (type pdf)
<use figure5-eps-converted-to.pdf>
Package luatex.def Info: figure5-eps-converted-to.pdf  used on input line 134.
(luatex.def)             Requested size: 151.7643pt x 132.09114pt.
Package epstopdf Info: Source file: <figure6.eps>
(epstopdf)                    date: 2023-10-30 02:04:06
(epstopdf)                    size: 13426231 bytes
(epstopdf)             Output file: <figure6-eps-converted-to.pdf>
(epstopdf)                    date: 2023-10-30 02:07:42
(epstopdf)                    size: 124026 bytes
(epstopdf)             Command: <epstopdf --outfile=figure6-eps-converted-to.pdf figure6.eps>
(epstopdf)             \includegraphics on input line 140.
Package epstopdf Info: Output file is already uptodate.
<figure6-eps-converted-to.pdf, id=33, 388.45125pt x 330.23375pt>
File: figure6-eps-converted-to.pdf Graphic file (type pdf)
<use figure6-eps-converted-to.pdf>
Package luatex.def Info: figure6-eps-converted-to.pdf  used on input line 140.
(luatex.def)             Requested size: 155.37773pt x 132.09114pt.
Package epstopdf Info: Source file: <figure7.eps>
(epstopdf)                    date: 2023-10-30 02:04:07
(epstopdf)                    size: 13118186 bytes
(epstopdf)             Output file: <figure7-eps-converted-to.pdf>
(epstopdf)                    date: 2023-10-30 02:07:44
(epstopdf)                    size: 114338 bytes
(epstopdf)             Command: <epstopdf --outfile=figure7-eps-converted-to.pdf figure7.eps>
(epstopdf)             \includegraphics on input line 145.
Package epstopdf Info: Output file is already uptodate.
<figure7-eps-converted-to.pdf, id=34, 379.4175pt x 330.23375pt>
File: figure7-eps-converted-to.pdf Graphic file (type pdf)
<use figure7-eps-converted-to.pdf>
Package luatex.def Info: figure7-eps-converted-to.pdf  used on input line 145.
(luatex.def)             Requested size: 151.7643pt x 132.09114pt.
Package epstopdf Info: Source file: <figure8.eps>
(epstopdf)                    date: 2023-10-30 02:04:09
(epstopdf)                    size: 12903616 bytes
(epstopdf)             Output file: <figure8-eps-converted-to.pdf>
(epstopdf)                    date: 2023-10-30 02:07:45
(epstopdf)                    size: 109165 bytes
(epstopdf)             Command: <epstopdf --outfile=figure8-eps-converted-to.pdf figure8.eps>
(epstopdf)             \includegraphics on input line 150.
Package epstopdf Info: Output file is already uptodate.
<figure8-eps-converted-to.pdf, id=35, 370.38374pt x 332.24126pt>
File: figure8-eps-converted-to.pdf Graphic file (type pdf)
<use figure8-eps-converted-to.pdf>
Package luatex.def Info: figure8-eps-converted-to.pdf  used on input line 150.
(luatex.def)             Requested size: 148.15086pt x 132.89413pt.
Package epstopdf Info: Source file: <figure9.eps>
(epstopdf)                    date: 2023-10-30 02:04:11
(epstopdf)                    size: 12810153 bytes
(epstopdf)             Output file: <figure9-eps-converted-to.pdf>
(epstopdf)                    date: 2023-10-30 02:07:47
(epstopdf)                    size: 97182 bytes
(epstopdf)             Command: <epstopdf --outfile=figure9-eps-converted-to.pdf figure9.eps>
(epstopdf)             \includegraphics on input line 156.
Package epstopdf Info: Output file is already uptodate.
<figure9-eps-converted-to.pdf, id=36, 370.38374pt x 330.23375pt>
File: figure9-eps-converted-to.pdf Graphic file (type pdf)
<use figure9-eps-converted-to.pdf>
Package luatex.def Info: figure9-eps-converted-to.pdf  used on input line 156.
(luatex.def)             Requested size: 148.15086pt x 132.09114pt.
Package epstopdf Info: Source file: <figure10.eps>
(epstopdf)                    date: 2023-10-30 02:04:14
(epstopdf)                    size: 13118187 bytes
(epstopdf)             Output file: <figure10-eps-converted-to.pdf>
(epstopdf)                    date: 2023-10-30 02:07:48
(epstopdf)                    size: 112213 bytes
(epstopdf)             Command: <epstopdf --outfile=figure10-eps-converted-to.pdf figure10.eps>
(epstopdf)             \includegraphics on input line 161.
Package epstopdf Info: Output file is already uptodate.
<figure10-eps-converted-to.pdf, id=37, 379.4175pt x 330.23375pt>
File: figure10-eps-converted-to.pdf Graphic file (type pdf)
<use figure10-eps-converted-to.pdf>
Package luatex.def Info: figure10-eps-converted-to.pdf  used on input line 161.
(luatex.def)             Requested size: 151.7643pt x 132.09114pt.
Package epstopdf Info: Source file: <figure11.eps>
(epstopdf)                    date: 2023-10-30 02:04:15
(epstopdf)                    size: 13118187 bytes
(epstopdf)             Output file: <figure11-eps-converted-to.pdf>
(epstopdf)                    date: 2023-10-30 02:07:50
(epstopdf)                    size: 112037 bytes
(epstopdf)             Command: <epstopdf --outfile=figure11-eps-converted-to.pdf figure11.eps>
(epstopdf)             \includegraphics on input line 166.
Package epstopdf Info: Output file is already uptodate.
<figure11-eps-converted-to.pdf, id=38, 379.4175pt x 330.23375pt>
File: figure11-eps-converted-to.pdf Graphic file (type pdf)
<use figure11-eps-converted-to.pdf>
Package luatex.def Info: figure11-eps-converted-to.pdf  used on input line 166.
(luatex.def)             Requested size: 151.7643pt x 132.09114pt.
Package epstopdf Info: Source file: <figure12.eps>
(epstopdf)                    date: 2023-10-30 02:04:17
(epstopdf)                    size: 13426232 bytes
(epstopdf)             Output file: <figure12-eps-converted-to.pdf>
(epstopdf)                    date: 2023-10-30 02:07:52
(epstopdf)                    size: 139452 bytes
(epstopdf)             Command: <epstopdf --outfile=figure12-eps-converted-to.pdf figure12.eps>
(epstopdf)             \includegraphics on input line 172.
Package epstopdf Info: Output file is already uptodate.
<figure12-eps-converted-to.pdf, id=39, 388.45125pt x 330.23375pt>
File: figure12-eps-converted-to.pdf Graphic file (type pdf)
<use figure12-eps-converted-to.pdf>
Package luatex.def Info: figure12-eps-converted-to.pdf  used on input line 172.
(luatex.def)             Requested size: 155.37773pt x 132.09114pt.
 [3


Missing character: There is no  (U+2265) in font HiraMinPro-W3:mode=node;script=hani;language=dflt;-kern;jfm=ujis!
<./figure2-eps-converted-to.pdf>] [4<./figure3-eps-converted-to.pdf><./figure4-eps-converted-to.pdf><./figure5-eps-converted-to.pdf><./figure6-eps-converted-to.pdf><./figure7-eps-converted-to.pdf><./figure8-eps-converted-to.pdf><./figure9-eps-converted-to.pdf><./figure10-eps-converted-to.pdf><./figure11-eps-converted-to.pdf><./figure12-eps-converted-to.pdf>]
<figure13.png, id=69, 379.4175pt x 330.033pt>
File: figure13.png Graphic file (type png)
<use figure13.png>
Package luatex.def Info: figure13.png  used on input line 182.
(luatex.def)             Requested size: 189.70828pt x 165.01608pt.
Package epstopdf Info: Source file: <figure14-1.eps>
(epstopdf)                    date: 2023-10-30 02:04:21
(epstopdf)                    size: 21532834 bytes
(epstopdf)             Output file: <figure14-1-eps-converted-to.pdf>
(epstopdf)                    date: 2023-10-30 02:07:54
(epstopdf)                    size: 179420 bytes
(epstopdf)             Command: <epstopdf --outfile=figure14-1-eps-converted-to.pdf figure14-1.eps>
(epstopdf)             \includegraphics on input line 192.
Package epstopdf Info: Output file is already uptodate.
<figure14-1-eps-converted-to.pdf, id=70, 626.34pt x 328.22626pt>
File: figure14-1-eps-converted-to.pdf Graphic file (type pdf)
<use figure14-1-eps-converted-to.pdf>
Package luatex.def Info: figure14-1-eps-converted-to.pdf  used on input line 192.
(luatex.def)             Requested size: 250.53156pt x 131.28816pt.
Package epstopdf Info: Source file: <figure14-2.eps>
(epstopdf)                    date: 2023-10-30 02:04:25
(epstopdf)                    size: 21690208 bytes
(epstopdf)             Output file: <figure14-2-eps-converted-to.pdf>
(epstopdf)                    date: 2023-10-30 02:07:56
(epstopdf)                    size: 185338 bytes
(epstopdf)             Command: <epstopdf --outfile=figure14-2-eps-converted-to.pdf figure14-2.eps>
(epstopdf)             \includegraphics on input line 196.
Package epstopdf Info: Output file is already uptodate.
<figure14-2-eps-converted-to.pdf, id=71, 630.355pt x 328.22626pt>
File: figure14-2-eps-converted-to.pdf Graphic file (type pdf)
<use figure14-2-eps-converted-to.pdf>
Package luatex.def Info: figure14-2-eps-converted-to.pdf  used on input line 196.
(luatex.def)             Requested size: 252.13753pt x 131.28816pt.

Overfull \hbox (2.22pt too wide) in paragraph at lines 190--198
[][]$[]$[] []$[]$[] 
 []

Package epstopdf Info: Source file: <figure15-1.eps>
(epstopdf)                    date: 2023-10-30 02:04:27
(epstopdf)                    size: 21532834 bytes
(epstopdf)             Output file: <figure15-1-eps-converted-to.pdf>
(epstopdf)                    date: 2023-10-30 02:07:58
(epstopdf)                    size: 180005 bytes
(epstopdf)             Command: <epstopdf --outfile=figure15-1-eps-converted-to.pdf figure15-1.eps>
(epstopdf)             \includegraphics on input line 204.
Package epstopdf Info: Output file is already uptodate.
<figure15-1-eps-converted-to.pdf, id=72, 626.34pt x 328.22626pt>
File: figure15-1-eps-converted-to.pdf Graphic file (type pdf)
<use figure15-1-eps-converted-to.pdf>
Package luatex.def Info: figure15-1-eps-converted-to.pdf  used on input line 204.
(luatex.def)             Requested size: 250.53156pt x 131.28816pt.
Package epstopdf Info: Source file: <figure15-2.eps>
(epstopdf)                    date: 2023-10-30 02:04:29
(epstopdf)                    size: 21690208 bytes
(epstopdf)             Output file: <figure15-2-eps-converted-to.pdf>
(epstopdf)                    date: 2023-10-30 02:07:59
(epstopdf)                    size: 187708 bytes
(epstopdf)             Command: <epstopdf --outfile=figure15-2-eps-converted-to.pdf figure15-2.eps>
(epstopdf)             \includegraphics on input line 208.
Package epstopdf Info: Output file is already uptodate.
<figure15-2-eps-converted-to.pdf, id=73, 630.355pt x 328.22626pt>
File: figure15-2-eps-converted-to.pdf Graphic file (type pdf)
<use figure15-2-eps-converted-to.pdf>
Package luatex.def Info: figure15-2-eps-converted-to.pdf  used on input line 208.
(luatex.def)             Requested size: 252.13753pt x 131.28816pt.

Overfull \hbox (2.22pt too wide) in paragraph at lines 202--210
[][]$[]$[] []$[]$[] 
 []

[5

<./figure13.png><./figure14-1-eps-converted-to.pdf><./figure14-2-eps-converted-to.pdf><./figure15-1-eps-converted-to.pdf><./figure15-2-eps-converted-to.pdf>]
Package epstopdf Info: Source file: <figure16-1.eps>
(epstopdf)                    date: 2023-10-30 02:04:32
(epstopdf)                    size: 21532834 bytes
(epstopdf)             Output file: <figure16-1-eps-converted-to.pdf>
(epstopdf)                    date: 2023-10-30 02:08:01
(epstopdf)                    size: 177872 bytes
(epstopdf)             Command: <epstopdf --outfile=figure16-1-eps-converted-to.pdf figure16-1.eps>
(epstopdf)             \includegraphics on input line 217.
Package epstopdf Info: Output file is already uptodate.
<figure16-1-eps-converted-to.pdf, id=86, 626.34pt x 328.22626pt>
File: figure16-1-eps-converted-to.pdf Graphic file (type pdf)
<use figure16-1-eps-converted-to.pdf>
Package luatex.def Info: figure16-1-eps-converted-to.pdf  used on input line 217.
(luatex.def)             Requested size: 250.53156pt x 131.28816pt.
Package epstopdf Info: Source file: <figure16-2.eps>
(epstopdf)                    date: 2023-10-30 02:04:36
(epstopdf)                    size: 21690208 bytes
(epstopdf)             Output file: <figure16-2-eps-converted-to.pdf>
(epstopdf)                    date: 2023-10-30 02:08:03
(epstopdf)                    size: 188010 bytes
(epstopdf)             Command: <epstopdf --outfile=figure16-2-eps-converted-to.pdf figure16-2.eps>
(epstopdf)             \includegraphics on input line 221.
Package epstopdf Info: Output file is already uptodate.
<figure16-2-eps-converted-to.pdf, id=87, 630.355pt x 328.22626pt>
File: figure16-2-eps-converted-to.pdf Graphic file (type pdf)
<use figure16-2-eps-converted-to.pdf>
Package luatex.def Info: figure16-2-eps-converted-to.pdf  used on input line 221.
(luatex.def)             Requested size: 252.13753pt x 131.28816pt.

Overfull \hbox (2.22pt too wide) in paragraph at lines 215--223
[][]$[]$[] []$[]$[] 
 []

Package epstopdf Info: Source file: <figure17-1.eps>
(epstopdf)                    date: 2023-10-30 02:04:39
(epstopdf)                    size: 21532834 bytes
(epstopdf)             Output file: <figure17-1-eps-converted-to.pdf>
(epstopdf)                    date: 2023-10-30 02:08:05
(epstopdf)                    size: 178944 bytes
(epstopdf)             Command: <epstopdf --outfile=figure17-1-eps-converted-to.pdf figure17-1.eps>
(epstopdf)             \includegraphics on input line 229.
Package epstopdf Info: Output file is already uptodate.
<figure17-1-eps-converted-to.pdf, id=88, 626.34pt x 328.22626pt>
File: figure17-1-eps-converted-to.pdf Graphic file (type pdf)
<use figure17-1-eps-converted-to.pdf>
Package luatex.def Info: figure17-1-eps-converted-to.pdf  used on input line 229.
(luatex.def)             Requested size: 250.53156pt x 131.28816pt.
Package epstopdf Info: Source file: <figure17-2.eps>
(epstopdf)                    date: 2023-10-30 02:04:42
(epstopdf)                    size: 21690208 bytes
(epstopdf)             Output file: <figure17-2-eps-converted-to.pdf>
(epstopdf)                    date: 2023-10-30 02:08:07
(epstopdf)                    size: 187559 bytes
(epstopdf)             Command: <epstopdf --outfile=figure17-2-eps-converted-to.pdf figure17-2.eps>
(epstopdf)             \includegraphics on input line 233.
Package epstopdf Info: Output file is already uptodate.
<figure17-2-eps-converted-to.pdf, id=89, 630.355pt x 328.22626pt>
File: figure17-2-eps-converted-to.pdf Graphic file (type pdf)
<use figure17-2-eps-converted-to.pdf>
Package luatex.def Info: figure17-2-eps-converted-to.pdf  used on input line 233.
(luatex.def)             Requested size: 252.13753pt x 131.28816pt.

Overfull \hbox (2.22pt too wide) in paragraph at lines 227--235
[][]$[]$[] []$[]$[] 
 []

Package epstopdf Info: Source file: <figure18-1.eps>
(epstopdf)                    date: 2023-10-30 02:04:44
(epstopdf)                    size: 21532834 bytes
(epstopdf)             Output file: <figure18-1-eps-converted-to.pdf>
(epstopdf)                    date: 2023-10-30 02:08:08
(epstopdf)                    size: 178922 bytes
(epstopdf)             Command: <epstopdf --outfile=figure18-1-eps-converted-to.pdf figure18-1.eps>
(epstopdf)             \includegraphics on input line 241.
Package epstopdf Info: Output file is already uptodate.
<figure18-1-eps-converted-to.pdf, id=90, 626.34pt x 328.22626pt>
File: figure18-1-eps-converted-to.pdf Graphic file (type pdf)
<use figure18-1-eps-converted-to.pdf>
Package luatex.def Info: figure18-1-eps-converted-to.pdf  used on input line 241.
(luatex.def)             Requested size: 250.53156pt x 131.28816pt.
Package epstopdf Info: Source file: <figure18-2.eps>
(epstopdf)                    date: 2023-10-30 02:04:47
(epstopdf)                    size: 21690208 bytes
(epstopdf)             Output file: <figure18-2-eps-converted-to.pdf>
(epstopdf)                    date: 2023-10-30 02:08:10
(epstopdf)                    size: 183271 bytes
(epstopdf)             Command: <epstopdf --outfile=figure18-2-eps-converted-to.pdf figure18-2.eps>
(epstopdf)             \includegraphics on input line 245.
Package epstopdf Info: Output file is already uptodate.
<figure18-2-eps-converted-to.pdf, id=91, 630.355pt x 328.22626pt>
File: figure18-2-eps-converted-to.pdf Graphic file (type pdf)
<use figure18-2-eps-converted-to.pdf>
Package luatex.def Info: figure18-2-eps-converted-to.pdf  used on input line 245.
(luatex.def)             Requested size: 252.13753pt x 131.28816pt.

Overfull \hbox (2.22pt too wide) in paragraph at lines 239--247
[][]$[]$[] []$[]$[] 
 []

Package epstopdf Info: Source file: <figure19-1.eps>
(epstopdf)                    date: 2023-10-30 02:04:50
(epstopdf)                    size: 21532834 bytes
(epstopdf)             Output file: <figure19-1-eps-converted-to.pdf>
(epstopdf)                    date: 2023-10-30 02:08:12
(epstopdf)                    size: 180025 bytes
(epstopdf)             Command: <epstopdf --outfile=figure19-1-eps-converted-to.pdf figure19-1.eps>
(epstopdf)             \includegraphics on input line 253.
Package epstopdf Info: Output file is already uptodate.
<figure19-1-eps-converted-to.pdf, id=92, 626.34pt x 328.22626pt>
File: figure19-1-eps-converted-to.pdf Graphic file (type pdf)
<use figure19-1-eps-converted-to.pdf>
Package luatex.def Info: figure19-1-eps-converted-to.pdf  used on input line 253.
(luatex.def)             Requested size: 250.53156pt x 131.28816pt.
Package epstopdf Info: Source file: <figure19-2.eps>
(epstopdf)                    date: 2023-10-30 02:04:52
(epstopdf)                    size: 21226368 bytes
(epstopdf)             Output file: <figure19-2-eps-converted-to.pdf>
(epstopdf)                    date: 2023-10-30 02:08:14
(epstopdf)                    size: 172825 bytes
(epstopdf)             Command: <epstopdf --outfile=figure19-2-eps-converted-to.pdf figure19-2.eps>
(epstopdf)             \includegraphics on input line 257.
Package epstopdf Info: Output file is already uptodate.
<figure19-2-eps-converted-to.pdf, id=93, 617.30624pt x 328.22626pt>
File: figure19-2-eps-converted-to.pdf Graphic file (type pdf)
<use figure19-2-eps-converted-to.pdf>
Package luatex.def Info: figure19-2-eps-converted-to.pdf  used on input line 257.
(luatex.def)             Requested size: 246.91812pt x 131.28816pt.

Overfull \hbox (2.22pt too wide) in paragraph at lines 251--259
[][]$[]$[] []$[]$[] 
 []

[6<./figure16-1-eps-converted-to.pdf><./figure16-2-eps-converted-to.pdf><./figure17-1-eps-converted-to.pdf><./figure17-2-eps-converted-to.pdf><./figure18-1-eps-converted-to.pdf><./figure18-2-eps-converted-to.pdf><./figure19-1-eps-converted-to.pdf><./figure19-2-eps-converted-to.pdf>]
Package epstopdf Info: Source file: <figure20-1.eps>
(epstopdf)                    date: 2023-10-30 02:04:55
(epstopdf)                    size: 21532834 bytes
(epstopdf)             Output file: <figure20-1-eps-converted-to.pdf>
(epstopdf)                    date: 2023-10-30 02:08:16
(epstopdf)                    size: 179907 bytes
(epstopdf)             Command: <epstopdf --outfile=figure20-1-eps-converted-to.pdf figure20-1.eps>
(epstopdf)             \includegraphics on input line 266.
Package epstopdf Info: Output file is already uptodate.
<figure20-1-eps-converted-to.pdf, id=113, 626.34pt x 328.22626pt>
File: figure20-1-eps-converted-to.pdf Graphic file (type pdf)
<use figure20-1-eps-converted-to.pdf>
Package luatex.def Info: figure20-1-eps-converted-to.pdf  used on input line 266.
(luatex.def)             Requested size: 250.53156pt x 131.28816pt.
Package epstopdf Info: Source file: <figure20-2.eps>
(epstopdf)                    date: 2023-10-30 02:04:58
(epstopdf)                    size: 21226368 bytes
(epstopdf)             Output file: <figure20-2-eps-converted-to.pdf>
(epstopdf)                    date: 2023-10-30 02:08:17
(epstopdf)                    size: 176805 bytes
(epstopdf)             Command: <epstopdf --outfile=figure20-2-eps-converted-to.pdf figure20-2.eps>
(epstopdf)             \includegraphics on input line 270.
Package epstopdf Info: Output file is already uptodate.
<figure20-2-eps-converted-to.pdf, id=114, 617.30624pt x 328.22626pt>
File: figure20-2-eps-converted-to.pdf Graphic file (type pdf)
<use figure20-2-eps-converted-to.pdf>
Package luatex.def Info: figure20-2-eps-converted-to.pdf  used on input line 270.
(luatex.def)             Requested size: 246.91812pt x 131.28816pt.

Overfull \hbox (2.22pt too wide) in paragraph at lines 264--272
[][]$[]$[] []$[]$[] 
 []

Package epstopdf Info: Source file: <figure21-1.eps>
(epstopdf)                    date: 2023-10-30 02:05:01
(epstopdf)                    size: 21532834 bytes
(epstopdf)             Output file: <figure21-1-eps-converted-to.pdf>
(epstopdf)                    date: 2023-10-30 02:08:19
(epstopdf)                    size: 178488 bytes
(epstopdf)             Command: <epstopdf --outfile=figure21-1-eps-converted-to.pdf figure21-1.eps>
(epstopdf)             \includegraphics on input line 278.
Package epstopdf Info: Output file is already uptodate.
<figure21-1-eps-converted-to.pdf, id=115, 626.34pt x 328.22626pt>
File: figure21-1-eps-converted-to.pdf Graphic file (type pdf)
<use figure21-1-eps-converted-to.pdf>
Package luatex.def Info: figure21-1-eps-converted-to.pdf  used on input line 278.
(luatex.def)             Requested size: 250.53156pt x 131.28816pt.
Package epstopdf Info: Source file: <figure21-2.eps>
(epstopdf)                    date: 2023-10-30 02:05:05
(epstopdf)                    size: 21319783 bytes
(epstopdf)             Output file: <figure21-2-eps-converted-to.pdf>
(epstopdf)                    date: 2023-10-30 02:08:21
(epstopdf)                    size: 179237 bytes
(epstopdf)             Command: <epstopdf --outfile=figure21-2-eps-converted-to.pdf figure21-2.eps>
(epstopdf)             \includegraphics on input line 282.
Package epstopdf Info: Output file is already uptodate.
<figure21-2-eps-converted-to.pdf, id=116, 617.30624pt x 330.23375pt>
File: figure21-2-eps-converted-to.pdf Graphic file (type pdf)
<use figure21-2-eps-converted-to.pdf>
Package luatex.def Info: figure21-2-eps-converted-to.pdf  used on input line 282.
(luatex.def)             Requested size: 246.91812pt x 132.09114pt.

Overfull \hbox (2.22pt too wide) in paragraph at lines 276--284
[][]$[]$[] []$[]$[] 
 []

Package epstopdf Info: Source file: <figure22-1.eps>
(epstopdf)                    date: 2023-10-30 02:05:07
(epstopdf)                    size: 21532834 bytes
(epstopdf)             Output file: <figure22-1-eps-converted-to.pdf>
(epstopdf)                    date: 2023-10-30 02:09:13
(epstopdf)                    size: 178862 bytes
(epstopdf)             Command: <epstopdf --outfile=figure22-1-eps-converted-to.pdf figure22-1.eps>
(epstopdf)             \includegraphics on input line 290.
Package epstopdf Info: Output file is already uptodate.
<figure22-1-eps-converted-to.pdf, id=117, 626.34pt x 328.22626pt>
File: figure22-1-eps-converted-to.pdf Graphic file (type pdf)
<use figure22-1-eps-converted-to.pdf>
Package luatex.def Info: figure22-1-eps-converted-to.pdf  used on input line 290.
(luatex.def)             Requested size: 250.53156pt x 131.28816pt.
Package epstopdf Info: Source file: <figure22-2.eps>
(epstopdf)                    date: 2023-10-30 02:05:11
(epstopdf)                    size: 21226368 bytes
(epstopdf)             Output file: <figure22-2-eps-converted-to.pdf>
(epstopdf)                    date: 2023-10-30 02:09:15
(epstopdf)                    size: 176817 bytes
(epstopdf)             Command: <epstopdf --outfile=figure22-2-eps-converted-to.pdf figure22-2.eps>
(epstopdf)             \includegraphics on input line 294.
Package epstopdf Info: Output file is already uptodate.
<figure22-2-eps-converted-to.pdf, id=118, 617.30624pt x 328.22626pt>
File: figure22-2-eps-converted-to.pdf Graphic file (type pdf)
<use figure22-2-eps-converted-to.pdf>
Package luatex.def Info: figure22-2-eps-converted-to.pdf  used on input line 294.
(luatex.def)             Requested size: 246.91812pt x 131.28816pt.

Overfull \hbox (2.22pt too wide) in paragraph at lines 288--296
[][]$[]$[] []$[]$[] 
 []

Package epstopdf Info: Source file: <figure23-1.eps>
(epstopdf)                    date: 2023-10-30 02:05:13
(epstopdf)                    size: 21532834 bytes
(epstopdf)             Output file: <figure23-1-eps-converted-to.pdf>
(epstopdf)                    date: 2023-10-30 02:09:17
(epstopdf)                    size: 179126 bytes
(epstopdf)             Command: <epstopdf --outfile=figure23-1-eps-converted-to.pdf figure23-1.eps>
(epstopdf)             \includegraphics on input line 302.
Package epstopdf Info: Output file is already uptodate.
<figure23-1-eps-converted-to.pdf, id=119, 626.34pt x 328.22626pt>
File: figure23-1-eps-converted-to.pdf Graphic file (type pdf)
<use figure23-1-eps-converted-to.pdf>
Package luatex.def Info: figure23-1-eps-converted-to.pdf  used on input line 302.
(luatex.def)             Requested size: 250.53156pt x 131.28816pt.
Package epstopdf Info: Source file: <figure23-2.eps>
(epstopdf)                    date: 2023-10-30 02:05:16
(epstopdf)                    size: 21226368 bytes
(epstopdf)             Output file: <figure23-2-eps-converted-to.pdf>
(epstopdf)                    date: 2023-10-30 02:09:19
(epstopdf)                    size: 172641 bytes
(epstopdf)             Command: <epstopdf --outfile=figure23-2-eps-converted-to.pdf figure23-2.eps>
(epstopdf)             \includegraphics on input line 306.
Package epstopdf Info: Output file is already uptodate.
<figure23-2-eps-converted-to.pdf, id=120, 617.30624pt x 328.22626pt>
File: figure23-2-eps-converted-to.pdf Graphic file (type pdf)
<use figure23-2-eps-converted-to.pdf>
Package luatex.def Info: figure23-2-eps-converted-to.pdf  used on input line 306.
(luatex.def)             Requested size: 246.91812pt x 131.28816pt.

Overfull \hbox (2.22pt too wide) in paragraph at lines 300--308
[][]$[]$[] []$[]$[] 
 []

[7<./figure20-1-eps-converted-to.pdf><./figure20-2-eps-converted-to.pdf><./figure21-1-eps-converted-to.pdf><./figure21-2-eps-converted-to.pdf><./figure22-1-eps-converted-to.pdf><./figure22-2-eps-converted-to.pdf><./figure23-1-eps-converted-to.pdf><./figure23-2-eps-converted-to.pdf>]
Package epstopdf Info: Source file: <figure24-1.eps>
(epstopdf)                    date: 2023-10-30 02:05:18
(epstopdf)                    size: 21532834 bytes
(epstopdf)             Output file: <figure24-1-eps-converted-to.pdf>
(epstopdf)                    date: 2023-10-30 02:09:21
(epstopdf)                    size: 180720 bytes
(epstopdf)             Command: <epstopdf --outfile=figure24-1-eps-converted-to.pdf figure24-1.eps>
(epstopdf)             \includegraphics on input line 315.
Package epstopdf Info: Output file is already uptodate.
<figure24-1-eps-converted-to.pdf, id=140, 626.34pt x 328.22626pt>
File: figure24-1-eps-converted-to.pdf Graphic file (type pdf)
<use figure24-1-eps-converted-to.pdf>
Package luatex.def Info: figure24-1-eps-converted-to.pdf  used on input line 315.
(luatex.def)             Requested size: 250.53156pt x 131.28816pt.
Package epstopdf Info: Source file: <figure24-2.eps>
(epstopdf)                    date: 2023-10-30 02:05:22
(epstopdf)                    size: 21690208 bytes
(epstopdf)             Output file: <figure24-2-eps-converted-to.pdf>
(epstopdf)                    date: 2023-10-30 02:09:22
(epstopdf)                    size: 187870 bytes
(epstopdf)             Command: <epstopdf --outfile=figure24-2-eps-converted-to.pdf figure24-2.eps>
(epstopdf)             \includegraphics on input line 319.
Package epstopdf Info: Output file is already uptodate.
<figure24-2-eps-converted-to.pdf, id=141, 630.355pt x 328.22626pt>
File: figure24-2-eps-converted-to.pdf Graphic file (type pdf)
<use figure24-2-eps-converted-to.pdf>
Package luatex.def Info: figure24-2-eps-converted-to.pdf  used on input line 319.
(luatex.def)             Requested size: 252.13753pt x 131.28816pt.

Overfull \hbox (2.22pt too wide) in paragraph at lines 313--321
[][]$[]$[] []$[]$[] 
 []

Package epstopdf Info: Source file: <figure25-1.eps>
(epstopdf)                    date: 2023-10-30 02:05:25
(epstopdf)                    size: 21532834 bytes
(epstopdf)             Output file: <figure25-1-eps-converted-to.pdf>
(epstopdf)                    date: 2023-10-30 02:09:24
(epstopdf)                    size: 180343 bytes
(epstopdf)             Command: <epstopdf --outfile=figure25-1-eps-converted-to.pdf figure25-1.eps>
(epstopdf)             \includegraphics on input line 327.
Package epstopdf Info: Output file is already uptodate.
<figure25-1-eps-converted-to.pdf, id=142, 626.34pt x 328.22626pt>
File: figure25-1-eps-converted-to.pdf Graphic file (type pdf)
<use figure25-1-eps-converted-to.pdf>
Package luatex.def Info: figure25-1-eps-converted-to.pdf  used on input line 327.
(luatex.def)             Requested size: 250.53156pt x 131.28816pt.
Package epstopdf Info: Source file: <figure25-2.eps>
(epstopdf)                    date: 2023-10-30 02:05:27
(epstopdf)                    size: 21690208 bytes
(epstopdf)             Output file: <figure25-2-eps-converted-to.pdf>
(epstopdf)                    date: 2023-10-30 02:09:26
(epstopdf)                    size: 185202 bytes
(epstopdf)             Command: <epstopdf --outfile=figure25-2-eps-converted-to.pdf figure25-2.eps>
(epstopdf)             \includegraphics on input line 331.
Package epstopdf Info: Output file is already uptodate.
<figure25-2-eps-converted-to.pdf, id=143, 630.355pt x 328.22626pt>
File: figure25-2-eps-converted-to.pdf Graphic file (type pdf)
<use figure25-2-eps-converted-to.pdf>
Package luatex.def Info: figure25-2-eps-converted-to.pdf  used on input line 331.
(luatex.def)             Requested size: 252.13753pt x 131.28816pt.

Overfull \hbox (2.22pt too wide) in paragraph at lines 325--333
[][]$[]$[] []$[]$[] 
 []

[8



<./figure24-1-eps-converted-to.pdf><./figure24-2-eps-converted-to.pdf><./figure25-1-eps-converted-to.pdf><./figure25-2-eps-converted-to.pdf>]
Package epstopdf Info: Source file: <figure26.eps>
(epstopdf)                    date: 2023-10-30 02:05:30
(epstopdf)                    size: 20545998 bytes
(epstopdf)             Output file: <figure26-eps-converted-to.pdf>
(epstopdf)                    date: 2023-10-30 02:09:27
(epstopdf)                    size: 561577 bytes
(epstopdf)             Command: <epstopdf --outfile=figure26-eps-converted-to.pdf figure26.eps>
(epstopdf)             \includegraphics on input line 366.
Package epstopdf Info: Output file is already uptodate.
<figure26-eps-converted-to.pdf, id=155, 1176.395pt x 723.70375pt>
File: figure26-eps-converted-to.pdf Graphic file (type pdf)
<use figure26-eps-converted-to.pdf>
Package luatex.def Info: figure26-eps-converted-to.pdf  used on input line 366.
(luatex.def)             Requested size: 294.09804pt x 180.92549pt.
Package epstopdf Info: Source file: <figure27.eps>
(epstopdf)                    date: 2023-10-30 02:05:32
(epstopdf)                    size: 20454066 bytes
(epstopdf)             Output file: <figure27-eps-converted-to.pdf>
(epstopdf)                    date: 2023-10-30 02:09:29
(epstopdf)                    size: 577092 bytes
(epstopdf)             Command: <epstopdf --outfile=figure27-eps-converted-to.pdf figure27.eps>
(epstopdf)             \includegraphics on input line 372.
Package epstopdf Info: Output file is already uptodate.
<figure27-eps-converted-to.pdf, id=156, 1174.3875pt x 721.69624pt>
File: figure27-eps-converted-to.pdf Graphic file (type pdf)
<use figure27-eps-converted-to.pdf>
Package luatex.def Info: figure27-eps-converted-to.pdf  used on input line 372.
(luatex.def)             Requested size: 293.59616pt x 180.42361pt.
 [9

<./figure26-eps-converted-to.pdf><./figure27-eps-converted-to.pdf>]
Package epstopdf Info: Source file: <figure28.eps>
(epstopdf)                    date: 2023-10-30 02:05:33
(epstopdf)                    size: 7096940 bytes
(epstopdf)             Output file: <figure28-eps-converted-to.pdf>
(epstopdf)                    date: 2023-10-30 02:09:30
(epstopdf)                    size: 59506 bytes
(epstopdf)             Command: <epstopdf --outfile=figure28-eps-converted-to.pdf figure28.eps>
(epstopdf)             \includegraphics on input line 381.
Package epstopdf Info: Output file is already uptodate.
<figure28-eps-converted-to.pdf, id=164, 730.73pt x 905.3825pt>
File: figure28-eps-converted-to.pdf Graphic file (type pdf)
<use figure28-eps-converted-to.pdf>
Package luatex.def Info: figure28-eps-converted-to.pdf  used on input line 381.
(luatex.def)             Requested size: 219.22069pt x 271.61684pt.
 [10

<./figure28-eps-converted-to.pdf>]
\openout2 = data.aux
 (./data.tex)
Runaway argument?
{ \begin {tikzpicture}[gnuplot] \path (0.000,0.000) rectangle (12.500\ETC.
./B4.tex:426: File ended while scanning use of \Gscale@box.
<inserted text> 
\par 
l.426   \include{data.tex}
                        
I suspect you have forgotten a `}', causing me
to read past where you wanted me to stop.
I'll try to recover; but if the error is serious,
you'd better type `E' or `X' now and fix your file.

LaTeX Font Info:    Font shape `JT3/gt/m/n' will be
(Font)              scaled to size 13.31586pt on input line 435.
(load cache: extra_lmsans12-regular.luc) [11




] (./B4.aux (./data.aux)))

Here is how much of LuaTeX's memory you used:
 22477 strings out of 478285
 125244,1977958 words of node,token memory allocated
 1264 words of node memory still in use:
   10 hlist, 2 vlist, 5 rule, 2 glue, 4 kern, 1 glyph, 300 attribute, 54 glue_spec, 38 attribute_list, 2 write, 13 user_defined nodes
   avail lists: 1:17,2:38650,3:340,4:330,5:129,6:68,7:3880,8:31,9:1472,10:28,11:8
 41535 multiletter control sequences out of 65536+600000
 136 fonts using 104716847 bytes
 118i,11n,115p,1761b,668s stack positions out of 10000i,1000n,20000p,200000b,200000s
</usr/local/texlive/2023/texmf-dist/fonts/opentype/public/lm/lmroman10-bold.otf></usr/local/texlive/2023/texmf-dist/fonts/opentype/public/lm/lmroman7-regular.otf></usr/local/texlive/2023/texmf-dist/fonts/opentype/public/lm/lmroman8-regular.otf></usr/local/texlive/2023/texmf-dist/fonts/opentype/public/lm/lmroman10-regular.otf></usr/local/texlive/2023/texmf-dist/fonts/opentype/public/lm/lmroman17-regular.otf></System/Library/Fonts/ ProN.ttc></System/Library/Fonts/ ProN.ttc></usr/local/texlive/2023/texmf-dist/fonts/opentype/public/lm/lmroman12-regular.otf></usr/local/texlive/2023/texmf-dist/fonts/opentype/public/lm/lmroman12-bold.otf></System/Library/Fonts/ ProN.ttc></System/Library/Fonts/ ProN.ttc></usr/local/texlive/2023/texmf-dist/fonts/type1/public/amsfonts/cm/cmmi10.pfb></usr/local/texlive/2023/texmf-dist/fonts/type1/public/amsfonts/cm/cmmi12.pfb></usr/local/texlive/2023/texmf-dist/fonts/type1/public/a
msfonts/cm/cmr10.pfb></usr/local/texlive/2023/texmf-dist/fonts/type1/public/amsfonts/cm/cmr7.pfb></usr/local/texlive/2023/texmf-dist/fonts/type1/public/amsfonts/cm/cmsy10.pfb></usr/local/texlive/2023/texmf-dist/fonts/type1/public/amsfonts/cm/cmsy7.pfb>
Output written on B4.pdf (11 pages, 7097328 bytes).

PDF statistics: 250 PDF objects out of 1000 (max. 8388607)
 122 compressed objects within 2 object streams
 0 named destinations out of 1000 (max. 131072)
 16 words of extra memory for PDF output out of 10000 (max. 100000000)

