This is LuaHBTeX, Version 1.16.0 (TeX Live 2023)  (format=lualatex 2023.10.26)  2 NOV 2023 15:26
 restricted system commands enabled.
 file:line:error style messages enabled.
**data.tex
(./data.tex
LaTeX2e <2022-11-01> patch level 1
Lua module: luaotfload 2022-10-03 3.23 Lua based OpenType font support
Lua module: lualibs 2022-10-04 2.75 ConTeXt Lua standard libraries.
Lua module: lualibs-extended 2022-10-04 2.75 ConTeXt Lua libraries -- extended collection.
luaotfload | conf : Root cache directory is "/Users/hiraiyuuware/Library/texlive/2023/texmf-var/luatex-cache/generic/names".
luaotfload | init : Loading fontloader "fontloader-2022-10-03.lua" from kpse-resolved path "/usr/local/texlive/2023/texmf-dist/tex/luatex/luaotfload/fontloader-2022-10-03.lua".
Lua-only attribute luaotfload@noligature = 1
luaotfload | init : Context OpenType loader version 3.120
Inserting `luaotfload.node_processor' in `pre_linebreak_filter'.
Inserting `luaotfload.node_processor' in `hpack_filter'.
Inserting `luaotfload.glyph_stream' in `glyph_stream_provider'.
Inserting `luaotfload.define_font' in `define_font'.
Lua-only attribute luaotfload_color_attribute = 2
luaotfload | conf : Root cache directory is "/Users/hiraiyuuware/Library/texlive/2023/texmf-var/luatex-cache/generic/names".
Inserting `luaotfload.harf.strip_prefix' in `find_opentype_file'.
Inserting `luaotfload.harf.strip_prefix' in `find_truetype_file'.
Removing  `luaotfload.glyph_stream' from `glyph_stream_provider'.
Inserting `luaotfload.harf.glyphstream' in `glyph_stream_provider'.
Inserting `luaotfload.harf.finalize_vlist' in `post_linebreak_filter'.
Inserting `luaotfload.harf.finalize_hlist' in `hpack_filter'.
Inserting `luaotfload.cleanup_files' in `wrapup_run'.
Inserting `luaotfload.harf.finalize_unicode' in `finish_pdffile'.
Inserting `luaotfload.glyphinfo' in `glyph_info'.
Lua-only attribute luaotfload.letterspace_done = 3
Inserting `luaotfload.aux.set_sscale_dimens' in `luaotfload.patch_font'.
Inserting `luaotfload.aux.set_font_index' in `luaotfload.patch_font'.
Inserting `luaotfload.aux.patch_cambria_domh' in `luaotfload.patch_font'.
Inserting `luaotfload.aux.fixup_fontdata' in `luaotfload.patch_font_unsafe'.
Inserting `luaotfload.aux.set_capheight' in `luaotfload.patch_font'.
Inserting `luaotfload.aux.set_xheight' in `luaotfload.patch_font'.
Inserting `luaotfload.rewrite_fontname' in `luaotfload.patch_font'. L3 programming layer <2023-02-22>
Inserting `tracingstacklevels' in `input_level_string'.
./data.tex:1: Undefined control sequence.
l.1 \scalebox
           {0.7}[0.7]{
The control sequence at the end of the top line
of your error message was never \def'ed. If you have
misspelled it (e.g., `\hobx'), type `I' and the correct
spelling (e.g., `I\hbox'). Otherwise just continue,
and I'll forget about whatever was undefined.


./data.tex:1: LaTeX Error: Missing \begin{document}.

See the LaTeX manual or LaTeX Companion for explanation.
Type  H <return>  for immediate help.
 ...                                              
                                                  
l.1 \scalebox{0
             .7}[0.7]{
You're in trouble here.  Try typing  <return>  to proceed.
If that doesn't work, type  X <return>  to quit.


./data.tex:2: LaTeX Error: Environment tikzpicture undefined.

See the LaTeX manual or LaTeX Companion for explanation.
Type  H <return>  for immediate help.
 ...                                              
                                                  
l.2 \begin{tikzpicture}
                     [gnuplot]
Your command was ignored.
Type  I <command> <return>  to replace it with another command,
or  <return>  to continue without it.

./data.tex:5: Undefined control sequence.
l.5 \path
        (0.000,0.000) rectangle (12.500,8.750);
The control sequence at the end of the top line
of your error message was never \def'ed. If you have
misspelled it (e.g., `\hobx'), type `I' and the correct
spelling (e.g., `I\hbox'). Otherwise just continue,
and I'll forget about whatever was undefined.

./data.tex:6: Undefined control sequence.
l.6 \gpcolor
          {color=gp lt color border}
The control sequence at the end of the top line
of your error message was never \def'ed. If you have
misspelled it (e.g., `\hobx'), type `I' and the correct
spelling (e.g., `I\hbox'). Otherwise just continue,
and I'll forget about whatever was undefined.

./data.tex:7: Undefined control sequence.
l.7 \gpsetlinetype
                {gp lt border}
The control sequence at the end of the top line
of your error message was never \def'ed. If you have
misspelled it (e.g., `\hobx'), type `I' and the correct
spelling (e.g., `I\hbox'). Otherwise just continue,
and I'll forget about whatever was undefined.

./data.tex:8: Undefined control sequence.
l.8 \gpsetdashtype
                {gp dt solid}
The control sequence at the end of the top line
of your error message was never \def'ed. If you have
misspelled it (e.g., `\hobx'), type `I' and the correct
spelling (e.g., `I\hbox'). Otherwise just continue,
and I'll forget about whatever was undefined.

./data.tex:9: Undefined control sequence.
l.9 \gpsetlinewidth
                 {1.00}
The control sequence at the end of the top line
of your error message was never \def'ed. If you have
misspelled it (e.g., `\hobx'), type `I' and the correct
spelling (e.g., `I\hbox'). Otherwise just continue,
and I'll forget about whatever was undefined.

./data.tex:10: Undefined control sequence.
l.10 \draw
        [gp path] (0.018,0.031)--(0.198,0.031);
The control sequence at the end of the top line
of your error message was never \def'ed. If you have
misspelled it (e.g., `\hobx'), type `I' and the correct
spelling (e.g., `I\hbox'). Otherwise just continue,
and I'll forget about whatever was undefined.

./data.tex:11: Undefined control sequence.
l.11 \draw
        [gp path] (12.480,0.031)--(12.300,0.031);
The control sequence at the end of the top line
of your error message was never \def'ed. If you have
misspelled it (e.g., `\hobx'), type `I' and the correct
spelling (e.g., `I\hbox'). Otherwise just continue,
and I'll forget about whatever was undefined.

./data.tex:12: Undefined control sequence.
l.12 \node
        [gp node right] at (-0.166,0.031) {$0.05$};
The control sequence at the end of the top line
of your error message was never \def'ed. If you have
misspelled it (e.g., `\hobx'), type `I' and the correct
spelling (e.g., `I\hbox'). Otherwise just continue,
and I'll forget about whatever was undefined.

LaTeX Font Info:    External font `cmex10' loaded for size
(Font)              <7> on input line 12.
LaTeX Font Info:    External font `cmex10' loaded for size
(Font)              <5> on input line 12.
./data.tex:13: Undefined control sequence.
l.13 \draw
        [gp path] (0.018,0.900)--(0.198,0.900);
The control sequence at the end of the top line
of your error message was never \def'ed. If you have
misspelled it (e.g., `\hobx'), type `I' and the correct
spelling (e.g., `I\hbox'). Otherwise just continue,
and I'll forget about whatever was undefined.

./data.tex:14: Undefined control sequence.
l.14 \draw
        [gp path] (12.480,0.900)--(12.300,0.900);
The control sequence at the end of the top line
of your error message was never \def'ed. If you have
misspelled it (e.g., `\hobx'), type `I' and the correct
spelling (e.g., `I\hbox'). Otherwise just continue,
and I'll forget about whatever was undefined.

./data.tex:15: Undefined control sequence.
l.15 \node
        [gp node right] at (-0.166,0.900) {$0.1$};
The control sequence at the end of the top line
of your error message was never \def'ed. If you have
misspelled it (e.g., `\hobx'), type `I' and the correct
spelling (e.g., `I\hbox'). Otherwise just continue,
and I'll forget about whatever was undefined.

./data.tex:16: Undefined control sequence.
l.16 \draw
        [gp path] (0.018,1.768)--(0.198,1.768);
The control sequence at the end of the top line
of your error message was never \def'ed. If you have
misspelled it (e.g., `\hobx'), type `I' and the correct
spelling (e.g., `I\hbox'). Otherwise just continue,
and I'll forget about whatever was undefined.

./data.tex:17: Undefined control sequence.
l.17 \draw
        [gp path] (12.480,1.768)--(12.300,1.768);
The control sequence at the end of the top line
of your error message was never \def'ed. If you have
misspelled it (e.g., `\hobx'), type `I' and the correct
spelling (e.g., `I\hbox'). Otherwise just continue,
and I'll forget about whatever was undefined.

./data.tex:18: Undefined control sequence.
l.18 \node
        [gp node right] at (-0.166,1.768) {$0.15$};
The control sequence at the end of the top line
of your error message was never \def'ed. If you have
misspelled it (e.g., `\hobx'), type `I' and the correct
spelling (e.g., `I\hbox'). Otherwise just continue,
and I'll forget about whatever was undefined.

./data.tex:19: Undefined control sequence.
l.19 \draw
        [gp path] (0.018,2.637)--(0.198,2.637);
The control sequence at the end of the top line
of your error message was never \def'ed. If you have
misspelled it (e.g., `\hobx'), type `I' and the correct
spelling (e.g., `I\hbox'). Otherwise just continue,
and I'll forget about whatever was undefined.

./data.tex:20: Undefined control sequence.
l.20 \draw
        [gp path] (12.480,2.637)--(12.300,2.637);
The control sequence at the end of the top line
of your error message was never \def'ed. If you have
misspelled it (e.g., `\hobx'), type `I' and the correct
spelling (e.g., `I\hbox'). Otherwise just continue,
and I'll forget about whatever was undefined.

./data.tex:21: Undefined control sequence.
l.21 \node
        [gp node right] at (-0.166,2.637) {$0.2$};
The control sequence at the end of the top line
of your error message was never \def'ed. If you have
misspelled it (e.g., `\hobx'), type `I' and the correct
spelling (e.g., `I\hbox'). Otherwise just continue,
and I'll forget about whatever was undefined.

./data.tex:22: Undefined control sequence.
l.22 \draw
        [gp path] (0.018,3.506)--(0.198,3.506);
The control sequence at the end of the top line
of your error message was never \def'ed. If you have
misspelled it (e.g., `\hobx'), type `I' and the correct
spelling (e.g., `I\hbox'). Otherwise just continue,
and I'll forget about whatever was undefined.

./data.tex:23: Undefined control sequence.
l.23 \draw
        [gp path] (12.480,3.506)--(12.300,3.506);
The control sequence at the end of the top line
of your error message was never \def'ed. If you have
misspelled it (e.g., `\hobx'), type `I' and the correct
spelling (e.g., `I\hbox'). Otherwise just continue,
and I'll forget about whatever was undefined.

./data.tex:24: Undefined control sequence.
l.24 \node
        [gp node right] at (-0.166,3.506) {$0.25$};
The control sequence at the end of the top line
of your error message was never \def'ed. If you have
misspelled it (e.g., `\hobx'), type `I' and the correct
spelling (e.g., `I\hbox'). Otherwise just continue,
and I'll forget about whatever was undefined.

./data.tex:25: Undefined control sequence.
l.25 \draw
        [gp path] (0.018,4.375)--(0.198,4.375);
The control sequence at the end of the top line
of your error message was never \def'ed. If you have
misspelled it (e.g., `\hobx'), type `I' and the correct
spelling (e.g., `I\hbox'). Otherwise just continue,
and I'll forget about whatever was undefined.

./data.tex:26: Undefined control sequence.
l.26 \draw
        [gp path] (12.480,4.375)--(12.300,4.375);
The control sequence at the end of the top line
of your error message was never \def'ed. If you have
misspelled it (e.g., `\hobx'), type `I' and the correct
spelling (e.g., `I\hbox'). Otherwise just continue,
and I'll forget about whatever was undefined.

./data.tex:27: Undefined control sequence.
l.27 \node
        [gp node right] at (-0.166,4.375) {$0.3$};
The control sequence at the end of the top line
of your error message was never \def'ed. If you have
misspelled it (e.g., `\hobx'), type `I' and the correct
spelling (e.g., `I\hbox'). Otherwise just continue,
and I'll forget about whatever was undefined.

./data.tex:28: Undefined control sequence.
l.28 \draw
        [gp path] (0.018,5.243)--(0.198,5.243);
The control sequence at the end of the top line
of your error message was never \def'ed. If you have
misspelled it (e.g., `\hobx'), type `I' and the correct
spelling (e.g., `I\hbox'). Otherwise just continue,
and I'll forget about whatever was undefined.

./data.tex:29: Undefined control sequence.
l.29 \draw
        [gp path] (12.480,5.243)--(12.300,5.243);
The control sequence at the end of the top line
of your error message was never \def'ed. If you have
misspelled it (e.g., `\hobx'), type `I' and the correct
spelling (e.g., `I\hbox'). Otherwise just continue,
and I'll forget about whatever was undefined.

./data.tex:30: Undefined control sequence.
l.30 \node
        [gp node right] at (-0.166,5.243) {$0.35$};
The control sequence at the end of the top line
of your error message was never \def'ed. If you have
misspelled it (e.g., `\hobx'), type `I' and the correct
spelling (e.g., `I\hbox'). Otherwise just continue,
and I'll forget about whatever was undefined.

./data.tex:31: Undefined control sequence.
l.31 \draw
        [gp path] (0.018,6.112)--(0.198,6.112);
The control sequence at the end of the top line
of your error message was never \def'ed. If you have
misspelled it (e.g., `\hobx'), type `I' and the correct
spelling (e.g., `I\hbox'). Otherwise just continue,
and I'll forget about whatever was undefined.

./data.tex:32: Undefined control sequence.
l.32 \draw
        [gp path] (12.480,6.112)--(12.300,6.112);
The control sequence at the end of the top line
of your error message was never \def'ed. If you have
misspelled it (e.g., `\hobx'), type `I' and the correct
spelling (e.g., `I\hbox'). Otherwise just continue,
and I'll forget about whatever was undefined.

./data.tex:33: Undefined control sequence.
l.33 \node
        [gp node right] at (-0.166,6.112) {$0.4$};
The control sequence at the end of the top line
of your error message was never \def'ed. If you have
misspelled it (e.g., `\hobx'), type `I' and the correct
spelling (e.g., `I\hbox'). Otherwise just continue,
and I'll forget about whatever was undefined.

./data.tex:34: Undefined control sequence.
l.34 \draw
        [gp path] (0.018,6.981)--(0.198,6.981);
The control sequence at the end of the top line
of your error message was never \def'ed. If you have
misspelled it (e.g., `\hobx'), type `I' and the correct
spelling (e.g., `I\hbox'). Otherwise just continue,
and I'll forget about whatever was undefined.

./data.tex:35: Undefined control sequence.
l.35 \draw
        [gp path] (12.480,6.981)--(12.300,6.981);
The control sequence at the end of the top line
of your error message was never \def'ed. If you have
misspelled it (e.g., `\hobx'), type `I' and the correct
spelling (e.g., `I\hbox'). Otherwise just continue,
and I'll forget about whatever was undefined.

./data.tex:36: Undefined control sequence.
l.36 \node
        [gp node right] at (-0.166,6.981) {$0.45$};
The control sequence at the end of the top line
of your error message was never \def'ed. If you have
misspelled it (e.g., `\hobx'), type `I' and the correct
spelling (e.g., `I\hbox'). Otherwise just continue,
and I'll forget about whatever was undefined.

./data.tex:37: Undefined control sequence.
l.37 \draw
        [gp path] (0.018,7.849)--(0.198,7.849);
The control sequence at the end of the top line
of your error message was never \def'ed. If you have
misspelled it (e.g., `\hobx'), type `I' and the correct
spelling (e.g., `I\hbox'). Otherwise just continue,
and I'll forget about whatever was undefined.

./data.tex:38: Undefined control sequence.
l.38 \draw
        [gp path] (12.480,7.849)--(12.300,7.849);
The control sequence at the end of the top line
of your error message was never \def'ed. If you have
misspelled it (e.g., `\hobx'), type `I' and the correct
spelling (e.g., `I\hbox'). Otherwise just continue,
and I'll forget about whatever was undefined.

./data.tex:39: Undefined control sequence.
l.39 \node
        [gp node right] at (-0.166,7.849) {$0.5$};
The control sequence at the end of the top line
of your error message was never \def'ed. If you have
misspelled it (e.g., `\hobx'), type `I' and the correct
spelling (e.g., `I\hbox'). Otherwise just continue,
and I'll forget about whatever was undefined.

./data.tex:40: Undefined control sequence.
l.40 \draw
        [gp path] (0.018,8.718)--(0.198,8.718);
The control sequence at the end of the top line
of your error message was never \def'ed. If you have
misspelled it (e.g., `\hobx'), type `I' and the correct
spelling (e.g., `I\hbox'). Otherwise just continue,
and I'll forget about whatever was undefined.

./data.tex:41: Undefined control sequence.
l.41 \draw
        [gp path] (12.480,8.718)--(12.300,8.718);
The control sequence at the end of the top line
of your error message was never \def'ed. If you have
misspelled it (e.g., `\hobx'), type `I' and the correct
spelling (e.g., `I\hbox'). Otherwise just continue,
and I'll forget about whatever was undefined.

./data.tex:42: Undefined control sequence.
l.42 \node
        [gp node right] at (-0.166,8.718) {$0.55$};
The control sequence at the end of the top line
of your error message was never \def'ed. If you have
misspelled it (e.g., `\hobx'), type `I' and the correct
spelling (e.g., `I\hbox'). Otherwise just continue,
and I'll forget about whatever was undefined.

./data.tex:43: Undefined control sequence.
l.43 \draw
        [gp path] (0.751,0.031)--(0.751,0.211);
The control sequence at the end of the top line
of your error message was never \def'ed. If you have
misspelled it (e.g., `\hobx'), type `I' and the correct
spelling (e.g., `I\hbox'). Otherwise just continue,
and I'll forget about whatever was undefined.

./data.tex:44: Undefined control sequence.
l.44 \draw
        [gp path] (0.751,8.718)--(0.751,8.538);
The control sequence at the end of the top line
of your error message was never \def'ed. If you have
misspelled it (e.g., `\hobx'), type `I' and the correct
spelling (e.g., `I\hbox'). Otherwise just continue,
and I'll forget about whatever was undefined.

./data.tex:45: Undefined control sequence.
l.45 \node
        [gp node center] at (0.751,-0.277) {$40$};
The control sequence at the end of the top line
of your error message was never \def'ed. If you have
misspelled it (e.g., `\hobx'), type `I' and the correct
spelling (e.g., `I\hbox'). Otherwise just continue,
and I'll forget about whatever was undefined.

./data.tex:46: Undefined control sequence.
l.46 \draw
        [gp path] (2.217,0.031)--(2.217,0.211);
The control sequence at the end of the top line
of your error message was never \def'ed. If you have
misspelled it (e.g., `\hobx'), type `I' and the correct
spelling (e.g., `I\hbox'). Otherwise just continue,
and I'll forget about whatever was undefined.

./data.tex:47: Undefined control sequence.
l.47 \draw
        [gp path] (2.217,8.718)--(2.217,8.538);
The control sequence at the end of the top line
of your error message was never \def'ed. If you have
misspelled it (e.g., `\hobx'), type `I' and the correct
spelling (e.g., `I\hbox'). Otherwise just continue,
and I'll forget about whatever was undefined.

./data.tex:48: Undefined control sequence.
l.48 \node
        [gp node center] at (2.217,-0.277) {$60$};
The control sequence at the end of the top line
of your error message was never \def'ed. If you have
misspelled it (e.g., `\hobx'), type `I' and the correct
spelling (e.g., `I\hbox'). Otherwise just continue,
and I'll forget about whatever was undefined.

./data.tex:49: Undefined control sequence.
l.49 \draw
        [gp path] (3.683,0.031)--(3.683,0.211);
The control sequence at the end of the top line
of your error message was never \def'ed. If you have
misspelled it (e.g., `\hobx'), type `I' and the correct
spelling (e.g., `I\hbox'). Otherwise just continue,
and I'll forget about whatever was undefined.

./data.tex:50: Undefined control sequence.
l.50 \draw
        [gp path] (3.683,8.718)--(3.683,8.538);
The control sequence at the end of the top line
of your error message was never \def'ed. If you have
misspelled it (e.g., `\hobx'), type `I' and the correct
spelling (e.g., `I\hbox'). Otherwise just continue,
and I'll forget about whatever was undefined.

./data.tex:51: Undefined control sequence.
l.51 \node
        [gp node center] at (3.683,-0.277) {$80$};
The control sequence at the end of the top line
of your error message was never \def'ed. If you have
misspelled it (e.g., `\hobx'), type `I' and the correct
spelling (e.g., `I\hbox'). Otherwise just continue,
and I'll forget about whatever was undefined.

./data.tex:52: Undefined control sequence.
l.52 \draw
        [gp path] (5.149,0.031)--(5.149,0.211);
The control sequence at the end of the top line
of your error message was never \def'ed. If you have
misspelled it (e.g., `\hobx'), type `I' and the correct
spelling (e.g., `I\hbox'). Otherwise just continue,
and I'll forget about whatever was undefined.

./data.tex:53: Undefined control sequence.
l.53 \draw
        [gp path] (5.149,8.718)--(5.149,8.538);
The control sequence at the end of the top line
of your error message was never \def'ed. If you have
misspelled it (e.g., `\hobx'), type `I' and the correct
spelling (e.g., `I\hbox'). Otherwise just continue,
and I'll forget about whatever was undefined.

./data.tex:54: Undefined control sequence.
l.54 \node
        [gp node center] at (5.149,-0.277) {$100$};
The control sequence at the end of the top line
of your error message was never \def'ed. If you have
misspelled it (e.g., `\hobx'), type `I' and the correct
spelling (e.g., `I\hbox'). Otherwise just continue,
and I'll forget about whatever was undefined.

./data.tex:55: Undefined control sequence.
l.55 \draw
        [gp path] (6.616,0.031)--(6.616,0.211);
The control sequence at the end of the top line
of your error message was never \def'ed. If you have
misspelled it (e.g., `\hobx'), type `I' and the correct
spelling (e.g., `I\hbox'). Otherwise just continue,
and I'll forget about whatever was undefined.

./data.tex:56: Undefined control sequence.
l.56 \draw
        [gp path] (6.616,8.718)--(6.616,8.538);
The control sequence at the end of the top line
of your error message was never \def'ed. If you have
misspelled it (e.g., `\hobx'), type `I' and the correct
spelling (e.g., `I\hbox'). Otherwise just continue,
and I'll forget about whatever was undefined.

./data.tex:57: Undefined control sequence.
l.57 \node
        [gp node center] at (6.616,-0.277) {$120$};
The control sequence at the end of the top line
of your error message was never \def'ed. If you have
misspelled it (e.g., `\hobx'), type `I' and the correct
spelling (e.g., `I\hbox'). Otherwise just continue,
and I'll forget about whatever was undefined.

./data.tex:58: Undefined control sequence.
l.58 \draw
        [gp path] (8.082,0.031)--(8.082,0.211);
The control sequence at the end of the top line
of your error message was never \def'ed. If you have
misspelled it (e.g., `\hobx'), type `I' and the correct
spelling (e.g., `I\hbox'). Otherwise just continue,
and I'll forget about whatever was undefined.

./data.tex:59: Undefined control sequence.
l.59 \draw
        [gp path] (8.082,8.718)--(8.082,8.538);
The control sequence at the end of the top line
of your error message was never \def'ed. If you have
misspelled it (e.g., `\hobx'), type `I' and the correct
spelling (e.g., `I\hbox'). Otherwise just continue,
and I'll forget about whatever was undefined.

./data.tex:60: Undefined control sequence.
l.60 \node
        [gp node center] at (8.082,-0.277) {$140$};
The control sequence at the end of the top line
of your error message was never \def'ed. If you have
misspelled it (e.g., `\hobx'), type `I' and the correct
spelling (e.g., `I\hbox'). Otherwise just continue,
and I'll forget about whatever was undefined.

./data.tex:61: Undefined control sequence.
l.61 \draw
        [gp path] (9.548,0.031)--(9.548,0.211);
The control sequence at the end of the top line
of your error message was never \def'ed. If you have
misspelled it (e.g., `\hobx'), type `I' and the correct
spelling (e.g., `I\hbox'). Otherwise just continue,
and I'll forget about whatever was undefined.

./data.tex:62: Undefined control sequence.
l.62 \draw
        [gp path] (9.548,8.718)--(9.548,8.538);
The control sequence at the end of the top line
of your error message was never \def'ed. If you have
misspelled it (e.g., `\hobx'), type `I' and the correct
spelling (e.g., `I\hbox'). Otherwise just continue,
and I'll forget about whatever was undefined.

./data.tex:63: Undefined control sequence.
l.63 \node
        [gp node center] at (9.548,-0.277) {$160$};
The control sequence at the end of the top line
of your error message was never \def'ed. If you have
misspelled it (e.g., `\hobx'), type `I' and the correct
spelling (e.g., `I\hbox'). Otherwise just continue,
and I'll forget about whatever was undefined.

./data.tex:64: Undefined control sequence.
l.64 \draw
        [gp path] (11.014,0.031)--(11.014,0.211);
The control sequence at the end of the top line
of your error message was never \def'ed. If you have
misspelled it (e.g., `\hobx'), type `I' and the correct
spelling (e.g., `I\hbox'). Otherwise just continue,
and I'll forget about whatever was undefined.

./data.tex:65: Undefined control sequence.
l.65 \draw
        [gp path] (11.014,8.718)--(11.014,8.538);
The control sequence at the end of the top line
of your error message was never \def'ed. If you have
misspelled it (e.g., `\hobx'), type `I' and the correct
spelling (e.g., `I\hbox'). Otherwise just continue,
and I'll forget about whatever was undefined.

./data.tex:66: Undefined control sequence.
l.66 \node
        [gp node center] at (11.014,-0.277) {$180$};
The control sequence at the end of the top line
of your error message was never \def'ed. If you have
misspelled it (e.g., `\hobx'), type `I' and the correct
spelling (e.g., `I\hbox'). Otherwise just continue,
and I'll forget about whatever was undefined.

./data.tex:67: Undefined control sequence.
l.67 \draw
        [gp path] (12.480,0.031)--(12.480,0.211);
The control sequence at the end of the top line
of your error message was never \def'ed. If you have
misspelled it (e.g., `\hobx'), type `I' and the correct
spelling (e.g., `I\hbox'). Otherwise just continue,
and I'll forget about whatever was undefined.

./data.tex:68: Undefined control sequence.
l.68 \draw
        [gp path] (12.480,8.718)--(12.480,8.538);
The control sequence at the end of the top line
of your error message was never \def'ed. If you have
misspelled it (e.g., `\hobx'), type `I' and the correct
spelling (e.g., `I\hbox'). Otherwise just continue,
and I'll forget about whatever was undefined.

./data.tex:69: Undefined control sequence.
l.69 \node
        [gp node center] at (12.480,-0.277) {$200$};
The control sequence at the end of the top line
of your error message was never \def'ed. If you have
misspelled it (e.g., `\hobx'), type `I' and the correct
spelling (e.g., `I\hbox'). Otherwise just continue,
and I'll forget about whatever was undefined.

./data.tex:70: Undefined control sequence.
l.70 \draw
        [gp path] (0.018,8.718)--(0.018,0.031)--(12.480,0.031)--(12.480,8.71...
The control sequence at the end of the top line
of your error message was never \def'ed. If you have
misspelled it (e.g., `\hobx'), type `I' and the correct
spelling (e.g., `I\hbox'). Otherwise just continue,
and I'll forget about whatever was undefined.

./data.tex:71: Undefined control sequence.
l.71 \node
        [gp node center,rotate=-270] at (-1.194,4.374) {誘電損失$\ \tan{...
The control sequence at the end of the top line
of your error message was never \def'ed. If you have
misspelled it (e.g., `\hobx'), type `I' and the correct
spelling (e.g., `I\hbox'). Otherwise just continue,
and I'll forget about whatever was undefined.

./data.tex:72: Undefined control sequence.
l.72 \node
        [gp node center] at (6.249,-0.738) {温度$T\ /\ \mathrm{K}$};
The control sequence at the end of the top line
of your error message was never \def'ed. If you have
misspelled it (e.g., `\hobx'), type `I' and the correct
spelling (e.g., `I\hbox'). Otherwise just continue,
and I'll forget about whatever was undefined.

./data.tex:73: Undefined control sequence.
l.73 \gpcolor
           {rgb color={0.000,0.000,0.000}}
The control sequence at the end of the top line
of your error message was never \def'ed. If you have
misspelled it (e.g., `\hobx'), type `I' and the correct
spelling (e.g., `I\hbox'). Otherwise just continue,
and I'll forget about whatever was undefined.

./data.tex:74: Undefined control sequence.
l.74 \gpsetlinewidth
                  {5.00}
The control sequence at the end of the top line
of your error message was never \def'ed. If you have
misspelled it (e.g., `\hobx'), type `I' and the correct
spelling (e.g., `I\hbox'). Otherwise just continue,
and I'll forget about whatever was undefined.

./data.tex:75: Undefined control sequence.
l.75 \draw
        [gp path] (0.751,0.738)--(2.217,0.987)--(3.683,1.317)--(5.149,2.828)...
The control sequence at the end of the top line
of your error message was never \def'ed. If you have
misspelled it (e.g., `\hobx'), type `I' and the correct
spelling (e.g., `I\hbox'). Otherwise just continue,
and I'll forget about whatever was undefined.

./data.tex:77: Undefined control sequence.
l.77 \gpsetpointsize
                  {3.20}
The control sequence at the end of the top line
of your error message was never \def'ed. If you have
misspelled it (e.g., `\hobx'), type `I' and the correct
spelling (e.g., `I\hbox'). Otherwise just continue,
and I'll forget about whatever was undefined.

./data.tex:78: Undefined control sequence.
l.78 \gp
      3point{gp mark 7}{}{(0.751,0.738)}
The control sequence at the end of the top line
of your error message was never \def'ed. If you have
misspelled it (e.g., `\hobx'), type `I' and the correct
spelling (e.g., `I\hbox'). Otherwise just continue,
and I'll forget about whatever was undefined.

./data.tex:79: Undefined control sequence.
l.79 \gp
      3point{gp mark 7}{}{(2.217,0.987)}
The control sequence at the end of the top line
of your error message was never \def'ed. If you have
misspelled it (e.g., `\hobx'), type `I' and the correct
spelling (e.g., `I\hbox'). Otherwise just continue,
and I'll forget about whatever was undefined.

./data.tex:80: Undefined control sequence.
l.80 \gp
      3point{gp mark 7}{}{(3.683,1.317)}
The control sequence at the end of the top line
of your error message was never \def'ed. If you have
misspelled it (e.g., `\hobx'), type `I' and the correct
spelling (e.g., `I\hbox'). Otherwise just continue,
and I'll forget about whatever was undefined.

./data.tex:81: Undefined control sequence.
l.81 \gp
      3point{gp mark 7}{}{(5.149,2.828)}
The control sequence at the end of the top line
of your error message was never \def'ed. If you have
misspelled it (e.g., `\hobx'), type `I' and the correct
spelling (e.g., `I\hbox'). Otherwise just continue,
and I'll forget about whatever was undefined.

./data.tex:82: Undefined control sequence.
l.82 \gp
      3point{gp mark 7}{}{(6.616,5.000)}
The control sequence at the end of the top line
of your error message was never \def'ed. If you have
misspelled it (e.g., `\hobx'), type `I' and the correct
spelling (e.g., `I\hbox'). Otherwise just continue,
and I'll forget about whatever was undefined.

./data.tex:83: Undefined control sequence.
l.83 \gp
      3point{gp mark 7}{}{(6.982,7.971)}
The control sequence at the end of the top line
of your error message was never \def'ed. If you have
misspelled it (e.g., `\hobx'), type `I' and the correct
spelling (e.g., `I\hbox'). Otherwise just continue,
and I'll forget about whatever was undefined.

./data.tex:84: Undefined control sequence.
l.84 \gp
      3point{gp mark 7}{}{(7.349,1.734)}
The control sequence at the end of the top line
of your error message was never \def'ed. If you have
misspelled it (e.g., `\hobx'), type `I' and the correct
spelling (e.g., `I\hbox'). Otherwise just continue,
and I'll forget about whatever was undefined.

./data.tex:85: Undefined control sequence.
l.85 \gp
      3point{gp mark 7}{}{(7.715,1.212)}
The control sequence at the end of the top line
of your error message was never \def'ed. If you have
misspelled it (e.g., `\hobx'), type `I' and the correct
spelling (e.g., `I\hbox'). Otherwise just continue,
and I'll forget about whatever was undefined.

./data.tex:86: Undefined control sequence.
l.86 \gp
      3point{gp mark 7}{}{(8.082,1.039)}
The control sequence at the end of the top line
of your error message was never \def'ed. If you have
misspelled it (e.g., `\hobx'), type `I' and the correct
spelling (e.g., `I\hbox'). Otherwise just continue,
and I'll forget about whatever was undefined.

./data.tex:87: Undefined control sequence.
l.87 \gp
      3point{gp mark 7}{}{(9.548,1.021)}
The control sequence at the end of the top line
of your error message was never \def'ed. If you have
misspelled it (e.g., `\hobx'), type `I' and the correct
spelling (e.g., `I\hbox'). Otherwise just continue,
and I'll forget about whatever was undefined.

./data.tex:88: Undefined control sequence.
l.88 \gp
      3point{gp mark 7}{}{(11.747,1.178)}
The control sequence at the end of the top line
of your error message was never \def'ed. If you have
misspelled it (e.g., `\hobx'), type `I' and the correct
spelling (e.g., `I\hbox'). Otherwise just continue,
and I'll forget about whatever was undefined.

./data.tex:89: Undefined control sequence.
l.89 \gpcolor
           {color=gp lt color border}
The control sequence at the end of the top line
of your error message was never \def'ed. If you have
misspelled it (e.g., `\hobx'), type `I' and the correct
spelling (e.g., `I\hbox'). Otherwise just continue,
and I'll forget about whatever was undefined.

./data.tex:90: Undefined control sequence.
l.90 \gpsetlinewidth
                  {1.00}
The control sequence at the end of the top line
of your error message was never \def'ed. If you have
misspelled it (e.g., `\hobx'), type `I' and the correct
spelling (e.g., `I\hbox'). Otherwise just continue,
and I'll forget about whatever was undefined.

./data.tex:91: Undefined control sequence.
l.91 \draw
        [gp path] (0.018,8.718)--(0.018,0.031)--(12.480,0.031)--(12.480,8.71...
The control sequence at the end of the top line
of your error message was never \def'ed. If you have
misspelled it (e.g., `\hobx'), type `I' and the correct
spelling (e.g., `I\hbox'). Otherwise just continue,
and I'll forget about whatever was undefined.

./data.tex:93: Undefined control sequence.
l.93 \gpdefrectangularnode
                        {gp plot 1}{\pgfpoint{0.018cm}{0.031cm}}{\pgfpoint{1...
The control sequence at the end of the top line
of your error message was never \def'ed. If you have
misspelled it (e.g., `\hobx'), type `I' and the correct
spelling (e.g., `I\hbox'). Otherwise just continue,
and I'll forget about whatever was undefined.

./data.tex:93: Undefined control sequence.
l.93 \gpdefrectangularnode{gp plot 1}{\pgfpoint
                                             {0.018cm}{0.031cm}}{\pgfpoint{1...
The control sequence at the end of the top line
of your error message was never \def'ed. If you have
misspelled it (e.g., `\hobx'), type `I' and the correct
spelling (e.g., `I\hbox'). Otherwise just continue,
and I'll forget about whatever was undefined.

./data.tex:93: Undefined control sequence.
l.93 ...ot 1}{\pgfpoint{0.018cm}{0.031cm}}{\pgfpoint
                                                  {12.480cm}{8.718cm}}
The control sequence at the end of the top line
of your error message was never \def'ed. If you have
misspelled it (e.g., `\hobx'), type `I' and the correct
spelling (e.g., `I\hbox'). Otherwise just continue,
and I'll forget about whatever was undefined.


./data.tex:94: LaTeX Error: \begin{document} ended by \end{tikzpicture}.

See the LaTeX manual or LaTeX Companion for explanation.
Type  H <return>  for immediate help.
 ...                                              
                                                  
l.94 \end{tikzpicture}
                    
Your command was ignored.
Type  I <command> <return>  to replace it with another command,
or  <return>  to continue without it.

)
! Emergency stop.
<*> data.tex
         
*** (job aborted, no legal \end found)



Here is how much of LuaTeX's memory you used:
 22 strings out of 478285
 100000,1977958 words of node,token memory allocated 24756 words of node memory still in use:
   3 hlist, 1 local_par, 1 dir, 44 math, 329 glue, 5 kern, 3077 glyph, 70 attribute, 39 glue_spec, 70 attribute_list, 1 temp nodes
   avail lists: 3:6,4:1,5:2,8:6,9:1
 20346 multiletter control sequences out of 65536+600000
 24 fonts using 1213367 bytes
 18i,2n,12p,104b,66s stack positions out of 10000i,1000n,20000p,200000b,200000s
!  ==> Fatal error occurred, no output PDF file produced!
