This is LuaHBTeX, Version 1.16.0 (TeX Live 2023)  (format=lualatex 2023.10.26)  11 DEC 2023 14:40
 system commands enabled.
 file:line:error style messages enabled.
**data4.tex
(./data4.tex
LaTeX2e <2022-11-01> patch level 1
Lua module: luaotfload 2022-10-03 3.23 Lua based OpenType font support
Lua module: lualibs 2022-10-04 2.75 ConTeXt Lua standard libraries.
Lua module: lualibs-extended 2022-10-04 2.75 ConTeXt Lua libraries -- extended collection.
luaotfload | conf : Root cache directory is "/Users/hiraiyuuware/Library/texlive/2023/texmf-var/luatex-cache/generic/names".
luaotfload | init : Loading fontloader "fontloader-2022-10-03.lua" from kpse-resolved path "/usr/local/texlive/2023/texmf-dist/tex/luatex/luaotfload/fontloader-2022-10-03.lua".
Lua-only attribute luaotfload@noligature = 1
luaotfload | init : Context OpenType loader version 3.120
Inserting `luaotfload.node_processor' in `pre_linebreak_filter'.
Inserting `luaotfload.node_processor' in `hpack_filter'.
Inserting `luaotfload.glyph_stream' in `glyph_stream_provider'.
Inserting `luaotfload.define_font' in `define_font'.
Lua-only attribute luaotfload_color_attribute = 2
luaotfload | conf : Root cache directory is "/Users/hiraiyuuware/Library/texlive/2023/texmf-var/luatex-cache/generic/names".
Inserting `luaotfload.harf.strip_prefix' in `find_opentype_file'.
Inserting `luaotfload.harf.strip_prefix' in `find_truetype_file'.
Removing  `luaotfload.glyph_stream' from `glyph_stream_provider'.
Inserting `luaotfload.harf.glyphstream' in `glyph_stream_provider'.
Inserting `luaotfload.harf.finalize_vlist' in `post_linebreak_filter'.
Inserting `luaotfload.harf.finalize_hlist' in `hpack_filter'.
Inserting `luaotfload.cleanup_files' in `wrapup_run'.
Inserting `luaotfload.harf.finalize_unicode' in `finish_pdffile'.
Inserting `luaotfload.glyphinfo' in `glyph_info'.
Lua-only attribute luaotfload.letterspace_done = 3
Inserting `luaotfload.aux.set_sscale_dimens' in `luaotfload.patch_font'.
Inserting `luaotfload.aux.set_font_index' in `luaotfload.patch_font'.
Inserting `luaotfload.aux.patch_cambria_domh' in `luaotfload.patch_font'.
Inserting `luaotfload.aux.fixup_fontdata' in `luaotfload.patch_font_unsafe'.
Inserting `luaotfload.aux.set_capheight' in `luaotfload.patch_font'.
Inserting `luaotfload.aux.set_xheight' in `luaotfload.patch_font'.
Inserting `luaotfload.rewrite_fontname' in `luaotfload.patch_font'. L3 programming layer <2023-02-22>
Inserting `tracingstacklevels' in `input_level_string'.
./data4.tex:1: Undefined control sequence.
l.1 \scalebox
           {0.5}[0.5]{
The control sequence at the end of the top line
of your error message was never \def'ed. If you have
misspelled it (e.g., `\hobx'), type `I' and the correct
spelling (e.g., `I\hbox'). Otherwise just continue,
and I'll forget about whatever was undefined.


./data4.tex:1: LaTeX Error: Missing \begin{document}.

See the LaTeX manual or LaTeX Companion for explanation.
Type  H <return>  for immediate help.
 ...                                              
                                                  
l.1 \scalebox{0
             .5}[0.5]{
You're in trouble here.  Try typing  <return>  to proceed.
If that doesn't work, type  X <return>  to quit.


./data4.tex:2: LaTeX Error: Environment tikzpicture undefined.

See the LaTeX manual or LaTeX Companion for explanation.
Type  H <return>  for immediate help.
 ...                                              
                                                  
l.2 \begin{tikzpicture}
                     [gnuplot]
Your command was ignored.
Type  I <command> <return>  to replace it with another command,
or  <return>  to continue without it.

./data4.tex:5: Undefined control sequence.
l.5 \path
        (0.000,0.000) rectangle (12.500,8.750);
The control sequence at the end of the top line
of your error message was never \def'ed. If you have
misspelled it (e.g., `\hobx'), type `I' and the correct
spelling (e.g., `I\hbox'). Otherwise just continue,
and I'll forget about whatever was undefined.

./data4.tex:6: Undefined control sequence.
l.6 \gpcolor
          {color=gp lt color border}
The control sequence at the end of the top line
of your error message was never \def'ed. If you have
misspelled it (e.g., `\hobx'), type `I' and the correct
spelling (e.g., `I\hbox'). Otherwise just continue,
and I'll forget about whatever was undefined.

./data4.tex:7: Undefined control sequence.
l.7 \gpsetlinetype
                {gp lt border}
The control sequence at the end of the top line
of your error message was never \def'ed. If you have
misspelled it (e.g., `\hobx'), type `I' and the correct
spelling (e.g., `I\hbox'). Otherwise just continue,
and I'll forget about whatever was undefined.

./data4.tex:8: Undefined control sequence.
l.8 \gpsetdashtype
                {gp dt solid}
The control sequence at the end of the top line
of your error message was never \def'ed. If you have
misspelled it (e.g., `\hobx'), type `I' and the correct
spelling (e.g., `I\hbox'). Otherwise just continue,
and I'll forget about whatever was undefined.

./data4.tex:9: Undefined control sequence.
l.9 \gpsetlinewidth
                 {1.00}
The control sequence at the end of the top line
of your error message was never \def'ed. If you have
misspelled it (e.g., `\hobx'), type `I' and the correct
spelling (e.g., `I\hbox'). Otherwise just continue,
and I'll forget about whatever was undefined.

./data4.tex:10: Undefined control sequence.
l.10 \draw
        [gp path] (0.018,0.031)--(0.198,0.031);
The control sequence at the end of the top line
of your error message was never \def'ed. If you have
misspelled it (e.g., `\hobx'), type `I' and the correct
spelling (e.g., `I\hbox'). Otherwise just continue,
and I'll forget about whatever was undefined.

./data4.tex:11: Undefined control sequence.
l.11 \draw
        [gp path] (12.480,0.031)--(12.300,0.031);
The control sequence at the end of the top line
of your error message was never \def'ed. If you have
misspelled it (e.g., `\hobx'), type `I' and the correct
spelling (e.g., `I\hbox'). Otherwise just continue,
and I'll forget about whatever was undefined.

./data4.tex:12: Undefined control sequence.
l.12 \node
        [gp node right] at (-0.166,0.031) {$0$};
The control sequence at the end of the top line
of your error message was never \def'ed. If you have
misspelled it (e.g., `\hobx'), type `I' and the correct
spelling (e.g., `I\hbox'). Otherwise just continue,
and I'll forget about whatever was undefined.

LaTeX Font Info:    External font `cmex10' loaded for size
(Font)              <7> on input line 12.
LaTeX Font Info:    External font `cmex10' loaded for size
(Font)              <5> on input line 12.
./data4.tex:13: Undefined control sequence.
l.13 \draw
        [gp path] (0.018,1.768)--(0.198,1.768);
The control sequence at the end of the top line
of your error message was never \def'ed. If you have
misspelled it (e.g., `\hobx'), type `I' and the correct
spelling (e.g., `I\hbox'). Otherwise just continue,
and I'll forget about whatever was undefined.

./data4.tex:14: Undefined control sequence.
l.14 \draw
        [gp path] (12.480,1.768)--(12.300,1.768);
The control sequence at the end of the top line
of your error message was never \def'ed. If you have
misspelled it (e.g., `\hobx'), type `I' and the correct
spelling (e.g., `I\hbox'). Otherwise just continue,
and I'll forget about whatever was undefined.

./data4.tex:15: Undefined control sequence.
l.15 \node
        [gp node right] at (-0.166,1.768) {$2$};
The control sequence at the end of the top line
of your error message was never \def'ed. If you have
misspelled it (e.g., `\hobx'), type `I' and the correct
spelling (e.g., `I\hbox'). Otherwise just continue,
and I'll forget about whatever was undefined.

./data4.tex:16: Undefined control sequence.
l.16 \draw
        [gp path] (0.018,3.506)--(0.198,3.506);
The control sequence at the end of the top line
of your error message was never \def'ed. If you have
misspelled it (e.g., `\hobx'), type `I' and the correct
spelling (e.g., `I\hbox'). Otherwise just continue,
and I'll forget about whatever was undefined.

./data4.tex:17: Undefined control sequence.
l.17 \draw
        [gp path] (12.480,3.506)--(12.300,3.506);
The control sequence at the end of the top line
of your error message was never \def'ed. If you have
misspelled it (e.g., `\hobx'), type `I' and the correct
spelling (e.g., `I\hbox'). Otherwise just continue,
and I'll forget about whatever was undefined.

./data4.tex:18: Undefined control sequence.
l.18 \node
        [gp node right] at (-0.166,3.506) {$4$};
The control sequence at the end of the top line
of your error message was never \def'ed. If you have
misspelled it (e.g., `\hobx'), type `I' and the correct
spelling (e.g., `I\hbox'). Otherwise just continue,
and I'll forget about whatever was undefined.

./data4.tex:19: Undefined control sequence.
l.19 \draw
        [gp path] (0.018,5.243)--(0.198,5.243);
The control sequence at the end of the top line
of your error message was never \def'ed. If you have
misspelled it (e.g., `\hobx'), type `I' and the correct
spelling (e.g., `I\hbox'). Otherwise just continue,
and I'll forget about whatever was undefined.

./data4.tex:20: Undefined control sequence.
l.20 \draw
        [gp path] (12.480,5.243)--(12.300,5.243);
The control sequence at the end of the top line
of your error message was never \def'ed. If you have
misspelled it (e.g., `\hobx'), type `I' and the correct
spelling (e.g., `I\hbox'). Otherwise just continue,
and I'll forget about whatever was undefined.

./data4.tex:21: Undefined control sequence.
l.21 \node
        [gp node right] at (-0.166,5.243) {$6$};
The control sequence at the end of the top line
of your error message was never \def'ed. If you have
misspelled it (e.g., `\hobx'), type `I' and the correct
spelling (e.g., `I\hbox'). Otherwise just continue,
and I'll forget about whatever was undefined.

./data4.tex:22: Undefined control sequence.
l.22 \draw
        [gp path] (0.018,6.981)--(0.198,6.981);
The control sequence at the end of the top line
of your error message was never \def'ed. If you have
misspelled it (e.g., `\hobx'), type `I' and the correct
spelling (e.g., `I\hbox'). Otherwise just continue,
and I'll forget about whatever was undefined.

./data4.tex:23: Undefined control sequence.
l.23 \draw
        [gp path] (12.480,6.981)--(12.300,6.981);
The control sequence at the end of the top line
of your error message was never \def'ed. If you have
misspelled it (e.g., `\hobx'), type `I' and the correct
spelling (e.g., `I\hbox'). Otherwise just continue,
and I'll forget about whatever was undefined.

./data4.tex:24: Undefined control sequence.
l.24 \node
        [gp node right] at (-0.166,6.981) {$8$};
The control sequence at the end of the top line
of your error message was never \def'ed. If you have
misspelled it (e.g., `\hobx'), type `I' and the correct
spelling (e.g., `I\hbox'). Otherwise just continue,
and I'll forget about whatever was undefined.

./data4.tex:25: Undefined control sequence.
l.25 \draw
        [gp path] (0.018,8.718)--(0.198,8.718);
The control sequence at the end of the top line
of your error message was never \def'ed. If you have
misspelled it (e.g., `\hobx'), type `I' and the correct
spelling (e.g., `I\hbox'). Otherwise just continue,
and I'll forget about whatever was undefined.

./data4.tex:26: Undefined control sequence.
l.26 \draw
        [gp path] (12.480,8.718)--(12.300,8.718);
The control sequence at the end of the top line
of your error message was never \def'ed. If you have
misspelled it (e.g., `\hobx'), type `I' and the correct
spelling (e.g., `I\hbox'). Otherwise just continue,
and I'll forget about whatever was undefined.

./data4.tex:27: Undefined control sequence.
l.27 \node
        [gp node right] at (-0.166,8.718) {$10$};
The control sequence at the end of the top line
of your error message was never \def'ed. If you have
misspelled it (e.g., `\hobx'), type `I' and the correct
spelling (e.g., `I\hbox'). Otherwise just continue,
and I'll forget about whatever was undefined.

./data4.tex:28: Undefined control sequence.
l.28 \draw
        [gp path] (0.018,0.031)--(0.018,0.211);
The control sequence at the end of the top line
of your error message was never \def'ed. If you have
misspelled it (e.g., `\hobx'), type `I' and the correct
spelling (e.g., `I\hbox'). Otherwise just continue,
and I'll forget about whatever was undefined.

./data4.tex:29: Undefined control sequence.
l.29 \draw
        [gp path] (0.018,8.718)--(0.018,8.538);
The control sequence at the end of the top line
of your error message was never \def'ed. If you have
misspelled it (e.g., `\hobx'), type `I' and the correct
spelling (e.g., `I\hbox'). Otherwise just continue,
and I'll forget about whatever was undefined.

./data4.tex:30: Undefined control sequence.
l.30 \node
        [gp node center] at (0.018,-0.277) {$0$};
The control sequence at the end of the top line
of your error message was never \def'ed. If you have
misspelled it (e.g., `\hobx'), type `I' and the correct
spelling (e.g., `I\hbox'). Otherwise just continue,
and I'll forget about whatever was undefined.

./data4.tex:31: Undefined control sequence.
l.31 \draw
        [gp path] (1.798,0.031)--(1.798,0.211);
The control sequence at the end of the top line
of your error message was never \def'ed. If you have
misspelled it (e.g., `\hobx'), type `I' and the correct
spelling (e.g., `I\hbox'). Otherwise just continue,
and I'll forget about whatever was undefined.

./data4.tex:32: Undefined control sequence.
l.32 \draw
        [gp path] (1.798,8.718)--(1.798,8.538);
The control sequence at the end of the top line
of your error message was never \def'ed. If you have
misspelled it (e.g., `\hobx'), type `I' and the correct
spelling (e.g., `I\hbox'). Otherwise just continue,
and I'll forget about whatever was undefined.

./data4.tex:33: Undefined control sequence.
l.33 \node
        [gp node center] at (1.798,-0.277) {$20000$};
The control sequence at the end of the top line
of your error message was never \def'ed. If you have
misspelled it (e.g., `\hobx'), type `I' and the correct
spelling (e.g., `I\hbox'). Otherwise just continue,
and I'll forget about whatever was undefined.

./data4.tex:34: Undefined control sequence.
l.34 \draw
        [gp path] (3.579,0.031)--(3.579,0.211);
The control sequence at the end of the top line
of your error message was never \def'ed. If you have
misspelled it (e.g., `\hobx'), type `I' and the correct
spelling (e.g., `I\hbox'). Otherwise just continue,
and I'll forget about whatever was undefined.

./data4.tex:35: Undefined control sequence.
l.35 \draw
        [gp path] (3.579,8.718)--(3.579,8.538);
The control sequence at the end of the top line
of your error message was never \def'ed. If you have
misspelled it (e.g., `\hobx'), type `I' and the correct
spelling (e.g., `I\hbox'). Otherwise just continue,
and I'll forget about whatever was undefined.

./data4.tex:36: Undefined control sequence.
l.36 \node
        [gp node center] at (3.579,-0.277) {$40000$};
The control sequence at the end of the top line
of your error message was never \def'ed. If you have
misspelled it (e.g., `\hobx'), type `I' and the correct
spelling (e.g., `I\hbox'). Otherwise just continue,
and I'll forget about whatever was undefined.

./data4.tex:37: Undefined control sequence.
l.37 \draw
        [gp path] (5.359,0.031)--(5.359,0.211);
The control sequence at the end of the top line
of your error message was never \def'ed. If you have
misspelled it (e.g., `\hobx'), type `I' and the correct
spelling (e.g., `I\hbox'). Otherwise just continue,
and I'll forget about whatever was undefined.

./data4.tex:38: Undefined control sequence.
l.38 \draw
        [gp path] (5.359,8.718)--(5.359,8.538);
The control sequence at the end of the top line
of your error message was never \def'ed. If you have
misspelled it (e.g., `\hobx'), type `I' and the correct
spelling (e.g., `I\hbox'). Otherwise just continue,
and I'll forget about whatever was undefined.

./data4.tex:39: Undefined control sequence.
l.39 \node
        [gp node center] at (5.359,-0.277) {$60000$};
The control sequence at the end of the top line
of your error message was never \def'ed. If you have
misspelled it (e.g., `\hobx'), type `I' and the correct
spelling (e.g., `I\hbox'). Otherwise just continue,
and I'll forget about whatever was undefined.

./data4.tex:40: Undefined control sequence.
l.40 \draw
        [gp path] (7.139,0.031)--(7.139,0.211);
The control sequence at the end of the top line
of your error message was never \def'ed. If you have
misspelled it (e.g., `\hobx'), type `I' and the correct
spelling (e.g., `I\hbox'). Otherwise just continue,
and I'll forget about whatever was undefined.

./data4.tex:41: Undefined control sequence.
l.41 \draw
        [gp path] (7.139,8.718)--(7.139,8.538);
The control sequence at the end of the top line
of your error message was never \def'ed. If you have
misspelled it (e.g., `\hobx'), type `I' and the correct
spelling (e.g., `I\hbox'). Otherwise just continue,
and I'll forget about whatever was undefined.

./data4.tex:42: Undefined control sequence.
l.42 \node
        [gp node center] at (7.139,-0.277) {$80000$};
The control sequence at the end of the top line
of your error message was never \def'ed. If you have
misspelled it (e.g., `\hobx'), type `I' and the correct
spelling (e.g., `I\hbox'). Otherwise just continue,
and I'll forget about whatever was undefined.

./data4.tex:43: Undefined control sequence.
l.43 \draw
        [gp path] (8.919,0.031)--(8.919,0.211);
The control sequence at the end of the top line
of your error message was never \def'ed. If you have
misspelled it (e.g., `\hobx'), type `I' and the correct
spelling (e.g., `I\hbox'). Otherwise just continue,
and I'll forget about whatever was undefined.

./data4.tex:44: Undefined control sequence.
l.44 \draw
        [gp path] (8.919,8.718)--(8.919,8.538);
The control sequence at the end of the top line
of your error message was never \def'ed. If you have
misspelled it (e.g., `\hobx'), type `I' and the correct
spelling (e.g., `I\hbox'). Otherwise just continue,
and I'll forget about whatever was undefined.

./data4.tex:45: Undefined control sequence.
l.45 \node
        [gp node center] at (8.919,-0.277) {$100000$};
The control sequence at the end of the top line
of your error message was never \def'ed. If you have
misspelled it (e.g., `\hobx'), type `I' and the correct
spelling (e.g., `I\hbox'). Otherwise just continue,
and I'll forget about whatever was undefined.

./data4.tex:46: Undefined control sequence.
l.46 \draw
        [gp path] (10.700,0.031)--(10.700,0.211);
The control sequence at the end of the top line
of your error message was never \def'ed. If you have
misspelled it (e.g., `\hobx'), type `I' and the correct
spelling (e.g., `I\hbox'). Otherwise just continue,
and I'll forget about whatever was undefined.

./data4.tex:47: Undefined control sequence.
l.47 \draw
        [gp path] (10.700,8.718)--(10.700,8.538);
The control sequence at the end of the top line
of your error message was never \def'ed. If you have
misspelled it (e.g., `\hobx'), type `I' and the correct
spelling (e.g., `I\hbox'). Otherwise just continue,
and I'll forget about whatever was undefined.

./data4.tex:48: Undefined control sequence.
l.48 \node
        [gp node center] at (10.700,-0.277) {$120000$};
The control sequence at the end of the top line
of your error message was never \def'ed. If you have
misspelled it (e.g., `\hobx'), type `I' and the correct
spelling (e.g., `I\hbox'). Otherwise just continue,
and I'll forget about whatever was undefined.

./data4.tex:49: Undefined control sequence.
l.49 \draw
        [gp path] (12.480,0.031)--(12.480,0.211);
The control sequence at the end of the top line
of your error message was never \def'ed. If you have
misspelled it (e.g., `\hobx'), type `I' and the correct
spelling (e.g., `I\hbox'). Otherwise just continue,
and I'll forget about whatever was undefined.

./data4.tex:50: Undefined control sequence.
l.50 \draw
        [gp path] (12.480,8.718)--(12.480,8.538);
The control sequence at the end of the top line
of your error message was never \def'ed. If you have
misspelled it (e.g., `\hobx'), type `I' and the correct
spelling (e.g., `I\hbox'). Otherwise just continue,
and I'll forget about whatever was undefined.

./data4.tex:51: Undefined control sequence.
l.51 \node
        [gp node center] at (12.480,-0.277) {$140000$};
The control sequence at the end of the top line
of your error message was never \def'ed. If you have
misspelled it (e.g., `\hobx'), type `I' and the correct
spelling (e.g., `I\hbox'). Otherwise just continue,
and I'll forget about whatever was undefined.

./data4.tex:52: Undefined control sequence.
l.52 \draw
        [gp path] (0.018,8.718)--(0.018,0.031)--(12.480,0.031)--(12.480,8.71...
The control sequence at the end of the top line
of your error message was never \def'ed. If you have
misspelled it (e.g., `\hobx'), type `I' and the correct
spelling (e.g., `I\hbox'). Otherwise just continue,
and I'll forget about whatever was undefined.

./data4.tex:53: Undefined control sequence.
l.53 \node
        [gp node center,rotate=-270,font={\fontsize{17.0pt}{20.4pt}\selectfo...
The control sequence at the end of the top line
of your error message was never \def'ed. If you have
misspelled it (e.g., `\hobx'), type `I' and the correct
spelling (e.g., `I\hbox'). Otherwise just continue,
and I'll forget about whatever was undefined.

luaotfload | db : Font names database loaded from /Users/hiraiyuuware/Library/texlive/2023/texmf-var/luatex-cache/generic/names/luaotfload-names.luc.gz
./data4.tex:54: Undefined control sequence.
l.54 \node
        [gp node center,font={\fontsize{17.0pt}{20.4pt}\selectfont}] at (6.2...
The control sequence at the end of the top line
of your error message was never \def'ed. If you have
misspelled it (e.g., `\hobx'), type `I' and the correct
spelling (e.g., `I\hbox'). Otherwise just continue,
and I'll forget about whatever was undefined.

./data4.tex:54: Undefined control sequence.
<argument> \upmu 
      m^2
l.54 ...1.046) {コア面積$\ /\ \mathrm{\upmu m^2}
                                                  $};
The control sequence at the end of the top line
of your error message was never \def'ed. If you have
misspelled it (e.g., `\hobx'), type `I' and the correct
spelling (e.g., `I\hbox'). Otherwise just continue,
and I'll forget about whatever was undefined.

./data4.tex:55: Undefined control sequence.
l.55 \gpcolor
           {rgb color={0.000,0.000,0.000}}
The control sequence at the end of the top line
of your error message was never \def'ed. If you have
misspelled it (e.g., `\hobx'), type `I' and the correct
spelling (e.g., `I\hbox'). Otherwise just continue,
and I'll forget about whatever was undefined.

./data4.tex:56: Undefined control sequence.
l.56 \gpsetpointsize
                  {4.00}
The control sequence at the end of the top line
of your error message was never \def'ed. If you have
misspelled it (e.g., `\hobx'), type `I' and the correct
spelling (e.g., `I\hbox'). Otherwise just continue,
and I'll forget about whatever was undefined.

./data4.tex:57: Undefined control sequence.
l.57 \gp
      3point{gp mark 7}{}{(0.046,0.062)}
The control sequence at the end of the top line
of your error message was never \def'ed. If you have
misspelled it (e.g., `\hobx'), type `I' and the correct
spelling (e.g., `I\hbox'). Otherwise just continue,
and I'll forget about whatever was undefined.

./data4.tex:58: Undefined control sequence.
l.58 \gp
      3point{gp mark 7}{}{(0.717,0.537)}
The control sequence at the end of the top line
of your error message was never \def'ed. If you have
misspelled it (e.g., `\hobx'), type `I' and the correct
spelling (e.g., `I\hbox'). Otherwise just continue,
and I'll forget about whatever was undefined.

./data4.tex:59: Undefined control sequence.
l.59 \gp
      3point{gp mark 7}{}{(11.204,7.779)}
The control sequence at the end of the top line
of your error message was never \def'ed. If you have
misspelled it (e.g., `\hobx'), type `I' and the correct
spelling (e.g., `I\hbox'). Otherwise just continue,
and I'll forget about whatever was undefined.

./data4.tex:60: Undefined control sequence.
l.60 \gpsetlinewidth
                  {2.00}
The control sequence at the end of the top line
of your error message was never \def'ed. If you have
misspelled it (e.g., `\hobx'), type `I' and the correct
spelling (e.g., `I\hbox'). Otherwise just continue,
and I'll forget about whatever was undefined.

./data4.tex:61: Undefined control sequence.
l.61 \draw
        [gp path] (0.018,0.048)--(0.144,0.135)--(0.270,0.222)--(0.396,0.309)...
The control sequence at the end of the top line
of your error message was never \def'ed. If you have
misspelled it (e.g., `\hobx'), type `I' and the correct
spelling (e.g., `I\hbox'). Otherwise just continue,
and I'll forget about whatever was undefined.

./data4.tex:78: Undefined control sequence.
l.78 \gpcolor
           {color=gp lt color border}
The control sequence at the end of the top line
of your error message was never \def'ed. If you have
misspelled it (e.g., `\hobx'), type `I' and the correct
spelling (e.g., `I\hbox'). Otherwise just continue,
and I'll forget about whatever was undefined.

./data4.tex:79: Undefined control sequence.
l.79 \gpsetlinewidth
                  {1.00}
The control sequence at the end of the top line
of your error message was never \def'ed. If you have
misspelled it (e.g., `\hobx'), type `I' and the correct
spelling (e.g., `I\hbox'). Otherwise just continue,
and I'll forget about whatever was undefined.

./data4.tex:80: Undefined control sequence.
l.80 \draw
        [gp path] (0.018,8.718)--(0.018,0.031)--(12.480,0.031)--(12.480,8.71...
The control sequence at the end of the top line
of your error message was never \def'ed. If you have
misspelled it (e.g., `\hobx'), type `I' and the correct
spelling (e.g., `I\hbox'). Otherwise just continue,
and I'll forget about whatever was undefined.

./data4.tex:82: Undefined control sequence.
l.82 \gpdefrectangularnode
                        {gp plot 1}{\pgfpoint{0.018cm}{0.031cm}}{\pgfpoint{1...
The control sequence at the end of the top line
of your error message was never \def'ed. If you have
misspelled it (e.g., `\hobx'), type `I' and the correct
spelling (e.g., `I\hbox'). Otherwise just continue,
and I'll forget about whatever was undefined.

./data4.tex:82: Undefined control sequence.
l.82 \gpdefrectangularnode{gp plot 1}{\pgfpoint
                                             {0.018cm}{0.031cm}}{\pgfpoint{1...
The control sequence at the end of the top line
of your error message was never \def'ed. If you have
misspelled it (e.g., `\hobx'), type `I' and the correct
spelling (e.g., `I\hbox'). Otherwise just continue,
and I'll forget about whatever was undefined.

./data4.tex:82: Undefined control sequence.
l.82 ...ot 1}{\pgfpoint{0.018cm}{0.031cm}}{\pgfpoint
                                                  {12.480cm}{8.718cm}}
The control sequence at the end of the top line
of your error message was never \def'ed. If you have
misspelled it (e.g., `\hobx'), type `I' and the correct
spelling (e.g., `I\hbox'). Otherwise just continue,
and I'll forget about whatever was undefined.


./data4.tex:83: LaTeX Error: \begin{document} ended by \end{tikzpicture}.

See the LaTeX manual or LaTeX Companion for explanation.
Type  H <return>  for immediate help.
 ...                                              
                                                  
l.83 \end{tikzpicture}
                    
Your command was ignored.
Type  I <command> <return>  to replace it with another command,
or  <return>  to continue without it.

)
! Emergency stop.
<*> data4.tex
          
*** (job aborted, no legal \end found)



Here is how much of LuaTeX's memory you used:
 25 strings out of 478285
 100000,1977958 words of node,token memory allocated 27453 words of node memory still in use:
   4 hlist, 1 local_par, 1 dir, 32 math, 233 glue, 3 kern, 3583 glyph, 48 attribute, 39 glue_spec, 48 attribute_list, 1 temp nodes
   avail lists: 3:6,4:1,5:5,8:6,9:1
 20349 multiletter control sequences out of 65536+600000
 25 fonts using 1345055 bytes
 18i,2n,12p,156b,66s stack positions out of 10000i,1000n,20000p,200000b,200000s
!  ==> Fatal error occurred, no output PDF file produced!
