This is LuaHBTeX, Version 1.16.0 (TeX Live 2023)  (format=lualatex 2023.10.26)  11 DEC 2023 21:48
 system commands enabled.
 file:line:error style messages enabled.
**data3.tex
(./data3.tex
LaTeX2e <2022-11-01> patch level 1
Lua module: luaotfload 2022-10-03 3.23 Lua based OpenType font support
Lua module: lualibs 2022-10-04 2.75 ConTeXt Lua standard libraries.
Lua module: lualibs-extended 2022-10-04 2.75 ConTeXt Lua libraries -- extended collection.
luaotfload | conf : Root cache directory is "/Users/hiraiyuuware/Library/texlive/2023/texmf-var/luatex-cache/generic/names".
luaotfload | init : Loading fontloader "fontloader-2022-10-03.lua" from kpse-resolved path "/usr/local/texlive/2023/texmf-dist/tex/luatex/luaotfload/fontloader-2022-10-03.lua".
Lua-only attribute luaotfload@noligature = 1
luaotfload | init : Context OpenType loader version 3.120
Inserting `luaotfload.node_processor' in `pre_linebreak_filter'.
Inserting `luaotfload.node_processor' in `hpack_filter'.
Inserting `luaotfload.glyph_stream' in `glyph_stream_provider'.
Inserting `luaotfload.define_font' in `define_font'.
Lua-only attribute luaotfload_color_attribute = 2
luaotfload | conf : Root cache directory is "/Users/hiraiyuuware/Library/texlive/2023/texmf-var/luatex-cache/generic/names".
Inserting `luaotfload.harf.strip_prefix' in `find_opentype_file'.
Inserting `luaotfload.harf.strip_prefix' in `find_truetype_file'.
Removing  `luaotfload.glyph_stream' from `glyph_stream_provider'.
Inserting `luaotfload.harf.glyphstream' in `glyph_stream_provider'.
Inserting `luaotfload.harf.finalize_vlist' in `post_linebreak_filter'.
Inserting `luaotfload.harf.finalize_hlist' in `hpack_filter'.
Inserting `luaotfload.cleanup_files' in `wrapup_run'.
Inserting `luaotfload.harf.finalize_unicode' in `finish_pdffile'.
Inserting `luaotfload.glyphinfo' in `glyph_info'.
Lua-only attribute luaotfload.letterspace_done = 3
Inserting `luaotfload.aux.set_sscale_dimens' in `luaotfload.patch_font'.
Inserting `luaotfload.aux.set_font_index' in `luaotfload.patch_font'.
Inserting `luaotfload.aux.patch_cambria_domh' in `luaotfload.patch_font'.
Inserting `luaotfload.aux.fixup_fontdata' in `luaotfload.patch_font_unsafe'.
Inserting `luaotfload.aux.set_capheight' in `luaotfload.patch_font'.
Inserting `luaotfload.aux.set_xheight' in `luaotfload.patch_font'.
Inserting `luaotfload.rewrite_fontname' in `luaotfload.patch_font'. L3 programming layer <2023-02-22>
Inserting `tracingstacklevels' in `input_level_string'.
./data3.tex:1: Undefined control sequence.
l.1 \scalebox
           {0.5}[0.5]{
The control sequence at the end of the top line
of your error message was never \def'ed. If you have
misspelled it (e.g., `\hobx'), type `I' and the correct
spelling (e.g., `I\hbox'). Otherwise just continue,
and I'll forget about whatever was undefined.


./data3.tex:1: LaTeX Error: Missing \begin{document}.

See the LaTeX manual or LaTeX Companion for explanation.
Type  H <return>  for immediate help.
 ...                                              
                                                  
l.1 \scalebox{0
             .5}[0.5]{
You're in trouble here.  Try typing  <return>  to proceed.
If that doesn't work, type  X <return>  to quit.


./data3.tex:2: LaTeX Error: Environment tikzpicture undefined.

See the LaTeX manual or LaTeX Companion for explanation.
Type  H <return>  for immediate help.
 ...                                              
                                                  
l.2 \begin{tikzpicture}
                     [gnuplot]
Your command was ignored.
Type  I <command> <return>  to replace it with another command,
or  <return>  to continue without it.

./data3.tex:5: Undefined control sequence.
l.5 \path
        (0.000,0.000) rectangle (12.500,8.750);
The control sequence at the end of the top line
of your error message was never \def'ed. If you have
misspelled it (e.g., `\hobx'), type `I' and the correct
spelling (e.g., `I\hbox'). Otherwise just continue,
and I'll forget about whatever was undefined.

./data3.tex:6: Undefined control sequence.
l.6 \gpcolor
          {color=gp lt color border}
The control sequence at the end of the top line
of your error message was never \def'ed. If you have
misspelled it (e.g., `\hobx'), type `I' and the correct
spelling (e.g., `I\hbox'). Otherwise just continue,
and I'll forget about whatever was undefined.

./data3.tex:7: Undefined control sequence.
l.7 \gpsetlinetype
                {gp lt border}
The control sequence at the end of the top line
of your error message was never \def'ed. If you have
misspelled it (e.g., `\hobx'), type `I' and the correct
spelling (e.g., `I\hbox'). Otherwise just continue,
and I'll forget about whatever was undefined.

./data3.tex:8: Undefined control sequence.
l.8 \gpsetdashtype
                {gp dt solid}
The control sequence at the end of the top line
of your error message was never \def'ed. If you have
misspelled it (e.g., `\hobx'), type `I' and the correct
spelling (e.g., `I\hbox'). Otherwise just continue,
and I'll forget about whatever was undefined.

./data3.tex:9: Undefined control sequence.
l.9 \gpsetlinewidth
                 {1.00}
The control sequence at the end of the top line
of your error message was never \def'ed. If you have
misspelled it (e.g., `\hobx'), type `I' and the correct
spelling (e.g., `I\hbox'). Otherwise just continue,
and I'll forget about whatever was undefined.

./data3.tex:10: Undefined control sequence.
l.10 \draw
        [gp path] (0.018,0.031)--(0.198,0.031);
The control sequence at the end of the top line
of your error message was never \def'ed. If you have
misspelled it (e.g., `\hobx'), type `I' and the correct
spelling (e.g., `I\hbox'). Otherwise just continue,
and I'll forget about whatever was undefined.

./data3.tex:11: Undefined control sequence.
l.11 \draw
        [gp path] (12.480,0.031)--(12.300,0.031);
The control sequence at the end of the top line
of your error message was never \def'ed. If you have
misspelled it (e.g., `\hobx'), type `I' and the correct
spelling (e.g., `I\hbox'). Otherwise just continue,
and I'll forget about whatever was undefined.

./data3.tex:12: Undefined control sequence.
l.12 \node
        [gp node right] at (-0.166,0.031) {$0$};
The control sequence at the end of the top line
of your error message was never \def'ed. If you have
misspelled it (e.g., `\hobx'), type `I' and the correct
spelling (e.g., `I\hbox'). Otherwise just continue,
and I'll forget about whatever was undefined.

LaTeX Font Info:    External font `cmex10' loaded for size
(Font)              <7> on input line 12.
LaTeX Font Info:    External font `cmex10' loaded for size
(Font)              <5> on input line 12.
./data3.tex:13: Undefined control sequence.
l.13 \draw
        [gp path] (0.018,0.900)--(0.198,0.900);
The control sequence at the end of the top line
of your error message was never \def'ed. If you have
misspelled it (e.g., `\hobx'), type `I' and the correct
spelling (e.g., `I\hbox'). Otherwise just continue,
and I'll forget about whatever was undefined.

./data3.tex:14: Undefined control sequence.
l.14 \draw
        [gp path] (12.480,0.900)--(12.300,0.900);
The control sequence at the end of the top line
of your error message was never \def'ed. If you have
misspelled it (e.g., `\hobx'), type `I' and the correct
spelling (e.g., `I\hbox'). Otherwise just continue,
and I'll forget about whatever was undefined.

./data3.tex:15: Undefined control sequence.
l.15 \node
        [gp node right] at (-0.166,0.900) {$0.1$};
The control sequence at the end of the top line
of your error message was never \def'ed. If you have
misspelled it (e.g., `\hobx'), type `I' and the correct
spelling (e.g., `I\hbox'). Otherwise just continue,
and I'll forget about whatever was undefined.

./data3.tex:16: Undefined control sequence.
l.16 \draw
        [gp path] (0.018,1.768)--(0.198,1.768);
The control sequence at the end of the top line
of your error message was never \def'ed. If you have
misspelled it (e.g., `\hobx'), type `I' and the correct
spelling (e.g., `I\hbox'). Otherwise just continue,
and I'll forget about whatever was undefined.

./data3.tex:17: Undefined control sequence.
l.17 \draw
        [gp path] (12.480,1.768)--(12.300,1.768);
The control sequence at the end of the top line
of your error message was never \def'ed. If you have
misspelled it (e.g., `\hobx'), type `I' and the correct
spelling (e.g., `I\hbox'). Otherwise just continue,
and I'll forget about whatever was undefined.

./data3.tex:18: Undefined control sequence.
l.18 \node
        [gp node right] at (-0.166,1.768) {$0.2$};
The control sequence at the end of the top line
of your error message was never \def'ed. If you have
misspelled it (e.g., `\hobx'), type `I' and the correct
spelling (e.g., `I\hbox'). Otherwise just continue,
and I'll forget about whatever was undefined.

./data3.tex:19: Undefined control sequence.
l.19 \draw
        [gp path] (0.018,2.637)--(0.198,2.637);
The control sequence at the end of the top line
of your error message was never \def'ed. If you have
misspelled it (e.g., `\hobx'), type `I' and the correct
spelling (e.g., `I\hbox'). Otherwise just continue,
and I'll forget about whatever was undefined.

./data3.tex:20: Undefined control sequence.
l.20 \draw
        [gp path] (12.480,2.637)--(12.300,2.637);
The control sequence at the end of the top line
of your error message was never \def'ed. If you have
misspelled it (e.g., `\hobx'), type `I' and the correct
spelling (e.g., `I\hbox'). Otherwise just continue,
and I'll forget about whatever was undefined.

./data3.tex:21: Undefined control sequence.
l.21 \node
        [gp node right] at (-0.166,2.637) {$0.3$};
The control sequence at the end of the top line
of your error message was never \def'ed. If you have
misspelled it (e.g., `\hobx'), type `I' and the correct
spelling (e.g., `I\hbox'). Otherwise just continue,
and I'll forget about whatever was undefined.

./data3.tex:22: Undefined control sequence.
l.22 \draw
        [gp path] (0.018,3.506)--(0.198,3.506);
The control sequence at the end of the top line
of your error message was never \def'ed. If you have
misspelled it (e.g., `\hobx'), type `I' and the correct
spelling (e.g., `I\hbox'). Otherwise just continue,
and I'll forget about whatever was undefined.

./data3.tex:23: Undefined control sequence.
l.23 \draw
        [gp path] (12.480,3.506)--(12.300,3.506);
The control sequence at the end of the top line
of your error message was never \def'ed. If you have
misspelled it (e.g., `\hobx'), type `I' and the correct
spelling (e.g., `I\hbox'). Otherwise just continue,
and I'll forget about whatever was undefined.

./data3.tex:24: Undefined control sequence.
l.24 \node
        [gp node right] at (-0.166,3.506) {$0.4$};
The control sequence at the end of the top line
of your error message was never \def'ed. If you have
misspelled it (e.g., `\hobx'), type `I' and the correct
spelling (e.g., `I\hbox'). Otherwise just continue,
and I'll forget about whatever was undefined.

./data3.tex:25: Undefined control sequence.
l.25 \draw
        [gp path] (0.018,4.375)--(0.198,4.375);
The control sequence at the end of the top line
of your error message was never \def'ed. If you have
misspelled it (e.g., `\hobx'), type `I' and the correct
spelling (e.g., `I\hbox'). Otherwise just continue,
and I'll forget about whatever was undefined.

./data3.tex:26: Undefined control sequence.
l.26 \draw
        [gp path] (12.480,4.375)--(12.300,4.375);
The control sequence at the end of the top line
of your error message was never \def'ed. If you have
misspelled it (e.g., `\hobx'), type `I' and the correct
spelling (e.g., `I\hbox'). Otherwise just continue,
and I'll forget about whatever was undefined.

./data3.tex:27: Undefined control sequence.
l.27 \node
        [gp node right] at (-0.166,4.375) {$0.5$};
The control sequence at the end of the top line
of your error message was never \def'ed. If you have
misspelled it (e.g., `\hobx'), type `I' and the correct
spelling (e.g., `I\hbox'). Otherwise just continue,
and I'll forget about whatever was undefined.

./data3.tex:28: Undefined control sequence.
l.28 \draw
        [gp path] (0.018,5.243)--(0.198,5.243);
The control sequence at the end of the top line
of your error message was never \def'ed. If you have
misspelled it (e.g., `\hobx'), type `I' and the correct
spelling (e.g., `I\hbox'). Otherwise just continue,
and I'll forget about whatever was undefined.

./data3.tex:29: Undefined control sequence.
l.29 \draw
        [gp path] (12.480,5.243)--(12.300,5.243);
The control sequence at the end of the top line
of your error message was never \def'ed. If you have
misspelled it (e.g., `\hobx'), type `I' and the correct
spelling (e.g., `I\hbox'). Otherwise just continue,
and I'll forget about whatever was undefined.

./data3.tex:30: Undefined control sequence.
l.30 \node
        [gp node right] at (-0.166,5.243) {$0.6$};
The control sequence at the end of the top line
of your error message was never \def'ed. If you have
misspelled it (e.g., `\hobx'), type `I' and the correct
spelling (e.g., `I\hbox'). Otherwise just continue,
and I'll forget about whatever was undefined.

./data3.tex:31: Undefined control sequence.
l.31 \draw
        [gp path] (0.018,6.112)--(0.198,6.112);
The control sequence at the end of the top line
of your error message was never \def'ed. If you have
misspelled it (e.g., `\hobx'), type `I' and the correct
spelling (e.g., `I\hbox'). Otherwise just continue,
and I'll forget about whatever was undefined.

./data3.tex:32: Undefined control sequence.
l.32 \draw
        [gp path] (12.480,6.112)--(12.300,6.112);
The control sequence at the end of the top line
of your error message was never \def'ed. If you have
misspelled it (e.g., `\hobx'), type `I' and the correct
spelling (e.g., `I\hbox'). Otherwise just continue,
and I'll forget about whatever was undefined.

./data3.tex:33: Undefined control sequence.
l.33 \node
        [gp node right] at (-0.166,6.112) {$0.7$};
The control sequence at the end of the top line
of your error message was never \def'ed. If you have
misspelled it (e.g., `\hobx'), type `I' and the correct
spelling (e.g., `I\hbox'). Otherwise just continue,
and I'll forget about whatever was undefined.

./data3.tex:34: Undefined control sequence.
l.34 \draw
        [gp path] (0.018,6.981)--(0.198,6.981);
The control sequence at the end of the top line
of your error message was never \def'ed. If you have
misspelled it (e.g., `\hobx'), type `I' and the correct
spelling (e.g., `I\hbox'). Otherwise just continue,
and I'll forget about whatever was undefined.

./data3.tex:35: Undefined control sequence.
l.35 \draw
        [gp path] (12.480,6.981)--(12.300,6.981);
The control sequence at the end of the top line
of your error message was never \def'ed. If you have
misspelled it (e.g., `\hobx'), type `I' and the correct
spelling (e.g., `I\hbox'). Otherwise just continue,
and I'll forget about whatever was undefined.

./data3.tex:36: Undefined control sequence.
l.36 \node
        [gp node right] at (-0.166,6.981) {$0.8$};
The control sequence at the end of the top line
of your error message was never \def'ed. If you have
misspelled it (e.g., `\hobx'), type `I' and the correct
spelling (e.g., `I\hbox'). Otherwise just continue,
and I'll forget about whatever was undefined.

./data3.tex:37: Undefined control sequence.
l.37 \draw
        [gp path] (0.018,7.849)--(0.198,7.849);
The control sequence at the end of the top line
of your error message was never \def'ed. If you have
misspelled it (e.g., `\hobx'), type `I' and the correct
spelling (e.g., `I\hbox'). Otherwise just continue,
and I'll forget about whatever was undefined.

./data3.tex:38: Undefined control sequence.
l.38 \draw
        [gp path] (12.480,7.849)--(12.300,7.849);
The control sequence at the end of the top line
of your error message was never \def'ed. If you have
misspelled it (e.g., `\hobx'), type `I' and the correct
spelling (e.g., `I\hbox'). Otherwise just continue,
and I'll forget about whatever was undefined.

./data3.tex:39: Undefined control sequence.
l.39 \node
        [gp node right] at (-0.166,7.849) {$0.9$};
The control sequence at the end of the top line
of your error message was never \def'ed. If you have
misspelled it (e.g., `\hobx'), type `I' and the correct
spelling (e.g., `I\hbox'). Otherwise just continue,
and I'll forget about whatever was undefined.

./data3.tex:40: Undefined control sequence.
l.40 \draw
        [gp path] (0.018,8.718)--(0.198,8.718);
The control sequence at the end of the top line
of your error message was never \def'ed. If you have
misspelled it (e.g., `\hobx'), type `I' and the correct
spelling (e.g., `I\hbox'). Otherwise just continue,
and I'll forget about whatever was undefined.

./data3.tex:41: Undefined control sequence.
l.41 \draw
        [gp path] (12.480,8.718)--(12.300,8.718);
The control sequence at the end of the top line
of your error message was never \def'ed. If you have
misspelled it (e.g., `\hobx'), type `I' and the correct
spelling (e.g., `I\hbox'). Otherwise just continue,
and I'll forget about whatever was undefined.

./data3.tex:42: Undefined control sequence.
l.42 \node
        [gp node right] at (-0.166,8.718) {$1$};
The control sequence at the end of the top line
of your error message was never \def'ed. If you have
misspelled it (e.g., `\hobx'), type `I' and the correct
spelling (e.g., `I\hbox'). Otherwise just continue,
and I'll forget about whatever was undefined.

./data3.tex:43: Undefined control sequence.
l.43 \draw
        [gp path] (0.018,0.031)--(0.018,0.211);
The control sequence at the end of the top line
of your error message was never \def'ed. If you have
misspelled it (e.g., `\hobx'), type `I' and the correct
spelling (e.g., `I\hbox'). Otherwise just continue,
and I'll forget about whatever was undefined.

./data3.tex:44: Undefined control sequence.
l.44 \draw
        [gp path] (0.018,8.718)--(0.018,8.538);
The control sequence at the end of the top line
of your error message was never \def'ed. If you have
misspelled it (e.g., `\hobx'), type `I' and the correct
spelling (e.g., `I\hbox'). Otherwise just continue,
and I'll forget about whatever was undefined.

./data3.tex:45: Undefined control sequence.
l.45 \node
        [gp node center] at (0.018,-0.277) {$1200$};
The control sequence at the end of the top line
of your error message was never \def'ed. If you have
misspelled it (e.g., `\hobx'), type `I' and the correct
spelling (e.g., `I\hbox'). Otherwise just continue,
and I'll forget about whatever was undefined.

./data3.tex:46: Undefined control sequence.
l.46 \draw
        [gp path] (1.576,0.031)--(1.576,0.211);
The control sequence at the end of the top line
of your error message was never \def'ed. If you have
misspelled it (e.g., `\hobx'), type `I' and the correct
spelling (e.g., `I\hbox'). Otherwise just continue,
and I'll forget about whatever was undefined.

./data3.tex:47: Undefined control sequence.
l.47 \draw
        [gp path] (1.576,8.718)--(1.576,8.538);
The control sequence at the end of the top line
of your error message was never \def'ed. If you have
misspelled it (e.g., `\hobx'), type `I' and the correct
spelling (e.g., `I\hbox'). Otherwise just continue,
and I'll forget about whatever was undefined.

./data3.tex:48: Undefined control sequence.
l.48 \node
        [gp node center] at (1.576,-0.277) {$1250$};
The control sequence at the end of the top line
of your error message was never \def'ed. If you have
misspelled it (e.g., `\hobx'), type `I' and the correct
spelling (e.g., `I\hbox'). Otherwise just continue,
and I'll forget about whatever was undefined.

./data3.tex:49: Undefined control sequence.
l.49 \draw
        [gp path] (3.134,0.031)--(3.134,0.211);
The control sequence at the end of the top line
of your error message was never \def'ed. If you have
misspelled it (e.g., `\hobx'), type `I' and the correct
spelling (e.g., `I\hbox'). Otherwise just continue,
and I'll forget about whatever was undefined.

./data3.tex:50: Undefined control sequence.
l.50 \draw
        [gp path] (3.134,8.718)--(3.134,8.538);
The control sequence at the end of the top line
of your error message was never \def'ed. If you have
misspelled it (e.g., `\hobx'), type `I' and the correct
spelling (e.g., `I\hbox'). Otherwise just continue,
and I'll forget about whatever was undefined.

./data3.tex:51: Undefined control sequence.
l.51 \node
        [gp node center] at (3.134,-0.277) {$1300$};
The control sequence at the end of the top line
of your error message was never \def'ed. If you have
misspelled it (e.g., `\hobx'), type `I' and the correct
spelling (e.g., `I\hbox'). Otherwise just continue,
and I'll forget about whatever was undefined.

./data3.tex:52: Undefined control sequence.
l.52 \draw
        [gp path] (4.691,0.031)--(4.691,0.211);
The control sequence at the end of the top line
of your error message was never \def'ed. If you have
misspelled it (e.g., `\hobx'), type `I' and the correct
spelling (e.g., `I\hbox'). Otherwise just continue,
and I'll forget about whatever was undefined.

./data3.tex:53: Undefined control sequence.
l.53 \draw
        [gp path] (4.691,8.718)--(4.691,8.538);
The control sequence at the end of the top line
of your error message was never \def'ed. If you have
misspelled it (e.g., `\hobx'), type `I' and the correct
spelling (e.g., `I\hbox'). Otherwise just continue,
and I'll forget about whatever was undefined.

./data3.tex:54: Undefined control sequence.
l.54 \node
        [gp node center] at (4.691,-0.277) {$1350$};
The control sequence at the end of the top line
of your error message was never \def'ed. If you have
misspelled it (e.g., `\hobx'), type `I' and the correct
spelling (e.g., `I\hbox'). Otherwise just continue,
and I'll forget about whatever was undefined.

./data3.tex:55: Undefined control sequence.
l.55 \draw
        [gp path] (6.249,0.031)--(6.249,0.211);
The control sequence at the end of the top line
of your error message was never \def'ed. If you have
misspelled it (e.g., `\hobx'), type `I' and the correct
spelling (e.g., `I\hbox'). Otherwise just continue,
and I'll forget about whatever was undefined.

./data3.tex:56: Undefined control sequence.
l.56 \draw
        [gp path] (6.249,8.718)--(6.249,8.538);
The control sequence at the end of the top line
of your error message was never \def'ed. If you have
misspelled it (e.g., `\hobx'), type `I' and the correct
spelling (e.g., `I\hbox'). Otherwise just continue,
and I'll forget about whatever was undefined.

./data3.tex:57: Undefined control sequence.
l.57 \node
        [gp node center] at (6.249,-0.277) {$1400$};
The control sequence at the end of the top line
of your error message was never \def'ed. If you have
misspelled it (e.g., `\hobx'), type `I' and the correct
spelling (e.g., `I\hbox'). Otherwise just continue,
and I'll forget about whatever was undefined.

./data3.tex:58: Undefined control sequence.
l.58 \draw
        [gp path] (7.807,0.031)--(7.807,0.211);
The control sequence at the end of the top line
of your error message was never \def'ed. If you have
misspelled it (e.g., `\hobx'), type `I' and the correct
spelling (e.g., `I\hbox'). Otherwise just continue,
and I'll forget about whatever was undefined.

./data3.tex:59: Undefined control sequence.
l.59 \draw
        [gp path] (7.807,8.718)--(7.807,8.538);
The control sequence at the end of the top line
of your error message was never \def'ed. If you have
misspelled it (e.g., `\hobx'), type `I' and the correct
spelling (e.g., `I\hbox'). Otherwise just continue,
and I'll forget about whatever was undefined.

./data3.tex:60: Undefined control sequence.
l.60 \node
        [gp node center] at (7.807,-0.277) {$1450$};
The control sequence at the end of the top line
of your error message was never \def'ed. If you have
misspelled it (e.g., `\hobx'), type `I' and the correct
spelling (e.g., `I\hbox'). Otherwise just continue,
and I'll forget about whatever was undefined.

./data3.tex:61: Undefined control sequence.
l.61 \draw
        [gp path] (9.365,0.031)--(9.365,0.211);
The control sequence at the end of the top line
of your error message was never \def'ed. If you have
misspelled it (e.g., `\hobx'), type `I' and the correct
spelling (e.g., `I\hbox'). Otherwise just continue,
and I'll forget about whatever was undefined.

./data3.tex:62: Undefined control sequence.
l.62 \draw
        [gp path] (9.365,8.718)--(9.365,8.538);
The control sequence at the end of the top line
of your error message was never \def'ed. If you have
misspelled it (e.g., `\hobx'), type `I' and the correct
spelling (e.g., `I\hbox'). Otherwise just continue,
and I'll forget about whatever was undefined.

./data3.tex:63: Undefined control sequence.
l.63 \node
        [gp node center] at (9.365,-0.277) {$1500$};
The control sequence at the end of the top line
of your error message was never \def'ed. If you have
misspelled it (e.g., `\hobx'), type `I' and the correct
spelling (e.g., `I\hbox'). Otherwise just continue,
and I'll forget about whatever was undefined.

./data3.tex:64: Undefined control sequence.
l.64 \draw
        [gp path] (10.922,0.031)--(10.922,0.211);
The control sequence at the end of the top line
of your error message was never \def'ed. If you have
misspelled it (e.g., `\hobx'), type `I' and the correct
spelling (e.g., `I\hbox'). Otherwise just continue,
and I'll forget about whatever was undefined.

./data3.tex:65: Undefined control sequence.
l.65 \draw
        [gp path] (10.922,8.718)--(10.922,8.538);
The control sequence at the end of the top line
of your error message was never \def'ed. If you have
misspelled it (e.g., `\hobx'), type `I' and the correct
spelling (e.g., `I\hbox'). Otherwise just continue,
and I'll forget about whatever was undefined.

./data3.tex:66: Undefined control sequence.
l.66 \node
        [gp node center] at (10.922,-0.277) {$1550$};
The control sequence at the end of the top line
of your error message was never \def'ed. If you have
misspelled it (e.g., `\hobx'), type `I' and the correct
spelling (e.g., `I\hbox'). Otherwise just continue,
and I'll forget about whatever was undefined.

./data3.tex:67: Undefined control sequence.
l.67 \draw
        [gp path] (12.480,0.031)--(12.480,0.211);
The control sequence at the end of the top line
of your error message was never \def'ed. If you have
misspelled it (e.g., `\hobx'), type `I' and the correct
spelling (e.g., `I\hbox'). Otherwise just continue,
and I'll forget about whatever was undefined.

./data3.tex:68: Undefined control sequence.
l.68 \draw
        [gp path] (12.480,8.718)--(12.480,8.538);
The control sequence at the end of the top line
of your error message was never \def'ed. If you have
misspelled it (e.g., `\hobx'), type `I' and the correct
spelling (e.g., `I\hbox'). Otherwise just continue,
and I'll forget about whatever was undefined.

./data3.tex:69: Undefined control sequence.
l.69 \node
        [gp node center] at (12.480,-0.277) {$1600$};
The control sequence at the end of the top line
of your error message was never \def'ed. If you have
misspelled it (e.g., `\hobx'), type `I' and the correct
spelling (e.g., `I\hbox'). Otherwise just continue,
and I'll forget about whatever was undefined.

./data3.tex:70: Undefined control sequence.
l.70 \draw
        [gp path] (0.018,8.718)--(0.018,0.031)--(12.480,0.031)--(12.480,8.71...
The control sequence at the end of the top line
of your error message was never \def'ed. If you have
misspelled it (e.g., `\hobx'), type `I' and the correct
spelling (e.g., `I\hbox'). Otherwise just continue,
and I'll forget about whatever was undefined.

./data3.tex:71: Undefined control sequence.
l.71 \node
        [gp node center,rotate=-270,font={\fontsize{17.0pt}{20.4pt}\selectfo...
The control sequence at the end of the top line
of your error message was never \def'ed. If you have
misspelled it (e.g., `\hobx'), type `I' and the correct
spelling (e.g., `I\hbox'). Otherwise just continue,
and I'll forget about whatever was undefined.

luaotfload | db : Font names database loaded from /Users/hiraiyuuware/Library/texlive/2023/texmf-var/luatex-cache/generic/names/luaotfload-names.luc.gz
./data3.tex:72: Undefined control sequence.
l.72 \node
        [gp node center,font={\fontsize{17.0pt}{20.4pt}\selectfont}] at (6.2...
The control sequence at the end of the top line
of your error message was never \def'ed. If you have
misspelled it (e.g., `\hobx'), type `I' and the correct
spelling (e.g., `I\hbox'). Otherwise just continue,
and I'll forget about whatever was undefined.

./data3.tex:72: Undefined control sequence.
<argument> \upmu 
      m
l.72 ...(6.249,-1.046) {距離$\ /\ \mathrm{\upmu m}
                                                  $};
The control sequence at the end of the top line
of your error message was never \def'ed. If you have
misspelled it (e.g., `\hobx'), type `I' and the correct
spelling (e.g., `I\hbox'). Otherwise just continue,
and I'll forget about whatever was undefined.

./data3.tex:73: Undefined control sequence.
l.73 \gpcolor
           {rgb color={0.000,0.000,0.000}}
The control sequence at the end of the top line
of your error message was never \def'ed. If you have
misspelled it (e.g., `\hobx'), type `I' and the correct
spelling (e.g., `I\hbox'). Otherwise just continue,
and I'll forget about whatever was undefined.

./data3.tex:74: Undefined control sequence.
l.74 \draw
        [gp path] (0.018,0.406)--(0.064,0.436)--(0.110,0.401)--(0.156,0.380)...
The control sequence at the end of the top line
of your error message was never \def'ed. If you have
misspelled it (e.g., `\hobx'), type `I' and the correct
spelling (e.g., `I\hbox'). Otherwise just continue,
and I'll forget about whatever was undefined.

./data3.tex:120: Undefined control sequence.
l.120 \gpsetpointsize
                   {1.20}
The control sequence at the end of the top line
of your error message was never \def'ed. If you have
misspelled it (e.g., `\hobx'), type `I' and the correct
spelling (e.g., `I\hbox'). Otherwise just continue,
and I'll forget about whatever was undefined.

./data3.tex:121: Undefined control sequence.
l.121 \gp
       3point{gp mark 7}{}{(0.064,0.436)}
The control sequence at the end of the top line
of your error message was never \def'ed. If you have
misspelled it (e.g., `\hobx'), type `I' and the correct
spelling (e.g., `I\hbox'). Otherwise just continue,
and I'll forget about whatever was undefined.

./data3.tex:122: Undefined control sequence.
l.122 \gp
       3point{gp mark 7}{}{(0.110,0.401)}
The control sequence at the end of the top line
of your error message was never \def'ed. If you have
misspelled it (e.g., `\hobx'), type `I' and the correct
spelling (e.g., `I\hbox'). Otherwise just continue,
and I'll forget about whatever was undefined.

./data3.tex:123: Undefined control sequence.
l.123 \gp
       3point{gp mark 7}{}{(0.156,0.380)}
The control sequence at the end of the top line
of your error message was never \def'ed. If you have
misspelled it (e.g., `\hobx'), type `I' and the correct
spelling (e.g., `I\hbox'). Otherwise just continue,
and I'll forget about whatever was undefined.

./data3.tex:124: Undefined control sequence.
l.124 \gp
       3point{gp mark 7}{}{(0.202,0.397)}
The control sequence at the end of the top line
of your error message was never \def'ed. If you have
misspelled it (e.g., `\hobx'), type `I' and the correct
spelling (e.g., `I\hbox'). Otherwise just continue,
and I'll forget about whatever was undefined.

./data3.tex:125: Undefined control sequence.
l.125 \gp
       3point{gp mark 7}{}{(0.248,0.401)}
The control sequence at the end of the top line
of your error message was never \def'ed. If you have
misspelled it (e.g., `\hobx'), type `I' and the correct
spelling (e.g., `I\hbox'). Otherwise just continue,
and I'll forget about whatever was undefined.

./data3.tex:126: Undefined control sequence.
l.126 \gp
       3point{gp mark 7}{}{(0.294,0.432)}
The control sequence at the end of the top line
of your error message was never \def'ed. If you have
misspelled it (e.g., `\hobx'), type `I' and the correct
spelling (e.g., `I\hbox'). Otherwise just continue,
and I'll forget about whatever was undefined.

./data3.tex:127: Undefined control sequence.
l.127 \gp
       3point{gp mark 7}{}{(0.340,0.414)}
The control sequence at the end of the top line
of your error message was never \def'ed. If you have
misspelled it (e.g., `\hobx'), type `I' and the correct
spelling (e.g., `I\hbox'). Otherwise just continue,
and I'll forget about whatever was undefined.

./data3.tex:128: Undefined control sequence.
l.128 \gp
       3point{gp mark 7}{}{(0.386,0.423)}
The control sequence at the end of the top line
of your error message was never \def'ed. If you have
misspelled it (e.g., `\hobx'), type `I' and the correct
spelling (e.g., `I\hbox'). Otherwise just continue,
and I'll forget about whatever was undefined.

./data3.tex:129: Undefined control sequence.
l.129 \gp
       3point{gp mark 7}{}{(0.431,0.401)}
The control sequence at the end of the top line
of your error message was never \def'ed. If you have
misspelled it (e.g., `\hobx'), type `I' and the correct
spelling (e.g., `I\hbox'). Otherwise just continue,
and I'll forget about whatever was undefined.

./data3.tex:130: Undefined control sequence.
l.130 \gp
       3point{gp mark 7}{}{(0.477,0.423)}
The control sequence at the end of the top line
of your error message was never \def'ed. If you have
misspelled it (e.g., `\hobx'), type `I' and the correct
spelling (e.g., `I\hbox'). Otherwise just continue,
and I'll forget about whatever was undefined.

./data3.tex:131: Undefined control sequence.
l.131 \gp
       3point{gp mark 7}{}{(0.523,0.449)}
The control sequence at the end of the top line
of your error message was never \def'ed. If you have
misspelled it (e.g., `\hobx'), type `I' and the correct
spelling (e.g., `I\hbox'). Otherwise just continue,
and I'll forget about whatever was undefined.

./data3.tex:132: Undefined control sequence.
l.132 \gp
       3point{gp mark 7}{}{(0.569,0.410)}
The control sequence at the end of the top line
of your error message was never \def'ed. If you have
misspelled it (e.g., `\hobx'), type `I' and the correct
spelling (e.g., `I\hbox'). Otherwise just continue,
and I'll forget about whatever was undefined.

./data3.tex:133: Undefined control sequence.
l.133 \gp
       3point{gp mark 7}{}{(0.615,0.397)}
The control sequence at the end of the top line
of your error message was never \def'ed. If you have
misspelled it (e.g., `\hobx'), type `I' and the correct
spelling (e.g., `I\hbox'). Otherwise just continue,
and I'll forget about whatever was undefined.

./data3.tex:134: Undefined control sequence.
l.134 \gp
       3point{gp mark 7}{}{(0.661,0.406)}
The control sequence at the end of the top line
of your error message was never \def'ed. If you have
misspelled it (e.g., `\hobx'), type `I' and the correct
spelling (e.g., `I\hbox'). Otherwise just continue,
and I'll forget about whatever was undefined.

./data3.tex:135: Undefined control sequence.
l.135 \gp
       3point{gp mark 7}{}{(0.707,0.427)}
The control sequence at the end of the top line
of your error message was never \def'ed. If you have
misspelled it (e.g., `\hobx'), type `I' and the correct
spelling (e.g., `I\hbox'). Otherwise just continue,
and I'll forget about whatever was undefined.

./data3.tex:136: Undefined control sequence.
l.136 \gp
       3point{gp mark 7}{}{(0.753,0.419)}
The control sequence at the end of the top line
of your error message was never \def'ed. If you have
misspelled it (e.g., `\hobx'), type `I' and the correct
spelling (e.g., `I\hbox'). Otherwise just continue,
and I'll forget about whatever was undefined.

./data3.tex:137: Undefined control sequence.
l.137 \gp
       3point{gp mark 7}{}{(0.799,0.493)}
The control sequence at the end of the top line
of your error message was never \def'ed. If you have
misspelled it (e.g., `\hobx'), type `I' and the correct
spelling (e.g., `I\hbox'). Otherwise just continue,
and I'll forget about whatever was undefined.

./data3.tex:138: Undefined control sequence.
l.138 \gp
       3point{gp mark 7}{}{(0.845,0.454)}
The control sequence at the end of the top line
of your error message was never \def'ed. If you have
misspelled it (e.g., `\hobx'), type `I' and the correct
spelling (e.g., `I\hbox'). Otherwise just continue,
and I'll forget about whatever was undefined.

./data3.tex:139: Undefined control sequence.
l.139 \gp
       3point{gp mark 7}{}{(0.891,0.419)}
The control sequence at the end of the top line
of your error message was never \def'ed. If you have
misspelled it (e.g., `\hobx'), type `I' and the correct
spelling (e.g., `I\hbox'). Otherwise just continue,
and I'll forget about whatever was undefined.

./data3.tex:140: Undefined control sequence.
l.140 \gp
       3point{gp mark 7}{}{(0.937,0.419)}
The control sequence at the end of the top line
of your error message was never \def'ed. If you have
misspelled it (e.g., `\hobx'), type `I' and the correct
spelling (e.g., `I\hbox'). Otherwise just continue,
and I'll forget about whatever was undefined.

./data3.tex:141: Undefined control sequence.
l.141 \gp
       3point{gp mark 7}{}{(0.983,0.397)}
The control sequence at the end of the top line
of your error message was never \def'ed. If you have
misspelled it (e.g., `\hobx'), type `I' and the correct
spelling (e.g., `I\hbox'). Otherwise just continue,
and I'll forget about whatever was undefined.

./data3.tex:142: Undefined control sequence.
l.142 \gp
       3point{gp mark 7}{}{(1.029,0.432)}
The control sequence at the end of the top line
of your error message was never \def'ed. If you have
misspelled it (e.g., `\hobx'), type `I' and the correct
spelling (e.g., `I\hbox'). Otherwise just continue,
and I'll forget about whatever was undefined.

./data3.tex:143: Undefined control sequence.
l.143 \gp
       3point{gp mark 7}{}{(1.075,0.393)}
The control sequence at the end of the top line
of your error message was never \def'ed. If you have
misspelled it (e.g., `\hobx'), type `I' and the correct
spelling (e.g., `I\hbox'). Otherwise just continue,
and I'll forget about whatever was undefined.

./data3.tex:144: Undefined control sequence.
l.144 \gp
       3point{gp mark 7}{}{(1.121,0.410)}
The control sequence at the end of the top line
of your error message was never \def'ed. If you have
misspelled it (e.g., `\hobx'), type `I' and the correct
spelling (e.g., `I\hbox'). Otherwise just continue,
and I'll forget about whatever was undefined.

./data3.tex:145: Undefined control sequence.
l.145 \gp
       3point{gp mark 7}{}{(1.167,0.393)}
The control sequence at the end of the top line
of your error message was never \def'ed. If you have
misspelled it (e.g., `\hobx'), type `I' and the correct
spelling (e.g., `I\hbox'). Otherwise just continue,
and I'll forget about whatever was undefined.

./data3.tex:146: Undefined control sequence.
l.146 \gp
       3point{gp mark 7}{}{(1.213,0.475)}
(That makes 100 errors; please try again.)

Here is how much of LuaTeX's memory you used:
 24 strings out of 478285
 100000,1977958 words of node,token memory allocated
 54433 words of node memory still in use:
   2 hlist, 1 local_par, 1 dir, 42 math, 355 glue, 3 kern, 7285 glyph, 88 attribute, 39 glue_spec, 88 attribute_list, 1 temp nodes
   avail lists: 3:4,4:1,5:5,8:4,9:2
 20348 multiletter control sequences out of 65536+600000
 25 fonts using 1345055 bytes
 18i,2n,12p,152b,66s stack positions out of 10000i,1000n,20000p,200000b,200000s
./data3.tex:146:  ==> Fatal error occurred, no output PDF file produced!
