\BOOKMARK [1][-]{section.1}{\376\377\000I\000n\000t\000r\000o\000d\000u\000c\000t\000i\000o\000n}{}% 1
\BOOKMARK [1][-]{section.2}{\376\377\000B\000a\000s\000i\000c\000s\000\040\000o\000f\000\040\000Q\000u\000a\000n\000t\000u\000m\000\040\000C\000o\000m\000p\000u\000t\000a\000t\000i\000o\000n}{}% 2
\BOOKMARK [2][-]{subsection.2.1}{\376\377\000Q\000u\000b\000i\000t\000s}{section.2}% 3
\BOOKMARK [2][-]{subsection.2.2}{\376\377\000G\000a\000t\000e\000s}{section.2}% 4
\BOOKMARK [1][-]{section.3}{\376\377\000S\000t\000a\000b\000i\000l\000i\000z\000e\000r\000\040\000F\000o\000r\000m\000a\000l\000i\000s\000m\000\040}{}% 5
\BOOKMARK [2][-]{subsection.3.1}{\376\377\000I\000n\000t\000r\000o\000d\000u\000c\000t\000i\000o\000n\000\040\000t\000o\000\040\000E\000r\000r\000o\000r\000\040\000C\000o\000r\000r\000e\000c\000t\000i\000o\000n}{section.3}% 6
\BOOKMARK [2][-]{subsection.3.2}{\376\377\000E\000r\000r\000o\000r\000\040\000C\000o\000r\000r\000e\000c\000t\000i\000o\000n\000\040\000B\000e\000y\000o\000n\000d\000\040\000C\000l\000a\000s\000s\000i\000c\000a\000l\000\040\000O\000n\000e\000s}{section.3}% 7
\BOOKMARK [2][-]{subsection.3.3}{\376\377\000S\000t\000a\000b\000i\000l\000i\000z\000e\000r}{section.3}% 8
\BOOKMARK [2][-]{subsection.3.4}{\376\377\000E\000r\000r\000o\000r\000\040\000D\000e\000t\000c\000t\000i\000o\000n}{section.3}% 9
\BOOKMARK [1][-]{section.4}{\376\377\000S\000u\000r\000f\000a\000c\000e\000\040\000C\000o\000d\000e}{}% 10
\BOOKMARK [2][-]{subsection.4.1}{\376\377\000S\000u\000r\000f\000a\000c\000e\000\040\000C\000o\000d\000e\000\040\000o\000n\000\040\000t\000h\000e\000\040\000T\000o\000r\000u\000s}{section.4}% 11
\BOOKMARK [2][-]{subsection.4.2}{\376\377\000S\000u\000r\000f\000a\000c\000e\000\040\000C\000o\000d\000e\000\040\000o\000n\000\040\000t\000h\000e\000\040\000P\000l\000a\000n\000a\000r}{section.4}% 12
\BOOKMARK [1][-]{section.5}{\376\377\000L\000a\000t\000t\000i\000c\000e\000\040\000S\000u\000r\000g\000e\000r\000y}{}% 13
\BOOKMARK [2][-]{subsection.5.1}{\376\377\000M\000e\000r\000g\000i\000n\000g}{section.5}% 14
\BOOKMARK [2][-]{subsection.5.2}{\376\377\000S\000p\000l\000i\000t\000t\000i\000n\000g}{section.5}% 15
\BOOKMARK [2][-]{subsection.5.3}{\376\377\000L\000o\000g\000i\000c\000a\000l\000\040\000C\000N\000O\000T\000\040\000G\000a\000t\000e}{section.5}% 16
\BOOKMARK [1][-]{section.6}{\376\377\000L\000o\000o\000p\000e\000d\000\040\000P\000i\000p\000e\000l\000i\000n\000e\000\040\000A\000r\000c\000h\000i\000t\000e\000c\000t\000u\000r\000e}{}% 17
\BOOKMARK [2][-]{subsection.6.1}{\376\377\000C\000l\000a\000s\000s\000i\000c\000a\000l\000\040\000L\000i\000n\000e\000a\000r\000\040\000P\000i\000p\000e\000l\000i\000n\000e}{section.6}% 18
\BOOKMARK [2][-]{subsection.6.2}{\376\377\000L\000o\000o\000p\000e\000d\000\040\000Q\000u\000b\000i\000t\000\040\000P\000i\000p\000e\000l\000i\000n\000e}{section.6}% 19
\BOOKMARK [1][-]{section.7}{\376\377\000P\000s\000e\000u\000d\000o\000-\000t\000h\000r\000e\000e\000\040\000d\000i\000m\000e\000n\000s\000i\000o\000n\000a\000l\000\040\000S\000u\000r\000f\000a\000c\000e\000\040\000C\000o\000d\000e}{}% 20
\BOOKMARK [2][-]{subsection.7.1}{\376\377\000Q\000u\000a\000n\000t\000u\000m\000\040\000P\000r\000o\000c\000e\000s\000s\000o\000r}{section.7}% 21
\BOOKMARK [2][-]{subsection.7.2}{\376\377\000P\000s\000e\000u\000d\000o\000\040\000T\000h\000r\000e\000e\000-\000d\000i\000m\000e\000n\000s\000i\000o\000n\000a\000l\000\040\000S\000u\000r\000f\000a\000c\000e\000\040\000C\000o\000d\000e}{section.7}% 22
\BOOKMARK [2][-]{subsection.7.3}{\376\377\000L\000a\000t\000t\000i\000c\000e\000\040\000S\000u\000r\000g\000e\000r\000y\000\040\000R\000o\000u\000t\000i\000n\000g}{section.7}% 23
\BOOKMARK [1][-]{section.8}{\376\377\000P\000l\000a\000c\000e\000m\000e\000n\000t\000\040\000O\000p\000t\000i\000m\000i\000z\000a\000t\000i\000o\000n}{}% 24
\BOOKMARK [2][-]{subsection.8.1}{\376\377\000M\000a\000p\000p\000i\000n\000g\000\040\000t\000h\000e\000\040\000C\000i\000r\000c\000u\000i\000t\000\040\000t\000o\000\040\000t\000h\000e\000\040\000G\000r\000a\000p\000h}{section.8}% 25
\BOOKMARK [2][-]{subsection.8.2}{\376\377\000P\000o\000t\000e\000n\000t\000i\000a\000l\000\040\000E\000n\000e\000r\000g\000y\000\040\000M\000o\000d\000e\000l}{section.8}% 26
\BOOKMARK [1][-]{section.9}{\376\377\000R\000e\000s\000u\000l\000t\000s}{}% 27
\BOOKMARK [1][-]{section.10}{\376\377\000C\000o\000n\000c\000l\000u\000s\000i\000o\000n\000\040\000a\000n\000d\000\040\000F\000u\000t\000u\000r\000e\000\040\000W\000o\000r\000k\000s}{}% 28
